<?xml version="1.0" encoding="UTF-8"?>
<robot generator="Robot 7.0 (Python 3.11.4 on win32)" generated="2026-04-07T19:08:44.911941" rpa="false" schemaversion="5">
<suite id="s1" name="Suites" source="C:\Users\baile\Documents\Coding_spaces\Project\inventory_software\backend\tests\system-tests\suites">
<suite id="s1-s1" name="01 Auth" source="C:\Users\baile\Documents\Coding_spaces\Project\inventory_software\backend\tests\system-tests\suites\01_auth.robot">
<kw name="Create API Session" owner="common" type="SETUP">
<kw name="Create Session" owner="RequestsLibrary">
<msg time="2026-04-07T19:08:45.313068" level="INFO">Creating Session using : alias=api, url=http://localhost:3000, headers={},                     cookies={}, auth=None, timeout=None, proxies=None, verify=False,                     debug=0 </msg>
<arg>api</arg>
<arg>${BASE_URL}</arg>
<arg>verify=false</arg>
<doc>Create Session: create a HTTP session to a server</doc>
<status status="PASS" start="2026-04-07T19:08:45.312052" elapsed="0.001016"/>
</kw>
<doc>Create a base RequestsLibrary session pointing at the backend.</doc>
<status status="PASS" start="2026-04-07T19:08:45.312052" elapsed="0.001016"/>
</kw>
<test id="s1-s1-t1" name="Login With Valid Admin Credentials Returns Token And User" line="11">
<kw name="Create Dictionary" owner="BuiltIn">
<msg time="2026-04-07T19:08:45.314063" level="INFO">${body} = {'email': 'testadmin@gmail.com', 'password': 'admin123'}</msg>
<var>${body}</var>
<arg>email=${ADMIN_EMAIL}</arg>
<arg>password=${ADMIN_PASSWORD}</arg>
<doc>Creates and returns a dictionary based on the given ``items``.</doc>
<status status="PASS" start="2026-04-07T19:08:45.313068" elapsed="0.000995"/>
</kw>
<kw name="POST On Session" owner="RequestsLibrary">
<msg time="2026-04-07T19:08:48.754777" level="INFO">POST Request : url=http://localhost:3000/api/auth/login 
 path_url=/api/auth/login 
 headers={'User-Agent': 'python-requests/2.32.3', 'Accept-Encoding': 'gzip, deflate', 'Accept': '*/*', 'Connection': 'keep-alive', 'Content-Length': '56', 'Content-Type': 'application/json'} 
 body=b'{"email": "testadmin@gmail.com", "password": "admin123"}' 
 </msg>
<msg time="2026-04-07T19:08:48.754777" level="INFO">POST Response : url=http://localhost:3000/api/auth/login 
 status=200, reason=OK 
 headers={'date': 'Tue, 07 Apr 2026 12:08:46 GMT', 'server': 'uvicorn', 'content-length': '362', 'content-type': 'application/json'} 
 body={"access_token":"eyJhbGciOiJIUzI1NiIsInR5cCI6IkpXVCJ9.eyJzdWIiOiIxIiwicm9sZSI6ImFkbWluIiwiZXhwIjoxNzc1NjUwMTI4LCJpYXQiOjE3NzU1NjM3Mjh9.o9KwV0lypuHuzhiLglgKP_VOLgDzEPX35CUBFO8QJBQ","token_type":"bearer","user":{"id":1,"name":"Admin","email":"testadmin@gmail.com","role":"admin","card_id":"51D7FAA9","is_blacklist":false,"created_at":"2026-04-01T07:51:28.684392"}} 
 </msg>
<msg time="2026-04-07T19:08:48.754777" level="INFO">${resp} = &lt;Response [200]&gt;</msg>
<var>${resp}</var>
<arg>api</arg>
<arg>/api/auth/login</arg>
<arg>json=${body}</arg>
<doc>Sends a POST request on a previously created HTTP Session.</doc>
<status status="PASS" start="2026-04-07T19:08:45.314063" elapsed="3.440714"/>
</kw>
<kw name="Response Should Be OK" owner="common">
<kw name="Should Be Equal As Integers" owner="BuiltIn">
<msg time="2026-04-07T19:08:48.755827" level="INFO">Argument types are:
&lt;class 'int'&gt;
&lt;class 'str'&gt;</msg>
<arg>${response.status_code}</arg>
<arg>200</arg>
<doc>Fails if objects are unequal after converting them to integers.</doc>
<status status="PASS" start="2026-04-07T19:08:48.755827" elapsed="0.000000"/>
</kw>
<arg>${resp}</arg>
<status status="PASS" start="2026-04-07T19:08:48.755827" elapsed="0.000000"/>
</kw>
<kw name="Set Variable" owner="BuiltIn">
<msg time="2026-04-07T19:08:48.756782" level="INFO">${json} = {'access_token': 'eyJhbGciOiJIUzI1NiIsInR5cCI6IkpXVCJ9.eyJzdWIiOiIxIiwicm9sZSI6ImFkbWluIiwiZXhwIjoxNzc1NjUwMTI4LCJpYXQiOjE3NzU1NjM3Mjh9.o9KwV0lypuHuzhiLglgKP_VOLgDzEPX35CUBFO8QJBQ', 'token_type': 'bea...</msg>
<var>${json}</var>
<arg>${resp.json()}</arg>
<doc>Returns the given values which can then be assigned to a variables.</doc>
<status status="PASS" start="2026-04-07T19:08:48.756782" elapsed="0.000000"/>
</kw>
<kw name="Dictionary Should Contain Key" owner="Collections">
<msg time="2026-04-07T19:08:48.756782" level="INFO">False</msg>
<arg>${json}</arg>
<arg>access_token</arg>
<doc>Fails if ``key`` is not found from ``dictionary``.</doc>
<status status="PASS" start="2026-04-07T19:08:48.756782" elapsed="0.000000"/>
</kw>
<kw name="Dictionary Should Contain Key" owner="Collections">
<msg time="2026-04-07T19:08:48.757777" level="INFO">False</msg>
<arg>${json}</arg>
<arg>user</arg>
<doc>Fails if ``key`` is not found from ``dictionary``.</doc>
<status status="PASS" start="2026-04-07T19:08:48.757777" elapsed="0.000000"/>
</kw>
<kw name="Should Be Equal" owner="BuiltIn">
<arg>${json}[user][email]</arg>
<arg>${ADMIN_EMAIL}</arg>
<doc>Fails if the given objects are unequal.</doc>
<status status="PASS" start="2026-04-07T19:08:48.757777" elapsed="0.000000"/>
</kw>
<kw name="Should Be Equal" owner="BuiltIn">
<arg>${json}[token_type]</arg>
<arg>bearer</arg>
<doc>Fails if the given objects are unequal.</doc>
<status status="PASS" start="2026-04-07T19:08:48.757777" elapsed="0.001002"/>
</kw>
<tag>auth</tag>
<tag>smoke</tag>
<status status="PASS" start="2026-04-07T19:08:45.313068" elapsed="3.445711"/>
</test>
<test id="s1-s1-t2" name="Login With Wrong Password Returns 401" line="24">
<kw name="Create Dictionary" owner="BuiltIn">
<msg time="2026-04-07T19:08:48.759778" level="INFO">${body} = {'email': 'testadmin@gmail.com', 'password': 'wrongpassword'}</msg>
<var>${body}</var>
<arg>email=${ADMIN_EMAIL}</arg>
<arg>password=wrongpassword</arg>
<doc>Creates and returns a dictionary based on the given ``items``.</doc>
<status status="PASS" start="2026-04-07T19:08:48.758779" elapsed="0.000999"/>
</kw>
<kw name="POST On Session" owner="RequestsLibrary">
<msg time="2026-04-07T19:08:50.108356" level="INFO">POST Request : url=http://localhost:3000/api/auth/login 
 path_url=/api/auth/login 
 headers={'User-Agent': 'python-requests/2.32.3', 'Accept-Encoding': 'gzip, deflate', 'Accept': '*/*', 'Connection': 'keep-alive', 'Content-Length': '61', 'Content-Type': 'application/json'} 
 body=b'{"email": "testadmin@gmail.com", "password": "wrongpassword"}' 
 </msg>
<msg time="2026-04-07T19:08:50.108356" level="INFO">POST Response : url=http://localhost:3000/api/auth/login 
 status=401, reason=Unauthorized 
 headers={'date': 'Tue, 07 Apr 2026 12:08:48 GMT', 'server': 'uvicorn', 'content-length': '38', 'content-type': 'application/json'} 
 body={"detail":"Invalid email or password"} 
 </msg>
<msg time="2026-04-07T19:08:50.108356" level="INFO">${resp} = &lt;Response [401]&gt;</msg>
<var>${resp}</var>
<arg>api</arg>
<arg>/api/auth/login</arg>
<arg>json=${body}</arg>
<arg>expected_status=401</arg>
<doc>Sends a POST request on a previously created HTTP Session.</doc>
<status status="PASS" start="2026-04-07T19:08:48.759778" elapsed="1.348578"/>
</kw>
<kw name="Response Should Be Unauthorized" owner="common">
<kw name="Should Be Equal As Integers" owner="BuiltIn">
<msg time="2026-04-07T19:08:50.110948" level="INFO">Argument types are:
&lt;class 'int'&gt;
&lt;class 'str'&gt;</msg>
<arg>${response.status_code}</arg>
<arg>401</arg>
<doc>Fails if objects are unequal after converting them to integers.</doc>
<status status="PASS" start="2026-04-07T19:08:50.109440" elapsed="0.001508"/>
</kw>
<arg>${resp}</arg>
<status status="PASS" start="2026-04-07T19:08:50.109440" elapsed="0.001508"/>
</kw>
<tag>auth</tag>
<tag>negative</tag>
<status status="PASS" start="2026-04-07T19:08:48.758779" elapsed="1.353178"/>
</test>
<test id="s1-s1-t3" name="Login With Unknown Email Returns 401" line="33">
<kw name="Create Dictionary" owner="BuiltIn">
<msg time="2026-04-07T19:08:50.113958" level="INFO">${body} = {'email': 'nobody@nowhere.com', 'password': 'whatever'}</msg>
<var>${body}</var>
<arg>email=nobody@nowhere.com</arg>
<arg>password=whatever</arg>
<doc>Creates and returns a dictionary based on the given ``items``.</doc>
<status status="PASS" start="2026-04-07T19:08:50.112961" elapsed="0.000997"/>
</kw>
<kw name="POST On Session" owner="RequestsLibrary">
<msg time="2026-04-07T19:08:51.246662" level="INFO">POST Request : url=http://localhost:3000/api/auth/login 
 path_url=/api/auth/login 
 headers={'User-Agent': 'python-requests/2.32.3', 'Accept-Encoding': 'gzip, deflate', 'Accept': '*/*', 'Connection': 'keep-alive', 'Content-Length': '55', 'Content-Type': 'application/json'} 
 body=b'{"email": "nobody@nowhere.com", "password": "whatever"}' 
 </msg>
<msg time="2026-04-07T19:08:51.246662" level="INFO">POST Response : url=http://localhost:3000/api/auth/login 
 status=401, reason=Unauthorized 
 headers={'date': 'Tue, 07 Apr 2026 12:08:49 GMT', 'server': 'uvicorn', 'content-length': '38', 'content-type': 'application/json'} 
 body={"detail":"Invalid email or password"} 
 </msg>
<msg time="2026-04-07T19:08:51.246662" level="INFO">${resp} = &lt;Response [401]&gt;</msg>
<var>${resp}</var>
<arg>api</arg>
<arg>/api/auth/login</arg>
<arg>json=${body}</arg>
<arg>expected_status=401</arg>
<doc>Sends a POST request on a previously created HTTP Session.</doc>
<status status="PASS" start="2026-04-07T19:08:50.113958" elapsed="1.132704"/>
</kw>
<kw name="Response Should Be Unauthorized" owner="common">
<kw name="Should Be Equal As Integers" owner="BuiltIn">
<msg time="2026-04-07T19:08:51.249042" level="INFO">Argument types are:
&lt;class 'int'&gt;
&lt;class 'str'&gt;</msg>
<arg>${response.status_code}</arg>
<arg>401</arg>
<doc>Fails if objects are unequal after converting them to integers.</doc>
<status status="PASS" start="2026-04-07T19:08:51.247653" elapsed="0.001389"/>
</kw>
<arg>${resp}</arg>
<status status="PASS" start="2026-04-07T19:08:51.247653" elapsed="0.001389"/>
</kw>
<tag>auth</tag>
<tag>negative</tag>
<status status="PASS" start="2026-04-07T19:08:50.112961" elapsed="1.136081"/>
</test>
<test id="s1-s1-t4" name="Login With Missing Password Field Returns 422" line="42">
<kw name="Create Dictionary" owner="BuiltIn">
<msg time="2026-04-07T19:08:51.250927" level="INFO">${body} = {'email': 'testadmin@gmail.com'}</msg>
<var>${body}</var>
<arg>email=${ADMIN_EMAIL}</arg>
<doc>Creates and returns a dictionary based on the given ``items``.</doc>
<status status="PASS" start="2026-04-07T19:08:51.250927" elapsed="0.000000"/>
</kw>
<kw name="POST On Session" owner="RequestsLibrary">
<msg time="2026-04-07T19:08:51.256220" level="INFO">POST Request : url=http://localhost:3000/api/auth/login 
 path_url=/api/auth/login 
 headers={'User-Agent': 'python-requests/2.32.3', 'Accept-Encoding': 'gzip, deflate', 'Accept': '*/*', 'Connection': 'keep-alive', 'Content-Length': '32', 'Content-Type': 'application/json'} 
 body=b'{"email": "testadmin@gmail.com"}' 
 </msg>
<msg time="2026-04-07T19:08:51.256220" level="INFO">POST Response : url=http://localhost:3000/api/auth/login 
 status=422, reason=Unprocessable Entity 
 headers={'date': 'Tue, 07 Apr 2026 12:08:50 GMT', 'server': 'uvicorn', 'content-length': '170', 'content-type': 'application/json'} 
 body={"detail":[{"type":"missing","loc":["body","password"],"msg":"Field required","input":{"email":"testadmin@gmail.com"},"url":"https://errors.pydantic.dev/2.5/v/missing"}]} 
 </msg>
<msg time="2026-04-07T19:08:51.257228" level="INFO">${resp} = &lt;Response [422]&gt;</msg>
<var>${resp}</var>
<arg>api</arg>
<arg>/api/auth/login</arg>
<arg>json=${body}</arg>
<arg>expected_status=422</arg>
<doc>Sends a POST request on a previously created HTTP Session.</doc>
<status status="PASS" start="2026-04-07T19:08:51.250927" elapsed="0.006301"/>
</kw>
<kw name="Should Be Equal As Integers" owner="BuiltIn">
<msg time="2026-04-07T19:08:51.258219" level="INFO">Argument types are:
&lt;class 'int'&gt;
&lt;class 'str'&gt;</msg>
<arg>${resp.status_code}</arg>
<arg>422</arg>
<doc>Fails if objects are unequal after converting them to integers.</doc>
<status status="PASS" start="2026-04-07T19:08:51.257228" elapsed="0.000991"/>
</kw>
<tag>auth</tag>
<tag>negative</tag>
<status status="PASS" start="2026-04-07T19:08:51.249927" elapsed="0.008292"/>
</test>
<test id="s1-s1-t5" name="Get Me With Valid Token Returns Current User" line="49">
<kw name="Admin Auth Header" owner="auth">
<kw name="Get Admin Token" owner="auth">
<kw name="Create Dictionary" owner="BuiltIn">
<msg time="2026-04-07T19:08:51.260217" level="INFO">${body} = {'email': 'testadmin@gmail.com', 'password': 'admin123'}</msg>
<var>${body}</var>
<arg>email=${ADMIN_EMAIL}</arg>
<arg>password=${ADMIN_PASSWORD}</arg>
<doc>Creates and returns a dictionary based on the given ``items``.</doc>
<status status="PASS" start="2026-04-07T19:08:51.260217" elapsed="0.000000"/>
</kw>
<kw name="POST On Session" owner="RequestsLibrary">
<msg time="2026-04-07T19:08:52.603907" level="INFO">POST Request : url=http://localhost:3000/api/auth/login 
 path_url=/api/auth/login 
 headers={'User-Agent': 'python-requests/2.32.3', 'Accept-Encoding': 'gzip, deflate', 'Accept': '*/*', 'Connection': 'keep-alive', 'Content-Length': '56', 'Content-Type': 'application/json'} 
 body=b'{"email": "testadmin@gmail.com", "password": "admin123"}' 
 </msg>
<msg time="2026-04-07T19:08:52.603907" level="INFO">POST Response : url=http://localhost:3000/api/auth/login 
 status=200, reason=OK 
 headers={'date': 'Tue, 07 Apr 2026 12:08:50 GMT', 'server': 'uvicorn', 'content-length': '362', 'content-type': 'application/json'} 
 body={"access_token":"eyJhbGciOiJIUzI1NiIsInR5cCI6IkpXVCJ9.eyJzdWIiOiIxIiwicm9sZSI6ImFkbWluIiwiZXhwIjoxNzc1NjUwMTMyLCJpYXQiOjE3NzU1NjM3MzJ9.qYu6RxkYb6uoD50Cz499uVpDdGAJiDhAI0KcA4YHHQE","token_type":"bearer","user":{"id":1,"name":"Admin","email":"testadmin@gmail.com","role":"admin","card_id":"51D7FAA9","is_blacklist":false,"created_at":"2026-04-01T07:51:28.684392"}} 
 </msg>
<msg time="2026-04-07T19:08:52.603907" level="INFO">${resp} = &lt;Response [200]&gt;</msg>
<var>${resp}</var>
<arg>api</arg>
<arg>/api/auth/login</arg>
<arg>json=${body}</arg>
<arg>expected_status=200</arg>
<doc>Sends a POST request on a previously created HTTP Session.</doc>
<status status="PASS" start="2026-04-07T19:08:51.260217" elapsed="1.343690"/>
</kw>
<kw name="Set Variable" owner="BuiltIn">
<msg time="2026-04-07T19:08:52.604883" level="INFO">${token} = eyJhbGciOiJIUzI1NiIsInR5cCI6IkpXVCJ9.eyJzdWIiOiIxIiwicm9sZSI6ImFkbWluIiwiZXhwIjoxNzc1NjUwMTMyLCJpYXQiOjE3NzU1NjM3MzJ9.qYu6RxkYb6uoD50Cz499uVpDdGAJiDhAI0KcA4YHHQE</msg>
<var>${token}</var>
<arg>${resp.json()}[access_token]</arg>
<doc>Returns the given values which can then be assigned to a variables.</doc>
<status status="PASS" start="2026-04-07T19:08:52.603907" elapsed="0.000976"/>
</kw>
<return>
<value>${token}</value>
<status status="PASS" start="2026-04-07T19:08:52.604883" elapsed="0.000000"/>
</return>
<msg time="2026-04-07T19:08:52.604883" level="INFO">${token} = eyJhbGciOiJIUzI1NiIsInR5cCI6IkpXVCJ9.eyJzdWIiOiIxIiwicm9sZSI6ImFkbWluIiwiZXhwIjoxNzc1NjUwMTMyLCJpYXQiOjE3NzU1NjM3MzJ9.qYu6RxkYb6uoD50Cz499uVpDdGAJiDhAI0KcA4YHHQE</msg>
<var>${token}</var>
<doc>POST /api/auth/login with admin credentials.
Returns the raw JWT string.</doc>
<status status="PASS" start="2026-04-07T19:08:51.260217" elapsed="1.344666"/>
</kw>
<kw name="Create Dictionary" owner="BuiltIn">
<msg time="2026-04-07T19:08:52.604883" level="INFO">${headers} = {'Authorization': 'Bearer eyJhbGciOiJIUzI1NiIsInR5cCI6IkpXVCJ9.eyJzdWIiOiIxIiwicm9sZSI6ImFkbWluIiwiZXhwIjoxNzc1NjUwMTMyLCJpYXQiOjE3NzU1NjM3MzJ9.qYu6RxkYb6uoD50Cz499uVpDdGAJiDhAI0KcA4YHHQE'}</msg>
<var>${headers}</var>
<arg>Authorization=Bearer ${token}</arg>
<doc>Creates and returns a dictionary based on the given ``items``.</doc>
<status status="PASS" start="2026-04-07T19:08:52.604883" elapsed="0.000000"/>
</kw>
<return>
<value>${headers}</value>
<status status="PASS" start="2026-04-07T19:08:52.605937" elapsed="0.000000"/>
</return>
<msg time="2026-04-07T19:08:52.605937" level="INFO">${headers} = {'Authorization': 'Bearer eyJhbGciOiJIUzI1NiIsInR5cCI6IkpXVCJ9.eyJzdWIiOiIxIiwicm9sZSI6ImFkbWluIiwiZXhwIjoxNzc1NjUwMTMyLCJpYXQiOjE3NzU1NjM3MzJ9.qYu6RxkYb6uoD50Cz499uVpDdGAJiDhAI0KcA4YHHQE'}</msg>
<var>${headers}</var>
<doc>Returns a headers dict with Authorization: Bearer &lt;admin token&gt;.</doc>
<status status="PASS" start="2026-04-07T19:08:51.260217" elapsed="1.345720"/>
</kw>
<kw name="GET On Session" owner="RequestsLibrary">
<msg time="2026-04-07T19:08:53.795348" level="INFO">GET Request : url=http://localhost:3000/api/auth/me 
 path_url=/api/auth/me 
 headers={'User-Agent': 'python-requests/2.32.3', 'Accept-Encoding': 'gzip, deflate', 'Accept': '*/*', 'Connection': 'keep-alive', 'Authorization': 'Bearer eyJhbGciOiJIUzI1NiIsInR5cCI6IkpXVCJ9.eyJzdWIiOiIxIiwicm9sZSI6ImFkbWluIiwiZXhwIjoxNzc1NjUwMTMyLCJpYXQiOjE3NzU1NjM3MzJ9.qYu6RxkYb6uoD50Cz499uVpDdGAJiDhAI0KcA4YHHQE'} 
 body=None 
 </msg>
<msg time="2026-04-07T19:08:53.795348" level="INFO">GET Response : url=http://localhost:3000/api/auth/me 
 status=200, reason=OK 
 headers={'date': 'Tue, 07 Apr 2026 12:08:51 GMT', 'server': 'uvicorn', 'content-length': '152', 'content-type': 'application/json'} 
 body={"id":1,"name":"Admin","email":"testadmin@gmail.com","role":"admin","card_id":"51D7FAA9","is_blacklist":false,"created_at":"2026-04-01T07:51:28.684392"} 
 </msg>
<msg time="2026-04-07T19:08:53.795348" level="INFO">${resp} = &lt;Response [200]&gt;</msg>
<var>${resp}</var>
<arg>api</arg>
<arg>/api/auth/me</arg>
<arg>headers=${headers}</arg>
<doc>Sends a GET request on a previously created HTTP Session.</doc>
<status status="PASS" start="2026-04-07T19:08:52.605937" elapsed="1.189411"/>
</kw>
<kw name="Response Should Be OK" owner="common">
<kw name="Should Be Equal As Integers" owner="BuiltIn">
<msg time="2026-04-07T19:08:53.797347" level="INFO">Argument types are:
&lt;class 'int'&gt;
&lt;class 'str'&gt;</msg>
<arg>${response.status_code}</arg>
<arg>200</arg>
<doc>Fails if objects are unequal after converting them to integers.</doc>
<status status="PASS" start="2026-04-07T19:08:53.796347" elapsed="0.001000"/>
</kw>
<arg>${resp}</arg>
<status status="PASS" start="2026-04-07T19:08:53.796347" elapsed="0.001000"/>
</kw>
<kw name="Set Variable" owner="BuiltIn">
<msg time="2026-04-07T19:08:53.798347" level="INFO">${json} = {'id': 1, 'name': 'Admin', 'email': 'testadmin@gmail.com', 'role': 'admin', 'card_id': '51D7FAA9', 'is_blacklist': False, 'created_at': '2026-04-01T07:51:28.684392'}</msg>
<var>${json}</var>
<arg>${resp.json()}</arg>
<doc>Returns the given values which can then be assigned to a variables.</doc>
<status status="PASS" start="2026-04-07T19:08:53.797347" elapsed="0.001000"/>
</kw>
<kw name="Should Be Equal" owner="BuiltIn">
<arg>${json}[email]</arg>
<arg>${ADMIN_EMAIL}</arg>
<doc>Fails if the given objects are unequal.</doc>
<status status="PASS" start="2026-04-07T19:08:53.798347" elapsed="0.000000"/>
</kw>
<kw name="Dictionary Should Contain Key" owner="Collections">
<msg time="2026-04-07T19:08:53.799360" level="INFO">False</msg>
<arg>${json}</arg>
<arg>id</arg>
<doc>Fails if ``key`` is not found from ``dictionary``.</doc>
<status status="PASS" start="2026-04-07T19:08:53.799360" elapsed="0.000000"/>
</kw>
<kw name="Dictionary Should Contain Key" owner="Collections">
<msg time="2026-04-07T19:08:53.800350" level="INFO">False</msg>
<arg>${json}</arg>
<arg>role</arg>
<doc>Fails if ``key`` is not found from ``dictionary``.</doc>
<status status="PASS" start="2026-04-07T19:08:53.800350" elapsed="0.000000"/>
</kw>
<tag>auth</tag>
<tag>smoke</tag>
<status status="PASS" start="2026-04-07T19:08:51.259219" elapsed="2.542141"/>
</test>
<test id="s1-s1-t6" name="Get Me Without Token Returns 403" line="59">
<kw name="GET On Session" owner="RequestsLibrary">
<msg time="2026-04-07T19:08:53.804869" level="INFO">GET Request : url=http://localhost:3000/api/auth/me 
 path_url=/api/auth/me 
 headers={'User-Agent': 'python-requests/2.32.3', 'Accept-Encoding': 'gzip, deflate', 'Accept': '*/*', 'Connection': 'keep-alive'} 
 body=None 
 </msg>
<msg time="2026-04-07T19:08:53.804869" level="INFO">GET Response : url=http://localhost:3000/api/auth/me 
 status=403, reason=Forbidden 
 headers={'date': 'Tue, 07 Apr 2026 12:08:52 GMT', 'server': 'uvicorn', 'content-length': '30', 'content-type': 'application/json'} 
 body={"detail":"Not authenticated"} 
 </msg>
<msg time="2026-04-07T19:08:53.805869" level="INFO">${resp} = &lt;Response [403]&gt;</msg>
<var>${resp}</var>
<arg>api</arg>
<arg>/api/auth/me</arg>
<arg>expected_status=403</arg>
<doc>Sends a GET request on a previously created HTTP Session.</doc>
<status status="PASS" start="2026-04-07T19:08:53.802869" elapsed="0.003000"/>
</kw>
<kw name="Response Should Be Forbidden" owner="common">
<kw name="Should Be Equal As Integers" owner="BuiltIn">
<msg time="2026-04-07T19:08:53.806867" level="INFO">Argument types are:
&lt;class 'int'&gt;
&lt;class 'str'&gt;</msg>
<arg>${response.status_code}</arg>
<arg>403</arg>
<doc>Fails if objects are unequal after converting them to integers.</doc>
<status status="PASS" start="2026-04-07T19:08:53.806867" elapsed="0.000000"/>
</kw>
<arg>${resp}</arg>
<status status="PASS" start="2026-04-07T19:08:53.805869" elapsed="0.000998"/>
</kw>
<doc>FastAPI HTTPBearer returns 403 when no Authorization header is present.</doc>
<tag>auth</tag>
<tag>negative</tag>
<status status="PASS" start="2026-04-07T19:08:53.801864" elapsed="0.006004"/>
</test>
<test id="s1-s1-t7" name="Get Me With Invalid Token Returns 401" line="65">
<kw name="Create Dictionary" owner="BuiltIn">
<msg time="2026-04-07T19:08:53.809869" level="INFO">${headers} = {'Authorization': 'Bearer not.a.real.token'}</msg>
<var>${headers}</var>
<arg>Authorization=Bearer not.a.real.token</arg>
<doc>Creates and returns a dictionary based on the given ``items``.</doc>
<status status="PASS" start="2026-04-07T19:08:53.809869" elapsed="0.000000"/>
</kw>
<kw name="GET On Session" owner="RequestsLibrary">
<msg time="2026-04-07T19:08:53.815384" level="INFO">GET Request : url=http://localhost:3000/api/auth/me 
 path_url=/api/auth/me 
 headers={'User-Agent': 'python-requests/2.32.3', 'Accept-Encoding': 'gzip, deflate', 'Accept': '*/*', 'Connection': 'keep-alive', 'Authorization': 'Bearer not.a.real.token'} 
 body=None 
 </msg>
<msg time="2026-04-07T19:08:53.815384" level="INFO">GET Response : url=http://localhost:3000/api/auth/me 
 status=401, reason=Unauthorized 
 headers={'date': 'Tue, 07 Apr 2026 12:08:52 GMT', 'server': 'uvicorn', 'content-length': '26', 'content-type': 'application/json'} 
 body={"detail":"Invalid token"} 
 </msg>
<msg time="2026-04-07T19:08:53.816384" level="INFO">${resp} = &lt;Response [401]&gt;</msg>
<var>${resp}</var>
<arg>api</arg>
<arg>/api/auth/me</arg>
<arg>headers=${headers}</arg>
<arg>expected_status=401</arg>
<doc>Sends a GET request on a previously created HTTP Session.</doc>
<status status="PASS" start="2026-04-07T19:08:53.810868" elapsed="0.005516"/>
</kw>
<kw name="Response Should Be Unauthorized" owner="common">
<kw name="Should Be Equal As Integers" owner="BuiltIn">
<msg time="2026-04-07T19:08:53.817748" level="INFO">Argument types are:
&lt;class 'int'&gt;
&lt;class 'str'&gt;</msg>
<arg>${response.status_code}</arg>
<arg>401</arg>
<doc>Fails if objects are unequal after converting them to integers.</doc>
<status status="PASS" start="2026-04-07T19:08:53.816384" elapsed="0.001364"/>
</kw>
<arg>${resp}</arg>
<status status="PASS" start="2026-04-07T19:08:53.816384" elapsed="0.001364"/>
</kw>
<tag>auth</tag>
<tag>negative</tag>
<status status="PASS" start="2026-04-07T19:08:53.809869" elapsed="0.008907"/>
</test>
<kw name="Delete API Session" owner="common" type="TEARDOWN">
<kw name="Delete All Sessions" owner="RequestsLibrary">
<msg time="2026-04-07T19:08:53.819746" level="INFO">Deleting All Sessions</msg>
<doc>Removes all the session objects</doc>
<status status="PASS" start="2026-04-07T19:08:53.819746" elapsed="0.000000"/>
</kw>
<doc>Clean up the shared session.</doc>
<status status="PASS" start="2026-04-07T19:08:53.819746" elapsed="0.000000"/>
</kw>
<doc>System tests for POST /api/auth/login and GET /api/auth/me</doc>
<status status="PASS" start="2026-04-07T19:08:44.934238" elapsed="8.885508"/>
</suite>
<suite id="s1-s2" name="02 Items" source="C:\Users\baile\Documents\Coding_spaces\Project\inventory_software\backend\tests\system-tests\suites\02_items.robot">
<kw name="Create API Session" owner="common" type="SETUP">
<kw name="Create Session" owner="RequestsLibrary">
<msg time="2026-04-07T19:08:53.827667" level="INFO">Creating Session using : alias=api, url=http://localhost:3000, headers={},                     cookies={}, auth=None, timeout=None, proxies=None, verify=False,                     debug=0 </msg>
<arg>api</arg>
<arg>${BASE_URL}</arg>
<arg>verify=false</arg>
<doc>Create Session: create a HTTP session to a server</doc>
<status status="PASS" start="2026-04-07T19:08:53.827667" elapsed="0.001509"/>
</kw>
<doc>Create a base RequestsLibrary session pointing at the backend.</doc>
<status status="PASS" start="2026-04-07T19:08:53.827667" elapsed="0.001509"/>
</kw>
<test id="s1-s2-t1" name="List Active Items Returns Paginated Response" line="17">
<kw name="GET On Session" owner="RequestsLibrary">
<msg time="2026-04-07T19:08:57.809787" level="INFO">GET Request : url=http://localhost:3000/api/items/ 
 path_url=/api/items/ 
 headers={'User-Agent': 'python-requests/2.32.3', 'Accept-Encoding': 'gzip, deflate', 'Accept': '*/*', 'Connection': 'keep-alive'} 
 body=None 
 </msg>
<msg time="2026-04-07T19:08:57.809787" level="INFO">GET Response : url=http://localhost:3000/api/items/ 
 status=200, reason=OK 
 headers={'date': 'Tue, 07 Apr 2026 12:08:54 GMT', 'server': 'uvicorn', 'content-length': '988', 'content-type': 'application/json'} 
 body={"items":[{"id":7,"name":"esp32","quantity":2,"is_active":true,"image":"https://t3.storageapi.dev/image-holster-edwzzkdjhjg/ai-samples/esp32/2026/04/esp32_5b58c9cf8893.jpg?X-Amz-Algorithm=AWS4-HMAC-SHA256&amp;X-Amz-Credential=tid_Zmysfy__QuHeIfCSzRJrmPwJswjcPUvuAYW_qLeJmjnFdoSjaT%2F20260407%2Fsin%2Fs3%2Faws4_request&amp;X-Amz-Date=20260407T120857Z&amp;X-Amz-Expires=1800&amp;X-Amz-SignedHeaders=host&amp;X-Amz-Signature=62975f993f979e14385b552a02959a2771b3e8625aa37b69f0c654e05590f4d5"},{"id":8,"name":"Ac Motor","quantity":3,"is_active":true,"image":"https://t3.storageapi.dev/image-holster-edwzzkdjhjg/ai-samples/ac-motor/2026/04/ac-motor_a68f564b8a42.jpg?X-Amz-Algorithm=AWS4-HMAC-SHA256&amp;X-Amz-Credential=tid_Zmysfy__QuHeIfCSzRJrmPwJswjcPUvuAYW_qLeJmjnFdoSjaT%2F20260407%2Fsin%2Fs3%2Faws4_request&amp;X-Amz-Date=20260407T120857Z&amp;X-Amz-Expires=1800&amp;X-Amz-SignedHeaders=host&amp;X-Amz-Signature=09c7416195ac04d5a96804c62ab494bc6a27448f37b6ccc806e35a6da5ebec2f"}],"total":2,"page":1,"page_size":20,"total_pages":1} 
 </msg>
<msg time="2026-04-07T19:08:57.809787" level="INFO">${resp} = &lt;Response [200]&gt;</msg>
<var>${resp}</var>
<arg>api</arg>
<arg>${ITEMS_PATH}</arg>
<doc>Sends a GET request on a previously created HTTP Session.</doc>
<status status="PASS" start="2026-04-07T19:08:53.829176" elapsed="3.980611"/>
</kw>
<kw name="Response Should Be OK" owner="common">
<kw name="Should Be Equal As Integers" owner="BuiltIn">
<msg time="2026-04-07T19:08:57.811296" level="INFO">Argument types are:
&lt;class 'int'&gt;
&lt;class 'str'&gt;</msg>
<arg>${response.status_code}</arg>
<arg>200</arg>
<doc>Fails if objects are unequal after converting them to integers.</doc>
<status status="PASS" start="2026-04-07T19:08:57.811296" elapsed="0.000000"/>
</kw>
<arg>${resp}</arg>
<status status="PASS" start="2026-04-07T19:08:57.811296" elapsed="0.000000"/>
</kw>
<kw name="Set Variable" owner="BuiltIn">
<msg time="2026-04-07T19:08:57.812303" level="INFO">${json} = {'items': [{'id': 7, 'name': 'esp32', 'quantity': 2, 'is_active': True, 'image': 'https://t3.storageapi.dev/image-holster-edwzzkdjhjg/ai-samples/esp32/2026/04/esp32_5b58c9cf8893.jpg?X-Amz-Algorithm=AW...</msg>
<var>${json}</var>
<arg>${resp.json()}</arg>
<doc>Returns the given values which can then be assigned to a variables.</doc>
<status status="PASS" start="2026-04-07T19:08:57.812303" elapsed="0.000000"/>
</kw>
<kw name="Dictionary Should Contain Key" owner="Collections">
<msg time="2026-04-07T19:08:57.813302" level="INFO">False</msg>
<arg>${json}</arg>
<arg>items</arg>
<doc>Fails if ``key`` is not found from ``dictionary``.</doc>
<status status="PASS" start="2026-04-07T19:08:57.813302" elapsed="0.000000"/>
</kw>
<kw name="Dictionary Should Contain Key" owner="Collections">
<msg time="2026-04-07T19:08:57.813302" level="INFO">False</msg>
<arg>${json}</arg>
<arg>total</arg>
<doc>Fails if ``key`` is not found from ``dictionary``.</doc>
<status status="PASS" start="2026-04-07T19:08:57.813302" elapsed="0.000000"/>
</kw>
<kw name="Dictionary Should Contain Key" owner="Collections">
<msg time="2026-04-07T19:08:57.813302" level="INFO">False</msg>
<arg>${json}</arg>
<arg>page</arg>
<doc>Fails if ``key`` is not found from ``dictionary``.</doc>
<status status="PASS" start="2026-04-07T19:08:57.813302" elapsed="0.000000"/>
</kw>
<kw name="Dictionary Should Contain Key" owner="Collections">
<msg time="2026-04-07T19:08:57.814302" level="INFO">False</msg>
<arg>${json}</arg>
<arg>page_size</arg>
<doc>Fails if ``key`` is not found from ``dictionary``.</doc>
<status status="PASS" start="2026-04-07T19:08:57.814302" elapsed="0.000000"/>
</kw>
<kw name="Dictionary Should Contain Key" owner="Collections">
<msg time="2026-04-07T19:08:57.814302" level="INFO">False</msg>
<arg>${json}</arg>
<arg>total_pages</arg>
<doc>Fails if ``key`` is not found from ``dictionary``.</doc>
<status status="PASS" start="2026-04-07T19:08:57.814302" elapsed="0.000000"/>
</kw>
<tag>items</tag>
<tag>smoke</tag>
<status status="PASS" start="2026-04-07T19:08:53.829176" elapsed="3.985126"/>
</test>
<test id="s1-s2-t2" name="List Active Items Default Page Is 1" line="28">
<kw name="GET On Session" owner="RequestsLibrary">
<msg time="2026-04-07T19:08:59.766068" level="INFO">GET Request : url=http://localhost:3000/api/items/ 
 path_url=/api/items/ 
 headers={'User-Agent': 'python-requests/2.32.3', 'Accept-Encoding': 'gzip, deflate', 'Accept': '*/*', 'Connection': 'keep-alive'} 
 body=None 
 </msg>
<msg time="2026-04-07T19:08:59.766068" level="INFO">GET Response : url=http://localhost:3000/api/items/ 
 status=200, reason=OK 
 headers={'date': 'Tue, 07 Apr 2026 12:08:57 GMT', 'server': 'uvicorn', 'content-length': '988', 'content-type': 'application/json'} 
 body={"items":[{"id":7,"name":"esp32","quantity":2,"is_active":true,"image":"https://t3.storageapi.dev/image-holster-edwzzkdjhjg/ai-samples/esp32/2026/04/esp32_5b58c9cf8893.jpg?X-Amz-Algorithm=AWS4-HMAC-SHA256&amp;X-Amz-Credential=tid_Zmysfy__QuHeIfCSzRJrmPwJswjcPUvuAYW_qLeJmjnFdoSjaT%2F20260407%2Fsin%2Fs3%2Faws4_request&amp;X-Amz-Date=20260407T120859Z&amp;X-Amz-Expires=1800&amp;X-Amz-SignedHeaders=host&amp;X-Amz-Signature=461d1f439551a9e49ad0eaa4c87ce1042c50df864dd2e849311943c80620813d"},{"id":8,"name":"Ac Motor","quantity":3,"is_active":true,"image":"https://t3.storageapi.dev/image-holster-edwzzkdjhjg/ai-samples/ac-motor/2026/04/ac-motor_a68f564b8a42.jpg?X-Amz-Algorithm=AWS4-HMAC-SHA256&amp;X-Amz-Credential=tid_Zmysfy__QuHeIfCSzRJrmPwJswjcPUvuAYW_qLeJmjnFdoSjaT%2F20260407%2Fsin%2Fs3%2Faws4_request&amp;X-Amz-Date=20260407T120859Z&amp;X-Amz-Expires=1800&amp;X-Amz-SignedHeaders=host&amp;X-Amz-Signature=21bc378ebf65d18f451d72214003427006194b7676149996d0e25acfe926d45d"}],"total":2,"page":1,"page_size":20,"total_pages":1} 
 </msg>
<msg time="2026-04-07T19:08:59.767060" level="INFO">${resp} = &lt;Response [200]&gt;</msg>
<var>${resp}</var>
<arg>api</arg>
<arg>${ITEMS_PATH}</arg>
<doc>Sends a GET request on a previously created HTTP Session.</doc>
<status status="PASS" start="2026-04-07T19:08:57.816310" elapsed="1.950750"/>
</kw>
<kw name="Response Should Be OK" owner="common">
<kw name="Should Be Equal As Integers" owner="BuiltIn">
<msg time="2026-04-07T19:08:59.768584" level="INFO">Argument types are:
&lt;class 'int'&gt;
&lt;class 'str'&gt;</msg>
<arg>${response.status_code}</arg>
<arg>200</arg>
<doc>Fails if objects are unequal after converting them to integers.</doc>
<status status="PASS" start="2026-04-07T19:08:59.768584" elapsed="0.000000"/>
</kw>
<arg>${resp}</arg>
<status status="PASS" start="2026-04-07T19:08:59.767060" elapsed="0.001524"/>
</kw>
<kw name="Should Be Equal As Integers" owner="BuiltIn">
<msg time="2026-04-07T19:08:59.770696" level="INFO">Argument types are:
&lt;class 'int'&gt;
&lt;class 'str'&gt;</msg>
<arg>${resp.json()}[page]</arg>
<arg>1</arg>
<doc>Fails if objects are unequal after converting them to integers.</doc>
<status status="PASS" start="2026-04-07T19:08:59.769600" elapsed="0.001096"/>
</kw>
<tag>items</tag>
<tag>smoke</tag>
<status status="PASS" start="2026-04-07T19:08:57.815304" elapsed="1.956347"/>
</test>
<test id="s1-s2-t3" name="List Active Items Accepts Custom Page Size" line="34">
<kw name="Create Dictionary" owner="BuiltIn">
<msg time="2026-04-07T19:08:59.773630" level="INFO">${params} = {'page': '1', 'page_size': '5'}</msg>
<var>${params}</var>
<arg>page=1</arg>
<arg>page_size=5</arg>
<doc>Creates and returns a dictionary based on the given ``items``.</doc>
<status status="PASS" start="2026-04-07T19:08:59.773630" elapsed="0.000000"/>
</kw>
<kw name="GET On Session" owner="RequestsLibrary">
<msg time="2026-04-07T19:09:01.674269" level="INFO">GET Request : url=http://localhost:3000/api/items/?page=1&amp;page_size=5 
 path_url=/api/items/?page=1&amp;page_size=5 
 headers={'User-Agent': 'python-requests/2.32.3', 'Accept-Encoding': 'gzip, deflate', 'Accept': '*/*', 'Connection': 'keep-alive'} 
 body=None 
 </msg>
<msg time="2026-04-07T19:09:01.675372" level="INFO">GET Response : url=http://localhost:3000/api/items/?page=1&amp;page_size=5 
 status=200, reason=OK 
 headers={'date': 'Tue, 07 Apr 2026 12:08:59 GMT', 'server': 'uvicorn', 'content-length': '987', 'content-type': 'application/json'} 
 body={"items":[{"id":7,"name":"esp32","quantity":2,"is_active":true,"image":"https://t3.storageapi.dev/image-holster-edwzzkdjhjg/ai-samples/esp32/2026/04/esp32_5b58c9cf8893.jpg?X-Amz-Algorithm=AWS4-HMAC-SHA256&amp;X-Amz-Credential=tid_Zmysfy__QuHeIfCSzRJrmPwJswjcPUvuAYW_qLeJmjnFdoSjaT%2F20260407%2Fsin%2Fs3%2Faws4_request&amp;X-Amz-Date=20260407T120901Z&amp;X-Amz-Expires=1800&amp;X-Amz-SignedHeaders=host&amp;X-Amz-Signature=2cb2455c267c0e26ecb4d5e441a56fdb56ebb28bee293628c82182e8ca476537"},{"id":8,"name":"Ac Motor","quantity":3,"is_active":true,"image":"https://t3.storageapi.dev/image-holster-edwzzkdjhjg/ai-samples/ac-motor/2026/04/ac-motor_a68f564b8a42.jpg?X-Amz-Algorithm=AWS4-HMAC-SHA256&amp;X-Amz-Credential=tid_Zmysfy__QuHeIfCSzRJrmPwJswjcPUvuAYW_qLeJmjnFdoSjaT%2F20260407%2Fsin%2Fs3%2Faws4_request&amp;X-Amz-Date=20260407T120901Z&amp;X-Amz-Expires=1800&amp;X-Amz-SignedHeaders=host&amp;X-Amz-Signature=2fe429cb8f29f03d15838d150599e62965be3d47007ae0b7238fb0c4fa921c41"}],"total":2,"page":1,"page_size":5,"total_pages":1} 
 </msg>
<msg time="2026-04-07T19:09:01.675372" level="INFO">${resp} = &lt;Response [200]&gt;</msg>
<var>${resp}</var>
<arg>api</arg>
<arg>${ITEMS_PATH}</arg>
<arg>params=${params}</arg>
<doc>Sends a GET request on a previously created HTTP Session.</doc>
<status status="PASS" start="2026-04-07T19:08:59.773630" elapsed="1.901742"/>
</kw>
<kw name="Response Should Be OK" owner="common">
<kw name="Should Be Equal As Integers" owner="BuiltIn">
<msg time="2026-04-07T19:09:01.677257" level="INFO">Argument types are:
&lt;class 'int'&gt;
&lt;class 'str'&gt;</msg>
<arg>${response.status_code}</arg>
<arg>200</arg>
<doc>Fails if objects are unequal after converting them to integers.</doc>
<status status="PASS" start="2026-04-07T19:09:01.676257" elapsed="0.001000"/>
</kw>
<arg>${resp}</arg>
<status status="PASS" start="2026-04-07T19:09:01.676257" elapsed="0.001000"/>
</kw>
<kw name="Should Be Equal As Integers" owner="BuiltIn">
<msg time="2026-04-07T19:09:01.678256" level="INFO">Argument types are:
&lt;class 'int'&gt;
&lt;class 'str'&gt;</msg>
<arg>${resp.json()}[page_size]</arg>
<arg>5</arg>
<doc>Fails if objects are unequal after converting them to integers.</doc>
<status status="PASS" start="2026-04-07T19:09:01.678256" elapsed="0.000000"/>
</kw>
<tag>items</tag>
<status status="PASS" start="2026-04-07T19:08:59.772596" elapsed="1.907167"/>
</test>
<test id="s1-s2-t4" name="List Active Items Page Size Zero Returns 422" line="41">
<kw name="Create Dictionary" owner="BuiltIn">
<msg time="2026-04-07T19:09:01.682012" level="INFO">${params} = {'page': '1', 'page_size': '0'}</msg>
<var>${params}</var>
<arg>page=1</arg>
<arg>page_size=0</arg>
<doc>Creates and returns a dictionary based on the given ``items``.</doc>
<status status="PASS" start="2026-04-07T19:09:01.682012" elapsed="0.000000"/>
</kw>
<kw name="GET On Session" owner="RequestsLibrary">
<msg time="2026-04-07T19:09:01.686002" level="INFO">GET Request : url=http://localhost:3000/api/items/?page=1&amp;page_size=0 
 path_url=/api/items/?page=1&amp;page_size=0 
 headers={'User-Agent': 'python-requests/2.32.3', 'Accept-Encoding': 'gzip, deflate', 'Accept': '*/*', 'Connection': 'keep-alive'} 
 body=None 
 </msg>
<msg time="2026-04-07T19:09:01.686002" level="INFO">GET Response : url=http://localhost:3000/api/items/?page=1&amp;page_size=0 
 status=422, reason=Unprocessable Entity 
 headers={'date': 'Tue, 07 Apr 2026 12:09:01 GMT', 'server': 'uvicorn', 'content-length': '209', 'content-type': 'application/json'} 
 body={"detail":[{"type":"greater_than_equal","loc":["query","page_size"],"msg":"Input should be greater than or equal to 1","input":"0","ctx":{"ge":1},"url":"https://errors.pydantic.dev/2.5/v/greater_than_equal"}]} 
 </msg>
<msg time="2026-04-07T19:09:01.686002" level="INFO">${resp} = &lt;Response [422]&gt;</msg>
<var>${resp}</var>
<arg>api</arg>
<arg>${ITEMS_PATH}</arg>
<arg>params=${params}</arg>
<arg>expected_status=422</arg>
<doc>Sends a GET request on a previously created HTTP Session.</doc>
<status status="PASS" start="2026-04-07T19:09:01.682012" elapsed="0.003990"/>
</kw>
<kw name="Should Be Equal As Integers" owner="BuiltIn">
<msg time="2026-04-07T19:09:01.687003" level="INFO">Argument types are:
&lt;class 'int'&gt;
&lt;class 'str'&gt;</msg>
<arg>${resp.status_code}</arg>
<arg>422</arg>
<doc>Fails if objects are unequal after converting them to integers.</doc>
<status status="PASS" start="2026-04-07T19:09:01.687003" elapsed="0.000000"/>
</kw>
<tag>items</tag>
<tag>negative</tag>
<status status="PASS" start="2026-04-07T19:09:01.681009" elapsed="0.006993"/>
</test>
<test id="s1-s2-t5" name="List Active Items Each Item Has Required Fields" line="48">
<kw name="GET On Session" owner="RequestsLibrary">
<msg time="2026-04-07T19:09:03.588344" level="INFO">GET Request : url=http://localhost:3000/api/items/ 
 path_url=/api/items/ 
 headers={'User-Agent': 'python-requests/2.32.3', 'Accept-Encoding': 'gzip, deflate', 'Accept': '*/*', 'Connection': 'keep-alive'} 
 body=None 
 </msg>
<msg time="2026-04-07T19:09:03.588344" level="INFO">GET Response : url=http://localhost:3000/api/items/ 
 status=200, reason=OK 
 headers={'date': 'Tue, 07 Apr 2026 12:09:01 GMT', 'server': 'uvicorn', 'content-length': '988', 'content-type': 'application/json'} 
 body={"items":[{"id":7,"name":"esp32","quantity":2,"is_active":true,"image":"https://t3.storageapi.dev/image-holster-edwzzkdjhjg/ai-samples/esp32/2026/04/esp32_5b58c9cf8893.jpg?X-Amz-Algorithm=AWS4-HMAC-SHA256&amp;X-Amz-Credential=tid_Zmysfy__QuHeIfCSzRJrmPwJswjcPUvuAYW_qLeJmjnFdoSjaT%2F20260407%2Fsin%2Fs3%2Faws4_request&amp;X-Amz-Date=20260407T120903Z&amp;X-Amz-Expires=1800&amp;X-Amz-SignedHeaders=host&amp;X-Amz-Signature=8c17f9bc3c0d0e4e68df17467f1b025a4e497197e8d4022bd10ef0e6bf8081a6"},{"id":8,"name":"Ac Motor","quantity":3,"is_active":true,"image":"https://t3.storageapi.dev/image-holster-edwzzkdjhjg/ai-samples/ac-motor/2026/04/ac-motor_a68f564b8a42.jpg?X-Amz-Algorithm=AWS4-HMAC-SHA256&amp;X-Amz-Credential=tid_Zmysfy__QuHeIfCSzRJrmPwJswjcPUvuAYW_qLeJmjnFdoSjaT%2F20260407%2Fsin%2Fs3%2Faws4_request&amp;X-Amz-Date=20260407T120903Z&amp;X-Amz-Expires=1800&amp;X-Amz-SignedHeaders=host&amp;X-Amz-Signature=4e8b3329f57b4923ac1605e8ca582c7df3ae88232880cd3a84ff0c3dbb4a0652"}],"total":2,"page":1,"page_size":20,"total_pages":1} 
 </msg>
<msg time="2026-04-07T19:09:03.588344" level="INFO">${resp} = &lt;Response [200]&gt;</msg>
<var>${resp}</var>
<arg>api</arg>
<arg>${ITEMS_PATH}</arg>
<doc>Sends a GET request on a previously created HTTP Session.</doc>
<status status="PASS" start="2026-04-07T19:09:01.689002" elapsed="1.899342"/>
</kw>
<kw name="Response Should Be OK" owner="common">
<kw name="Should Be Equal As Integers" owner="BuiltIn">
<msg time="2026-04-07T19:09:03.589350" level="INFO">Argument types are:
&lt;class 'int'&gt;
&lt;class 'str'&gt;</msg>
<arg>${response.status_code}</arg>
<arg>200</arg>
<doc>Fails if objects are unequal after converting them to integers.</doc>
<status status="PASS" start="2026-04-07T19:09:03.589350" elapsed="0.000000"/>
</kw>
<arg>${resp}</arg>
<status status="PASS" start="2026-04-07T19:09:03.589350" elapsed="0.000000"/>
</kw>
<kw name="Set Variable" owner="BuiltIn">
<msg time="2026-04-07T19:09:03.591352" level="INFO">${items} = [{'id': 7, 'name': 'esp32', 'quantity': 2, 'is_active': True, 'image': 'https://t3.storageapi.dev/image-holster-edwzzkdjhjg/ai-samples/esp32/2026/04/esp32_5b58c9cf8893.jpg?X-Amz-Algorithm=AWS4-HMAC-SH...</msg>
<var>${items}</var>
<arg>${resp.json()}[items]</arg>
<doc>Returns the given values which can then be assigned to a variables.</doc>
<status status="PASS" start="2026-04-07T19:09:03.590484" elapsed="0.000868"/>
</kw>
<if>
<branch type="IF" condition="len($items) &gt; 0">
<kw name="Set Variable" owner="BuiltIn">
<msg time="2026-04-07T19:09:03.592350" level="INFO">${first} = {'id': 7, 'name': 'esp32', 'quantity': 2, 'is_active': True, 'image': 'https://t3.storageapi.dev/image-holster-edwzzkdjhjg/ai-samples/esp32/2026/04/esp32_5b58c9cf8893.jpg?X-Amz-Algorithm=AWS4-HMAC-SHA...</msg>
<var>${first}</var>
<arg>${items}[0]</arg>
<doc>Returns the given values which can then be assigned to a variables.</doc>
<status status="PASS" start="2026-04-07T19:09:03.591352" elapsed="0.000998"/>
</kw>
<kw name="Dictionary Should Contain Key" owner="Collections">
<msg time="2026-04-07T19:09:03.592350" level="INFO">False</msg>
<arg>${first}</arg>
<arg>id</arg>
<doc>Fails if ``key`` is not found from ``dictionary``.</doc>
<status status="PASS" start="2026-04-07T19:09:03.592350" elapsed="0.000000"/>
</kw>
<kw name="Dictionary Should Contain Key" owner="Collections">
<msg time="2026-04-07T19:09:03.592350" level="INFO">False</msg>
<arg>${first}</arg>
<arg>name</arg>
<doc>Fails if ``key`` is not found from ``dictionary``.</doc>
<status status="PASS" start="2026-04-07T19:09:03.592350" elapsed="0.000000"/>
</kw>
<kw name="Dictionary Should Contain Key" owner="Collections">
<msg time="2026-04-07T19:09:03.592350" level="INFO">False</msg>
<arg>${first}</arg>
<arg>quantity</arg>
<doc>Fails if ``key`` is not found from ``dictionary``.</doc>
<status status="PASS" start="2026-04-07T19:09:03.592350" elapsed="0.000000"/>
</kw>
<kw name="Dictionary Should Contain Key" owner="Collections">
<msg time="2026-04-07T19:09:03.592350" level="INFO">False</msg>
<arg>${first}</arg>
<arg>is_active</arg>
<doc>Fails if ``key`` is not found from ``dictionary``.</doc>
<status status="PASS" start="2026-04-07T19:09:03.592350" elapsed="0.000000"/>
</kw>
<kw name="Dictionary Should Contain Key" owner="Collections">
<msg time="2026-04-07T19:09:03.592350" level="INFO">False</msg>
<arg>${first}</arg>
<arg>image</arg>
<doc>Fails if ``key`` is not found from ``dictionary``.</doc>
<status status="PASS" start="2026-04-07T19:09:03.592350" elapsed="0.000000"/>
</kw>
<status status="PASS" start="2026-04-07T19:09:03.591352" elapsed="0.000998"/>
</branch>
<status status="PASS" start="2026-04-07T19:09:03.591352" elapsed="0.000998"/>
</if>
<tag>items</tag>
<tag>smoke</tag>
<status status="PASS" start="2026-04-07T19:09:01.689002" elapsed="1.904351"/>
</test>
<test id="s1-s2-t6" name="Adjust Item Quantity Without Auth Returns 403" line="62">
<kw name="Create Dictionary" owner="BuiltIn">
<msg time="2026-04-07T19:09:03.596355" level="INFO">${body} = {'delta': '1'}</msg>
<var>${body}</var>
<arg>delta=1</arg>
<doc>Creates and returns a dictionary based on the given ``items``.</doc>
<status status="PASS" start="2026-04-07T19:09:03.595355" elapsed="0.001000"/>
</kw>
<kw name="PATCH On Session" owner="RequestsLibrary">
<msg time="2026-04-07T19:09:03.599754" level="INFO">PATCH Request : url=http://localhost:3000/api/items/1/quantity 
 path_url=/api/items/1/quantity 
 headers={'User-Agent': 'python-requests/2.32.3', 'Accept-Encoding': 'gzip, deflate', 'Accept': '*/*', 'Connection': 'keep-alive', 'Content-Length': '14', 'Content-Type': 'application/json'} 
 body=b'{"delta": "1"}' 
 </msg>
<msg time="2026-04-07T19:09:03.599754" level="INFO">PATCH Response : url=http://localhost:3000/api/items/1/quantity 
 status=403, reason=Forbidden 
 headers={'date': 'Tue, 07 Apr 2026 12:09:02 GMT', 'server': 'uvicorn', 'content-length': '30', 'content-type': 'application/json'} 
 body={"detail":"Not authenticated"} 
 </msg>
<msg time="2026-04-07T19:09:03.599754" level="INFO">${resp} = &lt;Response [403]&gt;</msg>
<var>${resp}</var>
<arg>api</arg>
<arg>/api/items/1/quantity</arg>
<arg>json=${body}</arg>
<arg>expected_status=403</arg>
<doc>Sends a PATCH request on a previously created HTTP Session.</doc>
<status status="PASS" start="2026-04-07T19:09:03.596355" elapsed="0.003399"/>
</kw>
<kw name="Response Should Be Forbidden" owner="common">
<kw name="Should Be Equal As Integers" owner="BuiltIn">
<msg time="2026-04-07T19:09:03.600740" level="INFO">Argument types are:
&lt;class 'int'&gt;
&lt;class 'str'&gt;</msg>
<arg>${response.status_code}</arg>
<arg>403</arg>
<doc>Fails if objects are unequal after converting them to integers.</doc>
<status status="PASS" start="2026-04-07T19:09:03.600740" elapsed="0.000995"/>
</kw>
<arg>${resp}</arg>
<status status="PASS" start="2026-04-07T19:09:03.600740" elapsed="0.000995"/>
</kw>
<doc>FastAPI HTTPBearer returns 403 when no Authorization header is present.</doc>
<tag>items</tag>
<tag>negative</tag>
<status status="PASS" start="2026-04-07T19:09:03.594358" elapsed="0.007377"/>
</test>
<test id="s1-s2-t7" name="Adjust Item Quantity As Non-Admin Returns 403" line="70">
<kw name="Skip If" owner="BuiltIn">
<msg time="2026-04-07T19:09:03.603739" level="SKIP">No USER_EMAIL variable configured</msg>
<arg>'${USER_EMAIL}' == ''</arg>
<arg>No USER_EMAIL variable configured</arg>
<doc>Skips the rest of the current test if the ``condition`` is True.</doc>
<status status="SKIP" start="2026-04-07T19:09:03.603739" elapsed="0.000000">No USER_EMAIL variable configured</status>
</kw>
<kw name="User Auth Header" owner="auth">
<var>${headers}</var>
<arg>${USER_EMAIL}</arg>
<arg>${USER_PASSWORD}</arg>
<doc>Returns a headers dict for a generic user.</doc>
<status status="NOT RUN" start="2026-04-07T19:09:03.603739" elapsed="0.000000"/>
</kw>
<kw name="Create Dictionary" owner="BuiltIn">
<var>${body}</var>
<arg>delta=1</arg>
<doc>Creates and returns a dictionary based on the given ``items``.</doc>
<status status="NOT RUN" start="2026-04-07T19:09:03.604733" elapsed="0.000000"/>
</kw>
<kw name="PATCH On Session" owner="RequestsLibrary">
<var>${resp}</var>
<arg>api</arg>
<arg>/api/items/1/quantity</arg>
<arg>json=${body}</arg>
<arg>headers=${headers}</arg>
<arg>expected_status=403</arg>
<doc>Sends a PATCH request on a previously created HTTP Session.</doc>
<status status="NOT RUN" start="2026-04-07T19:09:03.604733" elapsed="0.000000"/>
</kw>
<kw name="Response Should Be Forbidden" owner="common">
<arg>${resp}</arg>
<status status="NOT RUN" start="2026-04-07T19:09:03.604733" elapsed="0.000000"/>
</kw>
<doc>Regular users (role=user) must be rejected with 403.</doc>
<tag>items</tag>
<tag>negative</tag>
<status status="SKIP" start="2026-04-07T19:09:03.602737" elapsed="0.001996">No USER_EMAIL variable configured</status>
</test>
<test id="s1-s2-t8" name="Adjust Item Quantity With Delta Zero Is Accepted By Admin" line="81">
<kw name="Admin Auth Header" owner="auth">
<kw name="Get Admin Token" owner="auth">
<kw name="Create Dictionary" owner="BuiltIn">
<msg time="2026-04-07T19:09:03.607928" level="INFO">${body} = {'email': 'testadmin@gmail.com', 'password': 'admin123'}</msg>
<var>${body}</var>
<arg>email=${ADMIN_EMAIL}</arg>
<arg>password=${ADMIN_PASSWORD}</arg>
<doc>Creates and returns a dictionary based on the given ``items``.</doc>
<status status="PASS" start="2026-04-07T19:09:03.606738" elapsed="0.001190"/>
</kw>
<kw name="POST On Session" owner="RequestsLibrary">
<msg time="2026-04-07T19:09:04.960874" level="INFO">POST Request : url=http://localhost:3000/api/auth/login 
 path_url=/api/auth/login 
 headers={'User-Agent': 'python-requests/2.32.3', 'Accept-Encoding': 'gzip, deflate', 'Accept': '*/*', 'Connection': 'keep-alive', 'Content-Length': '56', 'Content-Type': 'application/json'} 
 body=b'{"email": "testadmin@gmail.com", "password": "admin123"}' 
 </msg>
<msg time="2026-04-07T19:09:04.960874" level="INFO">POST Response : url=http://localhost:3000/api/auth/login 
 status=200, reason=OK 
 headers={'date': 'Tue, 07 Apr 2026 12:09:02 GMT', 'server': 'uvicorn', 'content-length': '362', 'content-type': 'application/json'} 
 body={"access_token":"eyJhbGciOiJIUzI1NiIsInR5cCI6IkpXVCJ9.eyJzdWIiOiIxIiwicm9sZSI6ImFkbWluIiwiZXhwIjoxNzc1NjUwMTQ0LCJpYXQiOjE3NzU1NjM3NDR9.aDn7N5QDyA5dmQ9CwhANK-LON9VPPIBrwnpUC1xZ-SM","token_type":"bearer","user":{"id":1,"name":"Admin","email":"testadmin@gmail.com","role":"admin","card_id":"51D7FAA9","is_blacklist":false,"created_at":"2026-04-01T07:51:28.684392"}} 
 </msg>
<msg time="2026-04-07T19:09:04.960874" level="INFO">${resp} = &lt;Response [200]&gt;</msg>
<var>${resp}</var>
<arg>api</arg>
<arg>/api/auth/login</arg>
<arg>json=${body}</arg>
<arg>expected_status=200</arg>
<doc>Sends a POST request on a previously created HTTP Session.</doc>
<status status="PASS" start="2026-04-07T19:09:03.607928" elapsed="1.352946"/>
</kw>
<kw name="Set Variable" owner="BuiltIn">
<msg time="2026-04-07T19:09:04.961882" level="INFO">${token} = eyJhbGciOiJIUzI1NiIsInR5cCI6IkpXVCJ9.eyJzdWIiOiIxIiwicm9sZSI6ImFkbWluIiwiZXhwIjoxNzc1NjUwMTQ0LCJpYXQiOjE3NzU1NjM3NDR9.aDn7N5QDyA5dmQ9CwhANK-LON9VPPIBrwnpUC1xZ-SM</msg>
<var>${token}</var>
<arg>${resp.json()}[access_token]</arg>
<doc>Returns the given values which can then be assigned to a variables.</doc>
<status status="PASS" start="2026-04-07T19:09:04.960874" elapsed="0.001008"/>
</kw>
<return>
<value>${token}</value>
<status status="PASS" start="2026-04-07T19:09:04.961882" elapsed="0.000000"/>
</return>
<msg time="2026-04-07T19:09:04.961882" level="INFO">${token} = eyJhbGciOiJIUzI1NiIsInR5cCI6IkpXVCJ9.eyJzdWIiOiIxIiwicm9sZSI6ImFkbWluIiwiZXhwIjoxNzc1NjUwMTQ0LCJpYXQiOjE3NzU1NjM3NDR9.aDn7N5QDyA5dmQ9CwhANK-LON9VPPIBrwnpUC1xZ-SM</msg>
<var>${token}</var>
<doc>POST /api/auth/login with admin credentials.
Returns the raw JWT string.</doc>
<status status="PASS" start="2026-04-07T19:09:03.606738" elapsed="1.355144"/>
</kw>
<kw name="Create Dictionary" owner="BuiltIn">
<msg time="2026-04-07T19:09:04.962983" level="INFO">${headers} = {'Authorization': 'Bearer eyJhbGciOiJIUzI1NiIsInR5cCI6IkpXVCJ9.eyJzdWIiOiIxIiwicm9sZSI6ImFkbWluIiwiZXhwIjoxNzc1NjUwMTQ0LCJpYXQiOjE3NzU1NjM3NDR9.aDn7N5QDyA5dmQ9CwhANK-LON9VPPIBrwnpUC1xZ-SM'}</msg>
<var>${headers}</var>
<arg>Authorization=Bearer ${token}</arg>
<doc>Creates and returns a dictionary based on the given ``items``.</doc>
<status status="PASS" start="2026-04-07T19:09:04.961882" elapsed="0.001101"/>
</kw>
<return>
<value>${headers}</value>
<status status="PASS" start="2026-04-07T19:09:04.962983" elapsed="0.000000"/>
</return>
<msg time="2026-04-07T19:09:04.962983" level="INFO">${headers} = {'Authorization': 'Bearer eyJhbGciOiJIUzI1NiIsInR5cCI6IkpXVCJ9.eyJzdWIiOiIxIiwicm9sZSI6ImFkbWluIiwiZXhwIjoxNzc1NjUwMTQ0LCJpYXQiOjE3NzU1NjM3NDR9.aDn7N5QDyA5dmQ9CwhANK-LON9VPPIBrwnpUC1xZ-SM'}</msg>
<var>${headers}</var>
<doc>Returns a headers dict with Authorization: Bearer &lt;admin token&gt;.</doc>
<status status="PASS" start="2026-04-07T19:09:03.606738" elapsed="1.356245"/>
</kw>
<kw name="GET On Session" owner="RequestsLibrary">
<msg time="2026-04-07T19:09:06.862869" level="INFO">GET Request : url=http://localhost:3000/api/items/ 
 path_url=/api/items/ 
 headers={'User-Agent': 'python-requests/2.32.3', 'Accept-Encoding': 'gzip, deflate', 'Accept': '*/*', 'Connection': 'keep-alive'} 
 body=None 
 </msg>
<msg time="2026-04-07T19:09:06.862869" level="INFO">GET Response : url=http://localhost:3000/api/items/ 
 status=200, reason=OK 
 headers={'date': 'Tue, 07 Apr 2026 12:09:04 GMT', 'server': 'uvicorn', 'content-length': '988', 'content-type': 'application/json'} 
 body={"items":[{"id":7,"name":"esp32","quantity":2,"is_active":true,"image":"https://t3.storageapi.dev/image-holster-edwzzkdjhjg/ai-samples/esp32/2026/04/esp32_5b58c9cf8893.jpg?X-Amz-Algorithm=AWS4-HMAC-SHA256&amp;X-Amz-Credential=tid_Zmysfy__QuHeIfCSzRJrmPwJswjcPUvuAYW_qLeJmjnFdoSjaT%2F20260407%2Fsin%2Fs3%2Faws4_request&amp;X-Amz-Date=20260407T120906Z&amp;X-Amz-Expires=1800&amp;X-Amz-SignedHeaders=host&amp;X-Amz-Signature=207e287e3e05b802a9ffec1d22322523c1e83b6a3804ac8ca85a98f1773762be"},{"id":8,"name":"Ac Motor","quantity":3,"is_active":true,"image":"https://t3.storageapi.dev/image-holster-edwzzkdjhjg/ai-samples/ac-motor/2026/04/ac-motor_a68f564b8a42.jpg?X-Amz-Algorithm=AWS4-HMAC-SHA256&amp;X-Amz-Credential=tid_Zmysfy__QuHeIfCSzRJrmPwJswjcPUvuAYW_qLeJmjnFdoSjaT%2F20260407%2Fsin%2Fs3%2Faws4_request&amp;X-Amz-Date=20260407T120906Z&amp;X-Amz-Expires=1800&amp;X-Amz-SignedHeaders=host&amp;X-Amz-Signature=475f1f97fd073a469968af044a8953da6d066d1f371519c2d6edca85bbb7f41a"}],"total":2,"page":1,"page_size":20,"total_pages":1} 
 </msg>
<msg time="2026-04-07T19:09:06.862869" level="INFO">${resp} = &lt;Response [200]&gt;</msg>
<var>${resp}</var>
<arg>api</arg>
<arg>${ITEMS_PATH}</arg>
<doc>Sends a GET request on a previously created HTTP Session.</doc>
<status status="PASS" start="2026-04-07T19:09:04.963881" elapsed="1.898988"/>
</kw>
<kw name="Set Variable" owner="BuiltIn">
<msg time="2026-04-07T19:09:06.865198" level="INFO">${items} = [{'id': 7, 'name': 'esp32', 'quantity': 2, 'is_active': True, 'image': 'https://t3.storageapi.dev/image-holster-edwzzkdjhjg/ai-samples/esp32/2026/04/esp32_5b58c9cf8893.jpg?X-Amz-Algorithm=AWS4-HMAC-SH...</msg>
<var>${items}</var>
<arg>${resp.json()}[items]</arg>
<doc>Returns the given values which can then be assigned to a variables.</doc>
<status status="PASS" start="2026-04-07T19:09:06.863893" elapsed="0.001305"/>
</kw>
<kw name="Skip If" owner="BuiltIn">
<arg>len($items) == 0</arg>
<arg>No items in DB to test with</arg>
<doc>Skips the rest of the current test if the ``condition`` is True.</doc>
<status status="PASS" start="2026-04-07T19:09:06.866208" elapsed="0.000000"/>
</kw>
<kw name="Set Variable" owner="BuiltIn">
<msg time="2026-04-07T19:09:06.867204" level="INFO">${item_id} = 7</msg>
<var>${item_id}</var>
<arg>${items}[0][id]</arg>
<doc>Returns the given values which can then be assigned to a variables.</doc>
<status status="PASS" start="2026-04-07T19:09:06.867204" elapsed="0.000000"/>
</kw>
<kw name="Create Dictionary" owner="BuiltIn">
<msg time="2026-04-07T19:09:06.868214" level="INFO">${body} = {'delta': 0}</msg>
<var>${body}</var>
<arg>delta=${0}</arg>
<doc>Creates and returns a dictionary based on the given ``items``.</doc>
<status status="PASS" start="2026-04-07T19:09:06.868214" elapsed="0.000000"/>
</kw>
<kw name="PATCH On Session" owner="RequestsLibrary">
<msg time="2026-04-07T19:09:09.526817" level="INFO">PATCH Request : url=http://localhost:3000/api/items/7/quantity 
 path_url=/api/items/7/quantity 
 headers={'User-Agent': 'python-requests/2.32.3', 'Accept-Encoding': 'gzip, deflate', 'Accept': '*/*', 'Connection': 'keep-alive', 'Authorization': 'Bearer eyJhbGciOiJIUzI1NiIsInR5cCI6IkpXVCJ9.eyJzdWIiOiIxIiwicm9sZSI6ImFkbWluIiwiZXhwIjoxNzc1NjUwMTQ0LCJpYXQiOjE3NzU1NjM3NDR9.aDn7N5QDyA5dmQ9CwhANK-LON9VPPIBrwnpUC1xZ-SM', 'Content-Length': '12', 'Content-Type': 'application/json'} 
 body=b'{"delta": 0}' 
 </msg>
<msg time="2026-04-07T19:09:09.526817" level="INFO">PATCH Response : url=http://localhost:3000/api/items/7/quantity 
 status=200, reason=OK 
 headers={'date': 'Tue, 07 Apr 2026 12:09:05 GMT', 'server': 'uvicorn', 'content-length': '66', 'content-type': 'application/json'} 
 body={"id":7,"name":"esp32","quantity":2,"is_active":true,"image":null} 
 </msg>
<msg time="2026-04-07T19:09:09.527348" level="INFO">${resp} = &lt;Response [200]&gt;</msg>
<var>${resp}</var>
<arg>api</arg>
<arg>/api/items/${item_id}/quantity</arg>
<arg>json=${body}</arg>
<arg>headers=${headers}</arg>
<doc>Sends a PATCH request on a previously created HTTP Session.</doc>
<status status="PASS" start="2026-04-07T19:09:06.869302" elapsed="2.658046"/>
</kw>
<kw name="Response Should Be OK" owner="common">
<kw name="Should Be Equal As Integers" owner="BuiltIn">
<msg time="2026-04-07T19:09:09.529469" level="INFO">Argument types are:
&lt;class 'int'&gt;
&lt;class 'str'&gt;</msg>
<arg>${response.status_code}</arg>
<arg>200</arg>
<doc>Fails if objects are unequal after converting them to integers.</doc>
<status status="PASS" start="2026-04-07T19:09:09.528362" elapsed="0.001107"/>
</kw>
<arg>${resp}</arg>
<status status="PASS" start="2026-04-07T19:09:09.528362" elapsed="0.001107"/>
</kw>
<doc>delta=0 is a no-op but must be accepted (not a 4xx).</doc>
<tag>items</tag>
<status status="PASS" start="2026-04-07T19:09:03.606738" elapsed="5.923627"/>
</test>
<test id="s1-s2-t9" name="Adjust Item Quantity Below Zero Returns 400" line="94">
<kw name="Admin Auth Header" owner="auth">
<kw name="Get Admin Token" owner="auth">
<kw name="Create Dictionary" owner="BuiltIn">
<msg time="2026-04-07T19:09:09.534374" level="INFO">${body} = {'email': 'testadmin@gmail.com', 'password': 'admin123'}</msg>
<var>${body}</var>
<arg>email=${ADMIN_EMAIL}</arg>
<arg>password=${ADMIN_PASSWORD}</arg>
<doc>Creates and returns a dictionary based on the given ``items``.</doc>
<status status="PASS" start="2026-04-07T19:09:09.534374" elapsed="0.000000"/>
</kw>
<kw name="POST On Session" owner="RequestsLibrary">
<msg time="2026-04-07T19:09:10.874506" level="INFO">POST Request : url=http://localhost:3000/api/auth/login 
 path_url=/api/auth/login 
 headers={'User-Agent': 'python-requests/2.32.3', 'Accept-Encoding': 'gzip, deflate', 'Accept': '*/*', 'Connection': 'keep-alive', 'Content-Length': '56', 'Content-Type': 'application/json'} 
 body=b'{"email": "testadmin@gmail.com", "password": "admin123"}' 
 </msg>
<msg time="2026-04-07T19:09:10.874506" level="INFO">POST Response : url=http://localhost:3000/api/auth/login 
 status=200, reason=OK 
 headers={'date': 'Tue, 07 Apr 2026 12:09:09 GMT', 'server': 'uvicorn', 'content-length': '362', 'content-type': 'application/json'} 
 body={"access_token":"eyJhbGciOiJIUzI1NiIsInR5cCI6IkpXVCJ9.eyJzdWIiOiIxIiwicm9sZSI6ImFkbWluIiwiZXhwIjoxNzc1NjUwMTUwLCJpYXQiOjE3NzU1NjM3NTB9.oB8FYBNnNhrd3ct7cOPDM6png8k2m8DNtfoyJ5gKHQY","token_type":"bearer","user":{"id":1,"name":"Admin","email":"testadmin@gmail.com","role":"admin","card_id":"51D7FAA9","is_blacklist":false,"created_at":"2026-04-01T07:51:28.684392"}} 
 </msg>
<msg time="2026-04-07T19:09:10.874506" level="INFO">${resp} = &lt;Response [200]&gt;</msg>
<var>${resp}</var>
<arg>api</arg>
<arg>/api/auth/login</arg>
<arg>json=${body}</arg>
<arg>expected_status=200</arg>
<doc>Sends a POST request on a previously created HTTP Session.</doc>
<status status="PASS" start="2026-04-07T19:09:09.534374" elapsed="1.340132"/>
</kw>
<kw name="Set Variable" owner="BuiltIn">
<msg time="2026-04-07T19:09:10.874506" level="INFO">${token} = eyJhbGciOiJIUzI1NiIsInR5cCI6IkpXVCJ9.eyJzdWIiOiIxIiwicm9sZSI6ImFkbWluIiwiZXhwIjoxNzc1NjUwMTUwLCJpYXQiOjE3NzU1NjM3NTB9.oB8FYBNnNhrd3ct7cOPDM6png8k2m8DNtfoyJ5gKHQY</msg>
<var>${token}</var>
<arg>${resp.json()}[access_token]</arg>
<doc>Returns the given values which can then be assigned to a variables.</doc>
<status status="PASS" start="2026-04-07T19:09:10.874506" elapsed="0.000000"/>
</kw>
<return>
<value>${token}</value>
<status status="PASS" start="2026-04-07T19:09:10.874506" elapsed="0.000000"/>
</return>
<msg time="2026-04-07T19:09:10.874506" level="INFO">${token} = eyJhbGciOiJIUzI1NiIsInR5cCI6IkpXVCJ9.eyJzdWIiOiIxIiwicm9sZSI6ImFkbWluIiwiZXhwIjoxNzc1NjUwMTUwLCJpYXQiOjE3NzU1NjM3NTB9.oB8FYBNnNhrd3ct7cOPDM6png8k2m8DNtfoyJ5gKHQY</msg>
<var>${token}</var>
<doc>POST /api/auth/login with admin credentials.
Returns the raw JWT string.</doc>
<status status="PASS" start="2026-04-07T19:09:09.533357" elapsed="1.341149"/>
</kw>
<kw name="Create Dictionary" owner="BuiltIn">
<msg time="2026-04-07T19:09:10.876120" level="INFO">${headers} = {'Authorization': 'Bearer eyJhbGciOiJIUzI1NiIsInR5cCI6IkpXVCJ9.eyJzdWIiOiIxIiwicm9sZSI6ImFkbWluIiwiZXhwIjoxNzc1NjUwMTUwLCJpYXQiOjE3NzU1NjM3NTB9.oB8FYBNnNhrd3ct7cOPDM6png8k2m8DNtfoyJ5gKHQY'}</msg>
<var>${headers}</var>
<arg>Authorization=Bearer ${token}</arg>
<doc>Creates and returns a dictionary based on the given ``items``.</doc>
<status status="PASS" start="2026-04-07T19:09:10.874506" elapsed="0.001614"/>
</kw>
<return>
<value>${headers}</value>
<status status="PASS" start="2026-04-07T19:09:10.876120" elapsed="0.000000"/>
</return>
<msg time="2026-04-07T19:09:10.876120" level="INFO">${headers} = {'Authorization': 'Bearer eyJhbGciOiJIUzI1NiIsInR5cCI6IkpXVCJ9.eyJzdWIiOiIxIiwicm9sZSI6ImFkbWluIiwiZXhwIjoxNzc1NjUwMTUwLCJpYXQiOjE3NzU1NjM3NTB9.oB8FYBNnNhrd3ct7cOPDM6png8k2m8DNtfoyJ5gKHQY'}</msg>
<var>${headers}</var>
<doc>Returns a headers dict with Authorization: Bearer &lt;admin token&gt;.</doc>
<status status="PASS" start="2026-04-07T19:09:09.533357" elapsed="1.342763"/>
</kw>
<kw name="GET On Session" owner="RequestsLibrary">
<msg time="2026-04-07T19:09:12.775364" level="INFO">GET Request : url=http://localhost:3000/api/items/ 
 path_url=/api/items/ 
 headers={'User-Agent': 'python-requests/2.32.3', 'Accept-Encoding': 'gzip, deflate', 'Accept': '*/*', 'Connection': 'keep-alive'} 
 body=None 
 </msg>
<msg time="2026-04-07T19:09:12.775364" level="INFO">GET Response : url=http://localhost:3000/api/items/ 
 status=200, reason=OK 
 headers={'date': 'Tue, 07 Apr 2026 12:09:10 GMT', 'server': 'uvicorn', 'content-length': '988', 'content-type': 'application/json'} 
 body={"items":[{"id":7,"name":"esp32","quantity":2,"is_active":true,"image":"https://t3.storageapi.dev/image-holster-edwzzkdjhjg/ai-samples/esp32/2026/04/esp32_5b58c9cf8893.jpg?X-Amz-Algorithm=AWS4-HMAC-SHA256&amp;X-Amz-Credential=tid_Zmysfy__QuHeIfCSzRJrmPwJswjcPUvuAYW_qLeJmjnFdoSjaT%2F20260407%2Fsin%2Fs3%2Faws4_request&amp;X-Amz-Date=20260407T120912Z&amp;X-Amz-Expires=1800&amp;X-Amz-SignedHeaders=host&amp;X-Amz-Signature=4de9a5acb59f3524eac163400d61921dadde4dcca0d6896023d6539e86478d95"},{"id":8,"name":"Ac Motor","quantity":3,"is_active":true,"image":"https://t3.storageapi.dev/image-holster-edwzzkdjhjg/ai-samples/ac-motor/2026/04/ac-motor_a68f564b8a42.jpg?X-Amz-Algorithm=AWS4-HMAC-SHA256&amp;X-Amz-Credential=tid_Zmysfy__QuHeIfCSzRJrmPwJswjcPUvuAYW_qLeJmjnFdoSjaT%2F20260407%2Fsin%2Fs3%2Faws4_request&amp;X-Amz-Date=20260407T120912Z&amp;X-Amz-Expires=1800&amp;X-Amz-SignedHeaders=host&amp;X-Amz-Signature=481b827f3b9f71efe696956582263251eb13880011cbcc8e383621b0ebdd211d"}],"total":2,"page":1,"page_size":20,"total_pages":1} 
 </msg>
<msg time="2026-04-07T19:09:12.775364" level="INFO">${resp} = &lt;Response [200]&gt;</msg>
<var>${resp}</var>
<arg>api</arg>
<arg>${ITEMS_PATH}</arg>
<doc>Sends a GET request on a previously created HTTP Session.</doc>
<status status="PASS" start="2026-04-07T19:09:10.876120" elapsed="1.900258"/>
</kw>
<kw name="Set Variable" owner="BuiltIn">
<msg time="2026-04-07T19:09:12.777885" level="INFO">${items} = [{'id': 7, 'name': 'esp32', 'quantity': 2, 'is_active': True, 'image': 'https://t3.storageapi.dev/image-holster-edwzzkdjhjg/ai-samples/esp32/2026/04/esp32_5b58c9cf8893.jpg?X-Amz-Algorithm=AWS4-HMAC-SH...</msg>
<var>${items}</var>
<arg>${resp.json()}[items]</arg>
<doc>Returns the given values which can then be assigned to a variables.</doc>
<status status="PASS" start="2026-04-07T19:09:12.777357" elapsed="0.000528"/>
</kw>
<kw name="Skip If" owner="BuiltIn">
<arg>len($items) == 0</arg>
<arg>No items in DB to test with</arg>
<doc>Skips the rest of the current test if the ``condition`` is True.</doc>
<status status="PASS" start="2026-04-07T19:09:12.779459" elapsed="0.000695"/>
</kw>
<kw name="Set Variable" owner="BuiltIn">
<msg time="2026-04-07T19:09:12.780154" level="INFO">${item_id} = 7</msg>
<var>${item_id}</var>
<arg>${items}[0][id]</arg>
<doc>Returns the given values which can then be assigned to a variables.</doc>
<status status="PASS" start="2026-04-07T19:09:12.780154" elapsed="0.000000"/>
</kw>
<kw name="Create Dictionary" owner="BuiltIn">
<msg time="2026-04-07T19:09:12.781170" level="INFO">${body} = {'delta': -999999}</msg>
<var>${body}</var>
<arg>delta=${-999999}</arg>
<doc>Creates and returns a dictionary based on the given ``items``.</doc>
<status status="PASS" start="2026-04-07T19:09:12.780154" elapsed="0.001016"/>
</kw>
<kw name="PATCH On Session" owner="RequestsLibrary">
<msg time="2026-04-07T19:09:14.293457" level="INFO">PATCH Request : url=http://localhost:3000/api/items/7/quantity 
 path_url=/api/items/7/quantity 
 headers={'User-Agent': 'python-requests/2.32.3', 'Accept-Encoding': 'gzip, deflate', 'Accept': '*/*', 'Connection': 'keep-alive', 'Authorization': 'Bearer eyJhbGciOiJIUzI1NiIsInR5cCI6IkpXVCJ9.eyJzdWIiOiIxIiwicm9sZSI6ImFkbWluIiwiZXhwIjoxNzc1NjUwMTUwLCJpYXQiOjE3NzU1NjM3NTB9.oB8FYBNnNhrd3ct7cOPDM6png8k2m8DNtfoyJ5gKHQY', 'Content-Length': '18', 'Content-Type': 'application/json'} 
 body=b'{"delta": -999999}' 
 </msg>
<msg time="2026-04-07T19:09:14.293457" level="INFO">PATCH Response : url=http://localhost:3000/api/items/7/quantity 
 status=400, reason=Bad Request 
 headers={'date': 'Tue, 07 Apr 2026 12:09:12 GMT', 'server': 'uvicorn', 'content-length': '53', 'content-type': 'application/json'} 
 body={"detail":"Cannot remove 999999 — only 2 in stock"} 
 </msg>
<msg time="2026-04-07T19:09:14.293457" level="INFO">${resp} = &lt;Response [400]&gt;</msg>
<var>${resp}</var>
<arg>api</arg>
<arg>/api/items/${item_id}/quantity</arg>
<arg>json=${body}</arg>
<arg>headers=${headers}</arg>
<arg>expected_status=400</arg>
<doc>Sends a PATCH request on a previously created HTTP Session.</doc>
<status status="PASS" start="2026-04-07T19:09:12.781170" elapsed="1.512287"/>
</kw>
<kw name="Response Should Be Bad Request" owner="common">
<kw name="Should Be Equal As Integers" owner="BuiltIn">
<msg time="2026-04-07T19:09:14.295546" level="INFO">Argument types are:
&lt;class 'int'&gt;
&lt;class 'str'&gt;</msg>
<arg>${response.status_code}</arg>
<arg>400</arg>
<doc>Fails if objects are unequal after converting them to integers.</doc>
<status status="PASS" start="2026-04-07T19:09:14.294468" elapsed="0.001078"/>
</kw>
<arg>${resp}</arg>
<status status="PASS" start="2026-04-07T19:09:14.294468" elapsed="0.001078"/>
</kw>
<tag>items</tag>
<tag>negative</tag>
<status status="PASS" start="2026-04-07T19:09:09.532363" elapsed="4.764107"/>
</test>
<test id="s1-s2-t10" name="Adjust Non-Existent Item Returns 400" line="107">
<kw name="Admin Auth Header" owner="auth">
<kw name="Get Admin Token" owner="auth">
<kw name="Create Dictionary" owner="BuiltIn">
<msg time="2026-04-07T19:09:14.300482" level="INFO">${body} = {'email': 'testadmin@gmail.com', 'password': 'admin123'}</msg>
<var>${body}</var>
<arg>email=${ADMIN_EMAIL}</arg>
<arg>password=${ADMIN_PASSWORD}</arg>
<doc>Creates and returns a dictionary based on the given ``items``.</doc>
<status status="PASS" start="2026-04-07T19:09:14.299987" elapsed="0.000495"/>
</kw>
<kw name="POST On Session" owner="RequestsLibrary">
<msg time="2026-04-07T19:09:15.647181" level="INFO">POST Request : url=http://localhost:3000/api/auth/login 
 path_url=/api/auth/login 
 headers={'User-Agent': 'python-requests/2.32.3', 'Accept-Encoding': 'gzip, deflate', 'Accept': '*/*', 'Connection': 'keep-alive', 'Content-Length': '56', 'Content-Type': 'application/json'} 
 body=b'{"email": "testadmin@gmail.com", "password": "admin123"}' 
 </msg>
<msg time="2026-04-07T19:09:15.647181" level="INFO">POST Response : url=http://localhost:3000/api/auth/login 
 status=200, reason=OK 
 headers={'date': 'Tue, 07 Apr 2026 12:09:13 GMT', 'server': 'uvicorn', 'content-length': '362', 'content-type': 'application/json'} 
 body={"access_token":"eyJhbGciOiJIUzI1NiIsInR5cCI6IkpXVCJ9.eyJzdWIiOiIxIiwicm9sZSI6ImFkbWluIiwiZXhwIjoxNzc1NjUwMTU1LCJpYXQiOjE3NzU1NjM3NTV9.Jxxxd9dOobQE2qj-dK7BDZsjmtbtS318iiJg9jmeLDs","token_type":"bearer","user":{"id":1,"name":"Admin","email":"testadmin@gmail.com","role":"admin","card_id":"51D7FAA9","is_blacklist":false,"created_at":"2026-04-01T07:51:28.684392"}} 
 </msg>
<msg time="2026-04-07T19:09:15.647181" level="INFO">${resp} = &lt;Response [200]&gt;</msg>
<var>${resp}</var>
<arg>api</arg>
<arg>/api/auth/login</arg>
<arg>json=${body}</arg>
<arg>expected_status=200</arg>
<doc>Sends a POST request on a previously created HTTP Session.</doc>
<status status="PASS" start="2026-04-07T19:09:14.300482" elapsed="1.346699"/>
</kw>
<kw name="Set Variable" owner="BuiltIn">
<msg time="2026-04-07T19:09:15.648171" level="INFO">${token} = eyJhbGciOiJIUzI1NiIsInR5cCI6IkpXVCJ9.eyJzdWIiOiIxIiwicm9sZSI6ImFkbWluIiwiZXhwIjoxNzc1NjUwMTU1LCJpYXQiOjE3NzU1NjM3NTV9.Jxxxd9dOobQE2qj-dK7BDZsjmtbtS318iiJg9jmeLDs</msg>
<var>${token}</var>
<arg>${resp.json()}[access_token]</arg>
<doc>Returns the given values which can then be assigned to a variables.</doc>
<status status="PASS" start="2026-04-07T19:09:15.647181" elapsed="0.000990"/>
</kw>
<return>
<value>${token}</value>
<status status="PASS" start="2026-04-07T19:09:15.648171" elapsed="0.000000"/>
</return>
<msg time="2026-04-07T19:09:15.648171" level="INFO">${token} = eyJhbGciOiJIUzI1NiIsInR5cCI6IkpXVCJ9.eyJzdWIiOiIxIiwicm9sZSI6ImFkbWluIiwiZXhwIjoxNzc1NjUwMTU1LCJpYXQiOjE3NzU1NjM3NTV9.Jxxxd9dOobQE2qj-dK7BDZsjmtbtS318iiJg9jmeLDs</msg>
<var>${token}</var>
<doc>POST /api/auth/login with admin credentials.
Returns the raw JWT string.</doc>
<status status="PASS" start="2026-04-07T19:09:14.298467" elapsed="1.349704"/>
</kw>
<kw name="Create Dictionary" owner="BuiltIn">
<msg time="2026-04-07T19:09:15.648171" level="INFO">${headers} = {'Authorization': 'Bearer eyJhbGciOiJIUzI1NiIsInR5cCI6IkpXVCJ9.eyJzdWIiOiIxIiwicm9sZSI6ImFkbWluIiwiZXhwIjoxNzc1NjUwMTU1LCJpYXQiOjE3NzU1NjM3NTV9.Jxxxd9dOobQE2qj-dK7BDZsjmtbtS318iiJg9jmeLDs'}</msg>
<var>${headers}</var>
<arg>Authorization=Bearer ${token}</arg>
<doc>Creates and returns a dictionary based on the given ``items``.</doc>
<status status="PASS" start="2026-04-07T19:09:15.648171" elapsed="0.000000"/>
</kw>
<return>
<value>${headers}</value>
<status status="PASS" start="2026-04-07T19:09:15.648171" elapsed="0.000000"/>
</return>
<msg time="2026-04-07T19:09:15.649122" level="INFO">${headers} = {'Authorization': 'Bearer eyJhbGciOiJIUzI1NiIsInR5cCI6IkpXVCJ9.eyJzdWIiOiIxIiwicm9sZSI6ImFkbWluIiwiZXhwIjoxNzc1NjUwMTU1LCJpYXQiOjE3NzU1NjM3NTV9.Jxxxd9dOobQE2qj-dK7BDZsjmtbtS318iiJg9jmeLDs'}</msg>
<var>${headers}</var>
<doc>Returns a headers dict with Authorization: Bearer &lt;admin token&gt;.</doc>
<status status="PASS" start="2026-04-07T19:09:14.298467" elapsed="1.350655"/>
</kw>
<kw name="Create Dictionary" owner="BuiltIn">
<msg time="2026-04-07T19:09:15.650122" level="INFO">${body} = {'delta': 1}</msg>
<var>${body}</var>
<arg>delta=${1}</arg>
<doc>Creates and returns a dictionary based on the given ``items``.</doc>
<status status="PASS" start="2026-04-07T19:09:15.649122" elapsed="0.001000"/>
</kw>
<kw name="PATCH On Session" owner="RequestsLibrary">
<msg time="2026-04-07T19:09:17.166299" level="INFO">PATCH Request : url=http://localhost:3000/api/items/999999/quantity 
 path_url=/api/items/999999/quantity 
 headers={'User-Agent': 'python-requests/2.32.3', 'Accept-Encoding': 'gzip, deflate', 'Accept': '*/*', 'Connection': 'keep-alive', 'Authorization': 'Bearer eyJhbGciOiJIUzI1NiIsInR5cCI6IkpXVCJ9.eyJzdWIiOiIxIiwicm9sZSI6ImFkbWluIiwiZXhwIjoxNzc1NjUwMTU1LCJpYXQiOjE3NzU1NjM3NTV9.Jxxxd9dOobQE2qj-dK7BDZsjmtbtS318iiJg9jmeLDs', 'Content-Length': '12', 'Content-Type': 'application/json'} 
 body=b'{"delta": 1}' 
 </msg>
<msg time="2026-04-07T19:09:17.166299" level="INFO">PATCH Response : url=http://localhost:3000/api/items/999999/quantity 
 status=400, reason=Bad Request 
 headers={'date': 'Tue, 07 Apr 2026 12:09:15 GMT', 'server': 'uvicorn', 'content-length': '34', 'content-type': 'application/json'} 
 body={"detail":"Item 999999 not found"} 
 </msg>
<msg time="2026-04-07T19:09:17.166299" level="INFO">${resp} = &lt;Response [400]&gt;</msg>
<var>${resp}</var>
<arg>api</arg>
<arg>/api/items/999999/quantity</arg>
<arg>json=${body}</arg>
<arg>headers=${headers}</arg>
<arg>expected_status=400</arg>
<doc>Sends a PATCH request on a previously created HTTP Session.</doc>
<status status="PASS" start="2026-04-07T19:09:15.650122" elapsed="1.516177"/>
</kw>
<kw name="Response Should Be Bad Request" owner="common">
<kw name="Should Be Equal As Integers" owner="BuiltIn">
<msg time="2026-04-07T19:09:17.168771" level="INFO">Argument types are:
&lt;class 'int'&gt;
&lt;class 'str'&gt;</msg>
<arg>${response.status_code}</arg>
<arg>400</arg>
<doc>Fails if objects are unequal after converting them to integers.</doc>
<status status="PASS" start="2026-04-07T19:09:17.167260" elapsed="0.001511"/>
</kw>
<arg>${resp}</arg>
<status status="PASS" start="2026-04-07T19:09:17.167260" elapsed="0.001511"/>
</kw>
<tag>items</tag>
<tag>negative</tag>
<status status="PASS" start="2026-04-07T19:09:14.298467" elapsed="2.871320"/>
</test>
<kw name="Delete API Session" owner="common" type="TEARDOWN">
<kw name="Delete All Sessions" owner="RequestsLibrary">
<msg time="2026-04-07T19:09:17.172782" level="INFO">Deleting All Sessions</msg>
<doc>Removes all the session objects</doc>
<status status="PASS" start="2026-04-07T19:09:17.172782" elapsed="0.000000"/>
</kw>
<doc>Clean up the shared session.</doc>
<status status="PASS" start="2026-04-07T19:09:17.171792" elapsed="0.000990"/>
</kw>
<doc>System tests for:
  GET  /api/items/
  PATCH /api/items/{item_id}/quantity</doc>
<status status="PASS" start="2026-04-07T19:08:53.822155" elapsed="23.350627"/>
</suite>
<suite id="s1-s3" name="03 Users" source="C:\Users\baile\Documents\Coding_spaces\Project\inventory_software\backend\tests\system-tests\suites\03_users.robot">
<kw name="Create API Session" owner="common" type="SETUP">
<kw name="Create Session" owner="RequestsLibrary">
<msg time="2026-04-07T19:09:17.180104" level="INFO">Creating Session using : alias=api, url=http://localhost:3000, headers={},                     cookies={}, auth=None, timeout=None, proxies=None, verify=False,                     debug=0 </msg>
<arg>api</arg>
<arg>${BASE_URL}</arg>
<arg>verify=false</arg>
<doc>Create Session: create a HTTP session to a server</doc>
<status status="PASS" start="2026-04-07T19:09:17.180104" elapsed="0.000000"/>
</kw>
<doc>Create a base RequestsLibrary session pointing at the backend.</doc>
<status status="PASS" start="2026-04-07T19:09:17.180104" elapsed="0.000000"/>
</kw>
<test id="s1-s3-t1" name="List Users As Admin Returns 200" line="19">
<kw name="Admin Auth Header" owner="auth">
<kw name="Get Admin Token" owner="auth">
<kw name="Create Dictionary" owner="BuiltIn">
<msg time="2026-04-07T19:09:17.181649" level="INFO">${body} = {'email': 'testadmin@gmail.com', 'password': 'admin123'}</msg>
<var>${body}</var>
<arg>email=${ADMIN_EMAIL}</arg>
<arg>password=${ADMIN_PASSWORD}</arg>
<doc>Creates and returns a dictionary based on the given ``items``.</doc>
<status status="PASS" start="2026-04-07T19:09:17.181649" elapsed="0.000000"/>
</kw>
<kw name="POST On Session" owner="RequestsLibrary">
<msg time="2026-04-07T19:09:20.561365" level="INFO">POST Request : url=http://localhost:3000/api/auth/login 
 path_url=/api/auth/login 
 headers={'User-Agent': 'python-requests/2.32.3', 'Accept-Encoding': 'gzip, deflate', 'Accept': '*/*', 'Connection': 'keep-alive', 'Content-Length': '56', 'Content-Type': 'application/json'} 
 body=b'{"email": "testadmin@gmail.com", "password": "admin123"}' 
 </msg>
<msg time="2026-04-07T19:09:20.561892" level="INFO">POST Response : url=http://localhost:3000/api/auth/login 
 status=200, reason=OK 
 headers={'date': 'Tue, 07 Apr 2026 12:09:18 GMT', 'server': 'uvicorn', 'content-length': '362', 'content-type': 'application/json'} 
 body={"access_token":"eyJhbGciOiJIUzI1NiIsInR5cCI6IkpXVCJ9.eyJzdWIiOiIxIiwicm9sZSI6ImFkbWluIiwiZXhwIjoxNzc1NjUwMTYwLCJpYXQiOjE3NzU1NjM3NjB9.O7NmVQa6kNqDCRoahCj-Xl3MtKVrjxAcq_p2XCH5flY","token_type":"bearer","user":{"id":1,"name":"Admin","email":"testadmin@gmail.com","role":"admin","card_id":"51D7FAA9","is_blacklist":false,"created_at":"2026-04-01T07:51:28.684392"}} 
 </msg>
<msg time="2026-04-07T19:09:20.561892" level="INFO">${resp} = &lt;Response [200]&gt;</msg>
<var>${resp}</var>
<arg>api</arg>
<arg>/api/auth/login</arg>
<arg>json=${body}</arg>
<arg>expected_status=200</arg>
<doc>Sends a POST request on a previously created HTTP Session.</doc>
<status status="PASS" start="2026-04-07T19:09:17.181649" elapsed="3.380243"/>
</kw>
<kw name="Set Variable" owner="BuiltIn">
<msg time="2026-04-07T19:09:20.561892" level="INFO">${token} = eyJhbGciOiJIUzI1NiIsInR5cCI6IkpXVCJ9.eyJzdWIiOiIxIiwicm9sZSI6ImFkbWluIiwiZXhwIjoxNzc1NjUwMTYwLCJpYXQiOjE3NzU1NjM3NjB9.O7NmVQa6kNqDCRoahCj-Xl3MtKVrjxAcq_p2XCH5flY</msg>
<var>${token}</var>
<arg>${resp.json()}[access_token]</arg>
<doc>Returns the given values which can then be assigned to a variables.</doc>
<status status="PASS" start="2026-04-07T19:09:20.561892" elapsed="0.000000"/>
</kw>
<return>
<value>${token}</value>
<status status="PASS" start="2026-04-07T19:09:20.561892" elapsed="0.000000"/>
</return>
<msg time="2026-04-07T19:09:20.563004" level="INFO">${token} = eyJhbGciOiJIUzI1NiIsInR5cCI6IkpXVCJ9.eyJzdWIiOiIxIiwicm9sZSI6ImFkbWluIiwiZXhwIjoxNzc1NjUwMTYwLCJpYXQiOjE3NzU1NjM3NjB9.O7NmVQa6kNqDCRoahCj-Xl3MtKVrjxAcq_p2XCH5flY</msg>
<var>${token}</var>
<doc>POST /api/auth/login with admin credentials.
Returns the raw JWT string.</doc>
<status status="PASS" start="2026-04-07T19:09:17.181649" elapsed="3.381355"/>
</kw>
<kw name="Create Dictionary" owner="BuiltIn">
[...]
&lt;class 'int'&gt;
&lt;class 'str'&gt;</msg>
<arg>${response.status_code}</arg>
<arg>200</arg>
<doc>Fails if objects are unequal after converting them to integers.</doc>
<status status="PASS" start="2026-04-07T19:11:31.884294" elapsed="0.001005"/>
</kw>
<arg>${resp}</arg>
<status status="PASS" start="2026-04-07T19:11:31.884294" elapsed="0.001005"/>
</kw>
<kw name="Set Variable" owner="BuiltIn">
<msg time="2026-04-07T19:11:31.888300" level="INFO">${card_after} = None</msg>
<var>${card_after}</var>
<arg>${resp.json()}[card_id]</arg>
<doc>Returns the given values which can then be assigned to a variables.</doc>
<status status="PASS" start="2026-04-07T19:11:31.886310" elapsed="0.001990"/>
</kw>
<kw name="Should Be Equal" owner="BuiltIn">
<arg>${card_after}</arg>
<arg>${None}</arg>
<doc>Fails if the given objects are unequal.</doc>
<status status="PASS" start="2026-04-07T19:11:31.889293" elapsed="0.000000"/>
</kw>
<doc>If the admin account already has a card linked, unlinking must
return 200 and set card_id to null in the response.</doc>
<tag>nfc-card</tag>
<status status="PASS" start="2026-04-07T19:11:26.713677" elapsed="5.176682"/>
</test>
<test id="s1-s8-t5" name="Link Card When Already Linked Returns 409" line="78">
<kw name="Admin Auth Header" owner="auth">
<kw name="Get Admin Token" owner="auth">
<kw name="Create Dictionary" owner="BuiltIn">
<msg time="2026-04-07T19:11:31.895098" level="INFO">${body} = {'email': 'testadmin@gmail.com', 'password': 'admin123'}</msg>
<var>${body}</var>
<arg>email=${ADMIN_EMAIL}</arg>
<arg>password=${ADMIN_PASSWORD}</arg>
<doc>Creates and returns a dictionary based on the given ``items``.</doc>
<status status="PASS" start="2026-04-07T19:11:31.895098" elapsed="0.000000"/>
</kw>
<kw name="POST On Session" owner="RequestsLibrary">
<msg time="2026-04-07T19:11:33.379123" level="INFO">POST Request : url=http://localhost:3000/api/auth/login 
 path_url=/api/auth/login 
 headers={'User-Agent': 'python-requests/2.32.3', 'Accept-Encoding': 'gzip, deflate', 'Accept': '*/*', 'Connection': 'keep-alive', 'Content-Length': '56', 'Content-Type': 'application/json'} 
 body=b'{"email": "testadmin@gmail.com", "password": "admin123"}' 
 </msg>
<msg time="2026-04-07T19:11:33.379123" level="INFO">POST Response : url=http://localhost:3000/api/auth/login 
 status=200, reason=OK 
 headers={'date': 'Tue, 07 Apr 2026 12:11:31 GMT', 'server': 'uvicorn', 'content-length': '356', 'content-type': 'application/json'} 
 body={"access_token":"eyJhbGciOiJIUzI1NiIsInR5cCI6IkpXVCJ9.eyJzdWIiOiIxIiwicm9sZSI6ImFkbWluIiwiZXhwIjoxNzc1NjUwMjkzLCJpYXQiOjE3NzU1NjM4OTN9.kFT-eTcqyE98hyYcRhlz39jeeCv9xb6yY9cHNIlPGuM","token_type":"bearer","user":{"id":1,"name":"Admin","email":"testadmin@gmail.com","role":"admin","card_id":null,"is_blacklist":false,"created_at":"2026-04-01T07:51:28.684392"}} 
 </msg>
<msg time="2026-04-07T19:11:33.379123" level="INFO">${resp} = &lt;Response [200]&gt;</msg>
<var>${resp}</var>
<arg>api</arg>
<arg>/api/auth/login</arg>
<arg>json=${body}</arg>
<arg>expected_status=200</arg>
<doc>Sends a POST request on a previously created HTTP Session.</doc>
<status status="PASS" start="2026-04-07T19:11:31.895098" elapsed="1.484658"/>
</kw>
<kw name="Set Variable" owner="BuiltIn">
<msg time="2026-04-07T19:11:33.379756" level="INFO">${token} = eyJhbGciOiJIUzI1NiIsInR5cCI6IkpXVCJ9.eyJzdWIiOiIxIiwicm9sZSI6ImFkbWluIiwiZXhwIjoxNzc1NjUwMjkzLCJpYXQiOjE3NzU1NjM4OTN9.kFT-eTcqyE98hyYcRhlz39jeeCv9xb6yY9cHNIlPGuM</msg>
<var>${token}</var>
<arg>${resp.json()}[access_token]</arg>
<doc>Returns the given values which can then be assigned to a variables.</doc>
<status status="PASS" start="2026-04-07T19:11:33.379756" elapsed="0.000000"/>
</kw>
<return>
<value>${token}</value>
<status status="PASS" start="2026-04-07T19:11:33.379756" elapsed="0.000000"/>
</return>
<msg time="2026-04-07T19:11:33.380921" level="INFO">${token} = eyJhbGciOiJIUzI1NiIsInR5cCI6IkpXVCJ9.eyJzdWIiOiIxIiwicm9sZSI6ImFkbWluIiwiZXhwIjoxNzc1NjUwMjkzLCJpYXQiOjE3NzU1NjM4OTN9.kFT-eTcqyE98hyYcRhlz39jeeCv9xb6yY9cHNIlPGuM</msg>
<var>${token}</var>
<doc>POST /api/auth/login with admin credentials.
Returns the raw JWT string.</doc>
<status status="PASS" start="2026-04-07T19:11:31.893969" elapsed="1.486952"/>
</kw>
<kw name="Create Dictionary" owner="BuiltIn">
<msg time="2026-04-07T19:11:33.380921" level="INFO">${headers} = {'Authorization': 'Bearer eyJhbGciOiJIUzI1NiIsInR5cCI6IkpXVCJ9.eyJzdWIiOiIxIiwicm9sZSI6ImFkbWluIiwiZXhwIjoxNzc1NjUwMjkzLCJpYXQiOjE3NzU1NjM4OTN9.kFT-eTcqyE98hyYcRhlz39jeeCv9xb6yY9cHNIlPGuM'}</msg>
<var>${headers}</var>
<arg>Authorization=Bearer ${token}</arg>
<doc>Creates and returns a dictionary based on the given ``items``.</doc>
<status status="PASS" start="2026-04-07T19:11:33.380921" elapsed="0.000000"/>
</kw>
<return>
<value>${headers}</value>
<status status="PASS" start="2026-04-07T19:11:33.380921" elapsed="0.000000"/>
</return>
<msg time="2026-04-07T19:11:33.380921" level="INFO">${headers} = {'Authorization': 'Bearer eyJhbGciOiJIUzI1NiIsInR5cCI6IkpXVCJ9.eyJzdWIiOiIxIiwicm9sZSI6ImFkbWluIiwiZXhwIjoxNzc1NjUwMjkzLCJpYXQiOjE3NzU1NjM4OTN9.kFT-eTcqyE98hyYcRhlz39jeeCv9xb6yY9cHNIlPGuM'}</msg>
<var>${headers}</var>
<doc>Returns a headers dict with Authorization: Bearer &lt;admin token&gt;.</doc>
<status status="PASS" start="2026-04-07T19:11:31.893969" elapsed="1.486952"/>
</kw>
<kw name="GET On Session" owner="RequestsLibrary">
<msg time="2026-04-07T19:11:34.520538" level="INFO">GET Request : url=http://localhost:3000/api/auth/me 
 path_url=/api/auth/me 
 headers={'User-Agent': 'python-requests/2.32.3', 'Accept-Encoding': 'gzip, deflate', 'Accept': '*/*', 'Connection': 'keep-alive', 'Authorization': 'Bearer eyJhbGciOiJIUzI1NiIsInR5cCI6IkpXVCJ9.eyJzdWIiOiIxIiwicm9sZSI6ImFkbWluIiwiZXhwIjoxNzc1NjUwMjkzLCJpYXQiOjE3NzU1NjM4OTN9.kFT-eTcqyE98hyYcRhlz39jeeCv9xb6yY9cHNIlPGuM'} 
 body=None 
 </msg>
<msg time="2026-04-07T19:11:34.520538" level="INFO">GET Response : url=http://localhost:3000/api/auth/me 
 status=200, reason=OK 
 headers={'date': 'Tue, 07 Apr 2026 12:11:32 GMT', 'server': 'uvicorn', 'content-length': '146', 'content-type': 'application/json'} 
 body={"id":1,"name":"Admin","email":"testadmin@gmail.com","role":"admin","card_id":null,"is_blacklist":false,"created_at":"2026-04-01T07:51:28.684392"} 
 </msg>
<msg time="2026-04-07T19:11:34.520538" level="INFO">${me} = &lt;Response [200]&gt;</msg>
<var>${me}</var>
<arg>api</arg>
<arg>/api/auth/me</arg>
<arg>headers=${headers}</arg>
<doc>Sends a GET request on a previously created HTTP Session.</doc>
<status status="PASS" start="2026-04-07T19:11:33.382595" elapsed="1.137943"/>
</kw>
<kw name="Set Variable" owner="BuiltIn">
<msg time="2026-04-07T19:11:34.523173" level="INFO">${has_card} = None</msg>
<var>${has_card}</var>
<arg>${me.json()}[card_id]</arg>
<doc>Returns the given values which can then be assigned to a variables.</doc>
<status status="PASS" start="2026-04-07T19:11:34.522157" elapsed="0.001016"/>
</kw>
<kw name="Skip If" owner="BuiltIn">
<msg time="2026-04-07T19:11:34.524165" level="SKIP">Admin has no card — need a linked card to test 409</msg>
<arg>$has_card is None</arg>
<arg>Admin has no card — need a linked card to test 409</arg>
<doc>Skips the rest of the current test if the ``condition`` is True.</doc>
<status status="SKIP" start="2026-04-07T19:11:34.524165" elapsed="0.000000">Admin has no card — need a linked card to test 409</status>
</kw>
<kw name="POST On Session" owner="RequestsLibrary">
<var>${resp}</var>
<arg>api</arg>
<arg>${CARD_BASE}/link-card</arg>
<arg>headers=${headers}</arg>
<arg>expected_status=409</arg>
<doc>Sends a POST request on a previously created HTTP Session.</doc>
<status status="NOT RUN" start="2026-04-07T19:11:34.525165" elapsed="0.000000"/>
</kw>
<kw name="Should Be Equal As Integers" owner="BuiltIn">
<arg>${resp.status_code}</arg>
<arg>409</arg>
<doc>Fails if objects are unequal after converting them to integers.</doc>
<status status="NOT RUN" start="2026-04-07T19:11:34.526208" elapsed="0.000000"/>
</kw>
<kw name="Should Contain" owner="BuiltIn">
<arg>${resp.json()}[detail]</arg>
<arg>already have a card</arg>
<doc>Fails if ``container`` does not contain ``item`` one or more times.</doc>
<status status="NOT RUN" start="2026-04-07T19:11:34.527171" elapsed="0.000000"/>
</kw>
<doc>If the admin already has a card, a second link attempt returns 409
immediately without waiting for IoT.</doc>
<tag>negative</tag>
<tag>nfc-card</tag>
<status status="SKIP" start="2026-04-07T19:11:31.892289" elapsed="2.635880">Admin has no card — need a linked card to test 409</status>
</test>
<test id="s1-s8-t6" name="Link Card Without Hardware Times Out And Returns 408" line="92">
<kw name="Admin Auth Header" owner="auth">
<kw name="Get Admin Token" owner="auth">
<kw name="Create Dictionary" owner="BuiltIn">
<msg time="2026-04-07T19:11:34.534681" level="INFO">${body} = {'email': 'testadmin@gmail.com', 'password': 'admin123'}</msg>
<var>${body}</var>
<arg>email=${ADMIN_EMAIL}</arg>
<arg>password=${ADMIN_PASSWORD}</arg>
<doc>Creates and returns a dictionary based on the given ``items``.</doc>
<status status="PASS" start="2026-04-07T19:11:34.533681" elapsed="0.001000"/>
</kw>
<kw name="POST On Session" owner="RequestsLibrary">
<msg time="2026-04-07T19:11:36.009689" level="INFO">POST Request : url=http://localhost:3000/api/auth/login 
 path_url=/api/auth/login 
 headers={'User-Agent': 'python-requests/2.32.3', 'Accept-Encoding': 'gzip, deflate', 'Accept': '*/*', 'Connection': 'keep-alive', 'Content-Length': '56', 'Content-Type': 'application/json'} 
 body=b'{"email": "testadmin@gmail.com", "password": "admin123"}' 
 </msg>
<msg time="2026-04-07T19:11:36.009689" level="INFO">POST Response : url=http://localhost:3000/api/auth/login 
 status=200, reason=OK 
 headers={'date': 'Tue, 07 Apr 2026 12:11:33 GMT', 'server': 'uvicorn', 'content-length': '356', 'content-type': 'application/json'} 
 body={"access_token":"eyJhbGciOiJIUzI1NiIsInR5cCI6IkpXVCJ9.eyJzdWIiOiIxIiwicm9sZSI6ImFkbWluIiwiZXhwIjoxNzc1NjUwMjk1LCJpYXQiOjE3NzU1NjM4OTV9.cUhm4zygr6hCzaVWgz9wYN0M7gvDFos3NbeLXA96Jfw","token_type":"bearer","user":{"id":1,"name":"Admin","email":"testadmin@gmail.com","role":"admin","card_id":null,"is_blacklist":false,"created_at":"2026-04-01T07:51:28.684392"}} 
 </msg>
<msg time="2026-04-07T19:11:36.009689" level="INFO">${resp} = &lt;Response [200]&gt;</msg>
<var>${resp}</var>
<arg>api</arg>
<arg>/api/auth/login</arg>
<arg>json=${body}</arg>
<arg>expected_status=200</arg>
<doc>Sends a POST request on a previously created HTTP Session.</doc>
<status status="PASS" start="2026-04-07T19:11:34.535684" elapsed="1.474005"/>
</kw>
<kw name="Set Variable" owner="BuiltIn">
<msg time="2026-04-07T19:11:36.010686" level="INFO">${token} = eyJhbGciOiJIUzI1NiIsInR5cCI6IkpXVCJ9.eyJzdWIiOiIxIiwicm9sZSI6ImFkbWluIiwiZXhwIjoxNzc1NjUwMjk1LCJpYXQiOjE3NzU1NjM4OTV9.cUhm4zygr6hCzaVWgz9wYN0M7gvDFos3NbeLXA96Jfw</msg>
<var>${token}</var>
<arg>${resp.json()}[access_token]</arg>
<doc>Returns the given values which can then be assigned to a variables.</doc>
<status status="PASS" start="2026-04-07T19:11:36.009689" elapsed="0.000997"/>
</kw>
<return>
<value>${token}</value>
<status status="PASS" start="2026-04-07T19:11:36.010686" elapsed="0.000000"/>
</return>
<msg time="2026-04-07T19:11:36.010686" level="INFO">${token} = eyJhbGciOiJIUzI1NiIsInR5cCI6IkpXVCJ9.eyJzdWIiOiIxIiwicm9sZSI6ImFkbWluIiwiZXhwIjoxNzc1NjUwMjk1LCJpYXQiOjE3NzU1NjM4OTV9.cUhm4zygr6hCzaVWgz9wYN0M7gvDFos3NbeLXA96Jfw</msg>
<var>${token}</var>
<doc>POST /api/auth/login with admin credentials.
Returns the raw JWT string.</doc>
<status status="PASS" start="2026-04-07T19:11:34.531163" elapsed="1.479523"/>
</kw>
<kw name="Create Dictionary" owner="BuiltIn">
<msg time="2026-04-07T19:11:36.011792" level="INFO">${headers} = {'Authorization': 'Bearer eyJhbGciOiJIUzI1NiIsInR5cCI6IkpXVCJ9.eyJzdWIiOiIxIiwicm9sZSI6ImFkbWluIiwiZXhwIjoxNzc1NjUwMjk1LCJpYXQiOjE3NzU1NjM4OTV9.cUhm4zygr6hCzaVWgz9wYN0M7gvDFos3NbeLXA96Jfw'}</msg>
<var>${headers}</var>
<arg>Authorization=Bearer ${token}</arg>
<doc>Creates and returns a dictionary based on the given ``items``.</doc>
<status status="PASS" start="2026-04-07T19:11:36.011792" elapsed="0.000000"/>
</kw>
<return>
<value>${headers}</value>
<status status="PASS" start="2026-04-07T19:11:36.011792" elapsed="0.000000"/>
</return>
<msg time="2026-04-07T19:11:36.011792" level="INFO">${headers} = {'Authorization': 'Bearer eyJhbGciOiJIUzI1NiIsInR5cCI6IkpXVCJ9.eyJzdWIiOiIxIiwicm9sZSI6ImFkbWluIiwiZXhwIjoxNzc1NjUwMjk1LCJpYXQiOjE3NzU1NjM4OTV9.cUhm4zygr6hCzaVWgz9wYN0M7gvDFos3NbeLXA96Jfw'}</msg>
<var>${headers}</var>
<doc>Returns a headers dict with Authorization: Bearer &lt;admin token&gt;.</doc>
<status status="PASS" start="2026-04-07T19:11:34.531163" elapsed="1.480629"/>
</kw>
<kw name="GET On Session" owner="RequestsLibrary">
<msg time="2026-04-07T19:11:37.159672" level="INFO">GET Request : url=http://localhost:3000/api/auth/me 
 path_url=/api/auth/me 
 headers={'User-Agent': 'python-requests/2.32.3', 'Accept-Encoding': 'gzip, deflate', 'Accept': '*/*', 'Connection': 'keep-alive', 'Authorization': 'Bearer eyJhbGciOiJIUzI1NiIsInR5cCI6IkpXVCJ9.eyJzdWIiOiIxIiwicm9sZSI6ImFkbWluIiwiZXhwIjoxNzc1NjUwMjk1LCJpYXQiOjE3NzU1NjM4OTV9.cUhm4zygr6hCzaVWgz9wYN0M7gvDFos3NbeLXA96Jfw'} 
 body=None 
 </msg>
<msg time="2026-04-07T19:11:37.159672" level="INFO">GET Response : url=http://localhost:3000/api/auth/me 
 status=200, reason=OK 
 headers={'date': 'Tue, 07 Apr 2026 12:11:35 GMT', 'server': 'uvicorn', 'content-length': '146', 'content-type': 'application/json'} 
 body={"id":1,"name":"Admin","email":"testadmin@gmail.com","role":"admin","card_id":null,"is_blacklist":false,"created_at":"2026-04-01T07:51:28.684392"} 
 </msg>
<msg time="2026-04-07T19:11:37.159672" level="INFO">${me} = &lt;Response [200]&gt;</msg>
<var>${me}</var>
<arg>api</arg>
<arg>/api/auth/me</arg>
<arg>headers=${headers}</arg>
<doc>Sends a GET request on a previously created HTTP Session.</doc>
<status status="PASS" start="2026-04-07T19:11:36.013801" elapsed="1.145871"/>
</kw>
<kw name="Set Variable" owner="BuiltIn">
<msg time="2026-04-07T19:11:37.161713" level="INFO">${has_card} = None</msg>
<var>${has_card}</var>
<arg>${me.json()}[card_id]</arg>
<doc>Returns the given values which can then be assigned to a variables.</doc>
<status status="PASS" start="2026-04-07T19:11:37.160715" elapsed="0.000998"/>
</kw>
<kw name="Skip If" owner="BuiltIn">
<arg>$has_card is not None</arg>
<arg>Admin already has a card — would get 409 not 408</arg>
<doc>Skips the rest of the current test if the ``condition`` is True.</doc>
<status status="PASS" start="2026-04-07T19:11:37.162716" elapsed="0.000000"/>
</kw>
<kw name="POST On Session" owner="RequestsLibrary">
<msg time="2026-04-07T19:11:53.309063" level="INFO">POST Request : url=http://localhost:3000/api/users/me/link-card 
 path_url=/api/users/me/link-card 
 headers={'User-Agent': 'python-requests/2.32.3', 'Accept-Encoding': 'gzip, deflate', 'Accept': '*/*', 'Connection': 'keep-alive', 'Authorization': 'Bearer eyJhbGciOiJIUzI1NiIsInR5cCI6IkpXVCJ9.eyJzdWIiOiIxIiwicm9sZSI6ImFkbWluIiwiZXhwIjoxNzc1NjUwMjk1LCJpYXQiOjE3NzU1NjM4OTV9.cUhm4zygr6hCzaVWgz9wYN0M7gvDFos3NbeLXA96Jfw', 'Content-Length': '0'} 
 body=None 
 </msg>
<msg time="2026-04-07T19:11:53.309063" level="INFO">POST Response : url=http://localhost:3000/api/users/me/link-card 
 status=408, reason=Request Timeout 
 headers={'date': 'Tue, 07 Apr 2026 12:11:36 GMT', 'server': 'uvicorn', 'content-length': '32', 'content-type': 'application/json'} 
 body={"detail":"Card scan timed out"} 
 </msg>
<msg time="2026-04-07T19:11:53.309880" level="INFO">${resp} = &lt;Response [408]&gt;</msg>
<var>${resp}</var>
<arg>api</arg>
<arg>${CARD_BASE}/link-card</arg>
<arg>headers=${headers}</arg>
<arg>expected_status=408</arg>
<arg>timeout=20</arg>
<doc>Sends a POST request on a previously created HTTP Session.</doc>
<status status="PASS" start="2026-04-07T19:11:37.164267" elapsed="16.145613"/>
</kw>
<kw name="Should Be Equal As Integers" owner="BuiltIn">
<msg time="2026-04-07T19:11:53.310787" level="INFO">Argument types are:
&lt;class 'int'&gt;
&lt;class 'str'&gt;</msg>
<arg>${resp.status_code}</arg>
<arg>408</arg>
<doc>Fails if objects are unequal after converting them to integers.</doc>
<status status="PASS" start="2026-04-07T19:11:53.310787" elapsed="0.000000"/>
</kw>
<kw name="Should Contain" owner="BuiltIn">
<arg>${resp.json()}[detail]</arg>
<arg>timed out</arg>
<doc>Fails if ``container`` does not contain ``item`` one or more times.</doc>
<status status="PASS" start="2026-04-07T19:11:53.311938" elapsed="0.000000"/>
</kw>
<doc>When no IoT kiosk is connected the backend waits 15 seconds and then
returns 408 Request Timeout.  This test is tagged "slow" and is
excluded from the default smoke run.
Run explicitly: robot --include slow suites/08_card.robot</doc>
<tag>negative</tag>
<tag>nfc-card</tag>
<tag>slow</tag>
<status status="PASS" start="2026-04-07T19:11:34.529164" elapsed="18.783564"/>
</test>
<kw name="Delete API Session" owner="common" type="TEARDOWN">
<kw name="Delete All Sessions" owner="RequestsLibrary">
<msg time="2026-04-07T19:11:53.314913" level="INFO">Deleting All Sessions</msg>
<doc>Removes all the session objects</doc>
<status status="PASS" start="2026-04-07T19:11:53.314913" elapsed="0.001040"/>
</kw>
<doc>Clean up the shared session.</doc>
<status status="PASS" start="2026-04-07T19:11:53.314913" elapsed="0.001040"/>
</kw>
<doc>System tests for the "Link/Unlink NFC Card" use case (included by Register Account).

Endpoints:
  POST /api/users/me/link-card   — tell IoT to scan a card and link it to current user
  POST /api/users/me/unlink-card — remove the linked card from current user

Note: link-card waits for a real IoT hardware scan (15s timeout).
The hardware-dependent path is covered by negative cases only
(no hardware, 408 timeout or 409 already-linked) so these tests
never require a physical kiosk to be present.</doc>
<status status="PASS" start="2026-04-07T19:11:22.041864" elapsed="31.274089"/>
</suite>
<status status="PASS" start="2026-04-07T19:08:44.912828" elapsed="188.405662"/>
</suite>
<statistics>
<total>
<stat pass="64" fail="0" skip="3">All Tests</stat>
</total>
<tag>
<stat pass="4" fail="0" skip="0">activity-log</stat>
<stat pass="7" fail="0" skip="0">auth</stat>
<stat pass="11" fail="0" skip="0">borrowings</stat>
<stat pass="14" fail="0" skip="0">damaged-reports</stat>
<stat pass="9" fail="0" skip="1">items</stat>
<stat pass="29" fail="0" skip="3">negative</stat>
<stat pass="4" fail="0" skip="2">nfc-card</stat>
<stat pass="8" fail="0" skip="0">sessions</stat>
<stat pass="1" fail="0" skip="0">slow</stat>
<stat pass="20" fail="0" skip="0">smoke</stat>
<stat pass="7" fail="0" skip="0">users</stat>
</tag>
<suite>
<stat pass="64" fail="0" skip="3" id="s1" name="Suites">Suites</stat>
<stat pass="7" fail="0" skip="0" id="s1-s1" name="01 Auth">Suites.01 Auth</stat>
<stat pass="9" fail="0" skip="1" id="s1-s2" name="02 Items">Suites.02 Items</stat>
<stat pass="7" fail="0" skip="0" id="s1-s3" name="03 Users">Suites.03 Users</stat>
<stat pass="14" fail="0" skip="0" id="s1-s4" name="04 Damaged Reports">Suites.04 Damaged Reports</stat>
<stat pass="11" fail="0" skip="0" id="s1-s5" name="05 Borrowings">Suites.05 Borrowings</stat>
<stat pass="8" fail="0" skip="0" id="s1-s6" name="06 Sessions">Suites.06 Sessions</stat>
<stat pass="4" fail="0" skip="0" id="s1-s7" name="07 Activity Log">Suites.07 Activity Log</stat>
<stat pass="4" fail="0" skip="2" id="s1-s8" name="08 Card">Suites.08 Card</stat>
</suite>
</statistics>
<errors>
</errors>
</robot>
