<?xml version="1.0" encoding="UTF-8"?>
<robot generator="Robot 7.0 (Python 3.11.4 on win32)" generated="2026-04-07T18:55:48.853310" rpa="false" schemaversion="5">
<suite id="s1" name="Suites" source="C:\Users\baile\Documents\Coding_spaces\Project\inventory_software\backend\tests\system-tests\suites">
<suite id="s1-s1" name="01 Auth" source="C:\Users\baile\Documents\Coding_spaces\Project\inventory_software\backend\tests\system-tests\suites\01_auth.robot">
<kw name="Create API Session" owner="common" type="SETUP">
<kw name="Create Session" owner="RequestsLibrary">
<msg time="2026-04-07T18:55:49.701088" level="INFO">Creating Session using : alias=api, url=http://localhost:3000, headers={},                     cookies={}, auth=None, timeout=None, proxies=None, verify=False,                     debug=0 </msg>
<arg>api</arg>
<arg>${BASE_URL}</arg>
<arg>verify=false</arg>
<doc>Create Session: create a HTTP session to a server</doc>
<status status="PASS" start="2026-04-07T18:55:49.700569" elapsed="0.000519"/>
</kw>
<doc>Create a base RequestsLibrary session pointing at the backend.</doc>
<status status="PASS" start="2026-04-07T18:55:49.699570" elapsed="0.001518"/>
</kw>
<test id="s1-s1-t1" name="Login With Valid Admin Credentials Returns Token And User" line="11">
<kw name="Create Dictionary" owner="BuiltIn">
<msg time="2026-04-07T18:55:49.702096" level="INFO">${body} = {'email': 'testadmin@gmail.com', 'password': 'admin123'}</msg>
<var>${body}</var>
<arg>email=${ADMIN_EMAIL}</arg>
<arg>password=${ADMIN_PASSWORD}</arg>
<doc>Creates and returns a dictionary based on the given ``items``.</doc>
<status status="PASS" start="2026-04-07T18:55:49.701088" elapsed="0.001008"/>
</kw>
<kw name="POST On Session" owner="RequestsLibrary">
<msg time="2026-04-07T18:55:53.131368" level="INFO">POST Request : url=http://localhost:3000/api/auth/login 
 path_url=/api/auth/login 
 headers={'User-Agent': 'python-requests/2.32.3', 'Accept-Encoding': 'gzip, deflate', 'Accept': '*/*', 'Connection': 'keep-alive', 'Content-Length': '56', 'Content-Type': 'application/json'} 
 body=b'{"email": "testadmin@gmail.com", "password": "admin123"}' 
 </msg>
<msg time="2026-04-07T18:55:53.132341" level="INFO">POST Response : url=http://localhost:3000/api/auth/login 
 status=200, reason=OK 
 headers={'date': 'Tue, 07 Apr 2026 11:55:51 GMT', 'server': 'uvicorn', 'content-length': '362', 'content-type': 'application/json'} 
 body={"access_token":"eyJhbGciOiJIUzI1NiIsInR5cCI6IkpXVCJ9.eyJzdWIiOiIxIiwicm9sZSI6ImFkbWluIiwiZXhwIjoxNzc1NjQ5MzUyLCJpYXQiOjE3NzU1NjI5NTJ9.xgTs20grjHT4LNclV2M5QEk8jP_d51vCi5sTq2VjXuE","token_type":"bearer","user":{"id":1,"name":"Admin","email":"testadmin@gmail.com","role":"admin","card_id":"51D7FAA9","is_blacklist":false,"created_at":"2026-04-01T07:51:28.684392"}} 
 </msg>
<msg time="2026-04-07T18:55:53.132341" level="INFO">${resp} = &lt;Response [200]&gt;</msg>
<var>${resp}</var>
<arg>api</arg>
<arg>/api/auth/login</arg>
<arg>json=${body}</arg>
<doc>Sends a POST request on a previously created HTTP Session.</doc>
<status status="PASS" start="2026-04-07T18:55:49.703095" elapsed="3.429246"/>
</kw>
<kw name="Response Should Be OK" owner="common">
<kw name="Should Be Equal As Integers" owner="BuiltIn">
<msg time="2026-04-07T18:55:53.134276" level="INFO">Argument types are:
&lt;class 'int'&gt;
&lt;class 'str'&gt;</msg>
<arg>${response.status_code}</arg>
<arg>200</arg>
<doc>Fails if objects are unequal after converting them to integers.</doc>
<status status="PASS" start="2026-04-07T18:55:53.133283" elapsed="0.000993"/>
</kw>
<arg>${resp}</arg>
<status status="PASS" start="2026-04-07T18:55:53.133283" elapsed="0.000993"/>
</kw>
<kw name="Set Variable" owner="BuiltIn">
<msg time="2026-04-07T18:55:53.135278" level="INFO">${json} = {'access_token': 'eyJhbGciOiJIUzI1NiIsInR5cCI6IkpXVCJ9.eyJzdWIiOiIxIiwicm9sZSI6ImFkbWluIiwiZXhwIjoxNzc1NjQ5MzUyLCJpYXQiOjE3NzU1NjI5NTJ9.xgTs20grjHT4LNclV2M5QEk8jP_d51vCi5sTq2VjXuE', 'token_type': 'bea...</msg>
<var>${json}</var>
<arg>${resp.json()}</arg>
<doc>Returns the given values which can then be assigned to a variables.</doc>
<status status="PASS" start="2026-04-07T18:55:53.135278" elapsed="0.000000"/>
</kw>
<kw name="Dictionary Should Contain Key" owner="Collections">
<msg time="2026-04-07T18:55:53.136280" level="INFO">False</msg>
<arg>${json}</arg>
<arg>access_token</arg>
<doc>Fails if ``key`` is not found from ``dictionary``.</doc>
<status status="PASS" start="2026-04-07T18:55:53.136280" elapsed="0.000000"/>
</kw>
<kw name="Dictionary Should Contain Key" owner="Collections">
<msg time="2026-04-07T18:55:53.137321" level="INFO">False</msg>
<arg>${json}</arg>
<arg>user</arg>
<doc>Fails if ``key`` is not found from ``dictionary``.</doc>
<status status="PASS" start="2026-04-07T18:55:53.136280" elapsed="0.001041"/>
</kw>
<kw name="Should Be Equal" owner="BuiltIn">
<arg>${json}[user][email]</arg>
<arg>${ADMIN_EMAIL}</arg>
<doc>Fails if the given objects are unequal.</doc>
<status status="PASS" start="2026-04-07T18:55:53.137321" elapsed="0.000000"/>
</kw>
<kw name="Should Be Equal" owner="BuiltIn">
<arg>${json}[token_type]</arg>
<arg>bearer</arg>
<doc>Fails if the given objects are unequal.</doc>
<status status="PASS" start="2026-04-07T18:55:53.138778" elapsed="0.000000"/>
</kw>
<tag>auth</tag>
<tag>smoke</tag>
<status status="PASS" start="2026-04-07T18:55:49.701088" elapsed="3.438247"/>
</test>
<test id="s1-s1-t2" name="Login With Wrong Password Returns 401" line="24">
<kw name="Create Dictionary" owner="BuiltIn">
<msg time="2026-04-07T18:55:53.141346" level="INFO">${body} = {'email': 'testadmin@gmail.com', 'password': 'wrongpassword'}</msg>
<var>${body}</var>
<arg>email=${ADMIN_EMAIL}</arg>
<arg>password=wrongpassword</arg>
<doc>Creates and returns a dictionary based on the given ``items``.</doc>
<status status="PASS" start="2026-04-07T18:55:53.141346" elapsed="0.000000"/>
</kw>
<kw name="POST On Session" owner="RequestsLibrary">
<msg time="2026-04-07T18:55:54.488080" level="INFO">POST Request : url=http://localhost:3000/api/auth/login 
 path_url=/api/auth/login 
 headers={'User-Agent': 'python-requests/2.32.3', 'Accept-Encoding': 'gzip, deflate', 'Accept': '*/*', 'Connection': 'keep-alive', 'Content-Length': '61', 'Content-Type': 'application/json'} 
 body=b'{"email": "testadmin@gmail.com", "password": "wrongpassword"}' 
 </msg>
<msg time="2026-04-07T18:55:54.488080" level="INFO">POST Response : url=http://localhost:3000/api/auth/login 
 status=401, reason=Unauthorized 
 headers={'date': 'Tue, 07 Apr 2026 11:55:52 GMT', 'server': 'uvicorn', 'content-length': '38', 'content-type': 'application/json'} 
 body={"detail":"Invalid email or password"} 
 </msg>
<msg time="2026-04-07T18:55:54.488080" level="INFO">${resp} = &lt;Response [401]&gt;</msg>
<var>${resp}</var>
<arg>api</arg>
<arg>/api/auth/login</arg>
<arg>json=${body}</arg>
<arg>expected_status=401</arg>
<doc>Sends a POST request on a previously created HTTP Session.</doc>
<status status="PASS" start="2026-04-07T18:55:53.142346" elapsed="1.345734"/>
</kw>
<kw name="Response Should Be Unauthorized" owner="common">
<kw name="Should Be Equal As Integers" owner="BuiltIn">
<msg time="2026-04-07T18:55:54.490184" level="INFO">Argument types are:
&lt;class 'int'&gt;
&lt;class 'str'&gt;</msg>
<arg>${response.status_code}</arg>
<arg>401</arg>
<doc>Fails if objects are unequal after converting them to integers.</doc>
<status status="PASS" start="2026-04-07T18:55:54.489085" elapsed="0.001099"/>
</kw>
<arg>${resp}</arg>
<status status="PASS" start="2026-04-07T18:55:54.489085" elapsed="0.001099"/>
</kw>
<tag>auth</tag>
<tag>negative</tag>
<status status="PASS" start="2026-04-07T18:55:53.140348" elapsed="1.349836"/>
</test>
<test id="s1-s1-t3" name="Login With Unknown Email Returns 401" line="33">
<kw name="Create Dictionary" owner="BuiltIn">
<msg time="2026-04-07T18:55:54.493731" level="INFO">${body} = {'email': 'nobody@nowhere.com', 'password': 'whatever'}</msg>
<var>${body}</var>
<arg>email=nobody@nowhere.com</arg>
<arg>password=whatever</arg>
<doc>Creates and returns a dictionary based on the given ``items``.</doc>
<status status="PASS" start="2026-04-07T18:55:54.492702" elapsed="0.001029"/>
</kw>
<kw name="POST On Session" owner="RequestsLibrary">
<msg time="2026-04-07T18:55:55.618072" level="INFO">POST Request : url=http://localhost:3000/api/auth/login 
 path_url=/api/auth/login 
 headers={'User-Agent': 'python-requests/2.32.3', 'Accept-Encoding': 'gzip, deflate', 'Accept': '*/*', 'Connection': 'keep-alive', 'Content-Length': '55', 'Content-Type': 'application/json'} 
 body=b'{"email": "nobody@nowhere.com", "password": "whatever"}' 
 </msg>
<msg time="2026-04-07T18:55:55.618072" level="INFO">POST Response : url=http://localhost:3000/api/auth/login 
 status=401, reason=Unauthorized 
 headers={'date': 'Tue, 07 Apr 2026 11:55:53 GMT', 'server': 'uvicorn', 'content-length': '38', 'content-type': 'application/json'} 
 body={"detail":"Invalid email or password"} 
 </msg>
<msg time="2026-04-07T18:55:55.618072" level="INFO">${resp} = &lt;Response [401]&gt;</msg>
<var>${resp}</var>
<arg>api</arg>
<arg>/api/auth/login</arg>
<arg>json=${body}</arg>
<arg>expected_status=401</arg>
<doc>Sends a POST request on a previously created HTTP Session.</doc>
<status status="PASS" start="2026-04-07T18:55:54.493731" elapsed="1.124341"/>
</kw>
<kw name="Response Should Be Unauthorized" owner="common">
<kw name="Should Be Equal As Integers" owner="BuiltIn">
<msg time="2026-04-07T18:55:55.619079" level="INFO">Argument types are:
&lt;class 'int'&gt;
&lt;class 'str'&gt;</msg>
<arg>${response.status_code}</arg>
<arg>401</arg>
<doc>Fails if objects are unequal after converting them to integers.</doc>
<status status="PASS" start="2026-04-07T18:55:55.619079" elapsed="0.000000"/>
</kw>
<arg>${resp}</arg>
<status status="PASS" start="2026-04-07T18:55:55.619079" elapsed="0.000000"/>
</kw>
<tag>auth</tag>
<tag>negative</tag>
<status status="PASS" start="2026-04-07T18:55:54.492702" elapsed="1.127381"/>
</test>
<test id="s1-s1-t4" name="Login With Missing Password Field Returns 422" line="42">
<kw name="Create Dictionary" owner="BuiltIn">
<msg time="2026-04-07T18:55:55.622081" level="INFO">${body} = {'email': 'testadmin@gmail.com'}</msg>
<var>${body}</var>
<arg>email=${ADMIN_EMAIL}</arg>
<doc>Creates and returns a dictionary based on the given ``items``.</doc>
<status status="PASS" start="2026-04-07T18:55:55.622081" elapsed="0.000000"/>
</kw>
<kw name="POST On Session" owner="RequestsLibrary">
<msg time="2026-04-07T18:55:55.627081" level="INFO">POST Request : url=http://localhost:3000/api/auth/login 
 path_url=/api/auth/login 
 headers={'User-Agent': 'python-requests/2.32.3', 'Accept-Encoding': 'gzip, deflate', 'Accept': '*/*', 'Connection': 'keep-alive', 'Content-Length': '32', 'Content-Type': 'application/json'} 
 body=b'{"email": "testadmin@gmail.com"}' 
 </msg>
<msg time="2026-04-07T18:55:55.627081" level="INFO">POST Response : url=http://localhost:3000/api/auth/login 
 status=422, reason=Unprocessable Entity 
 headers={'date': 'Tue, 07 Apr 2026 11:55:54 GMT', 'server': 'uvicorn', 'content-length': '170', 'content-type': 'application/json'} 
 body={"detail":[{"type":"missing","loc":["body","password"],"msg":"Field required","input":{"email":"testadmin@gmail.com"},"url":"https://errors.pydantic.dev/2.5/v/missing"}]} 
 </msg>
<msg time="2026-04-07T18:55:55.627081" level="INFO">${resp} = &lt;Response [422]&gt;</msg>
<var>${resp}</var>
<arg>api</arg>
<arg>/api/auth/login</arg>
<arg>json=${body}</arg>
<arg>expected_status=422</arg>
<doc>Sends a POST request on a previously created HTTP Session.</doc>
<status status="PASS" start="2026-04-07T18:55:55.622081" elapsed="0.005000"/>
</kw>
<kw name="Should Be Equal As Integers" owner="BuiltIn">
<msg time="2026-04-07T18:55:55.628586" level="INFO">Argument types are:
&lt;class 'int'&gt;
&lt;class 'str'&gt;</msg>
<arg>${resp.status_code}</arg>
<arg>422</arg>
<doc>Fails if objects are unequal after converting them to integers.</doc>
<status status="PASS" start="2026-04-07T18:55:55.627081" elapsed="0.001505"/>
</kw>
<tag>auth</tag>
<tag>negative</tag>
<status status="PASS" start="2026-04-07T18:55:55.621081" elapsed="0.007505"/>
</test>
<test id="s1-s1-t5" name="Get Me With Valid Token Returns Current User" line="49">
<kw name="Admin Auth Header" owner="auth">
<kw name="Get Admin Token" owner="auth">
<kw name="Create Dictionary" owner="BuiltIn">
<msg time="2026-04-07T18:55:55.632618" level="INFO">${body} = {'email': 'testadmin@gmail.com', 'password': 'admin123'}</msg>
<var>${body}</var>
<arg>email=${ADMIN_EMAIL}</arg>
<arg>password=${ADMIN_PASSWORD}</arg>
<doc>Creates and returns a dictionary based on the given ``items``.</doc>
<status status="PASS" start="2026-04-07T18:55:55.632618" elapsed="0.000000"/>
</kw>
<kw name="POST On Session" owner="RequestsLibrary">
<msg time="2026-04-07T18:55:57.011779" level="INFO">POST Request : url=http://localhost:3000/api/auth/login 
 path_url=/api/auth/login 
 headers={'User-Agent': 'python-requests/2.32.3', 'Accept-Encoding': 'gzip, deflate', 'Accept': '*/*', 'Connection': 'keep-alive', 'Content-Length': '56', 'Content-Type': 'application/json'} 
 body=b'{"email": "testadmin@gmail.com", "password": "admin123"}' 
 </msg>
<msg time="2026-04-07T18:55:57.011779" level="INFO">POST Response : url=http://localhost:3000/api/auth/login 
 status=200, reason=OK 
 headers={'date': 'Tue, 07 Apr 2026 11:55:54 GMT', 'server': 'uvicorn', 'content-length': '362', 'content-type': 'application/json'} 
 body={"access_token":"eyJhbGciOiJIUzI1NiIsInR5cCI6IkpXVCJ9.eyJzdWIiOiIxIiwicm9sZSI6ImFkbWluIiwiZXhwIjoxNzc1NjQ5MzU2LCJpYXQiOjE3NzU1NjI5NTZ9.jLVt8hA6Pxq81My3wJejH308jR9onHuxnvua18hc1sM","token_type":"bearer","user":{"id":1,"name":"Admin","email":"testadmin@gmail.com","role":"admin","card_id":"51D7FAA9","is_blacklist":false,"created_at":"2026-04-01T07:51:28.684392"}} 
 </msg>
<msg time="2026-04-07T18:55:57.011779" level="INFO">${resp} = &lt;Response [200]&gt;</msg>
<var>${resp}</var>
<arg>api</arg>
<arg>/api/auth/login</arg>
<arg>json=${body}</arg>
<arg>expected_status=200</arg>
<doc>Sends a POST request on a previously created HTTP Session.</doc>
<status status="PASS" start="2026-04-07T18:55:55.632618" elapsed="1.379161"/>
</kw>
<kw name="Set Variable" owner="BuiltIn">
<msg time="2026-04-07T18:55:57.013297" level="INFO">${token} = eyJhbGciOiJIUzI1NiIsInR5cCI6IkpXVCJ9.eyJzdWIiOiIxIiwicm9sZSI6ImFkbWluIiwiZXhwIjoxNzc1NjQ5MzU2LCJpYXQiOjE3NzU1NjI5NTZ9.jLVt8hA6Pxq81My3wJejH308jR9onHuxnvua18hc1sM</msg>
<var>${token}</var>
<arg>${resp.json()}[access_token]</arg>
<doc>Returns the given values which can then be assigned to a variables.</doc>
<status status="PASS" start="2026-04-07T18:55:57.012791" elapsed="0.000506"/>
</kw>
<return>
<value>${token}</value>
<status status="PASS" start="2026-04-07T18:55:57.013297" elapsed="0.000000"/>
</return>
<msg time="2026-04-07T18:55:57.013297" level="INFO">${token} = eyJhbGciOiJIUzI1NiIsInR5cCI6IkpXVCJ9.eyJzdWIiOiIxIiwicm9sZSI6ImFkbWluIiwiZXhwIjoxNzc1NjQ5MzU2LCJpYXQiOjE3NzU1NjI5NTZ9.jLVt8hA6Pxq81My3wJejH308jR9onHuxnvua18hc1sM</msg>
<var>${token}</var>
<doc>POST /api/auth/login with admin credentials.
Returns the raw JWT string.</doc>
<status status="PASS" start="2026-04-07T18:55:55.631632" elapsed="1.381665"/>
</kw>
<kw name="Create Dictionary" owner="BuiltIn">
<msg time="2026-04-07T18:55:57.013297" level="INFO">${headers} = {'Authorization': 'Bearer eyJhbGciOiJIUzI1NiIsInR5cCI6IkpXVCJ9.eyJzdWIiOiIxIiwicm9sZSI6ImFkbWluIiwiZXhwIjoxNzc1NjQ5MzU2LCJpYXQiOjE3NzU1NjI5NTZ9.jLVt8hA6Pxq81My3wJejH308jR9onHuxnvua18hc1sM'}</msg>
<var>${headers}</var>
<arg>Authorization=Bearer ${token}</arg>
<doc>Creates and returns a dictionary based on the given ``items``.</doc>
<status status="PASS" start="2026-04-07T18:55:57.013297" elapsed="0.000000"/>
</kw>
<return>
<value>${headers}</value>
<status status="PASS" start="2026-04-07T18:55:57.013297" elapsed="0.000000"/>
</return>
<msg time="2026-04-07T18:55:57.013297" level="INFO">${headers} = {'Authorization': 'Bearer eyJhbGciOiJIUzI1NiIsInR5cCI6IkpXVCJ9.eyJzdWIiOiIxIiwicm9sZSI6ImFkbWluIiwiZXhwIjoxNzc1NjQ5MzU2LCJpYXQiOjE3NzU1NjI5NTZ9.jLVt8hA6Pxq81My3wJejH308jR9onHuxnvua18hc1sM'}</msg>
<var>${headers}</var>
<doc>Returns a headers dict with Authorization: Bearer &lt;admin token&gt;.</doc>
<status status="PASS" start="2026-04-07T18:55:55.630612" elapsed="1.383691"/>
</kw>
<kw name="GET On Session" owner="RequestsLibrary">
<msg time="2026-04-07T18:55:58.134511" level="INFO">GET Request : url=http://localhost:3000/api/auth/me 
 path_url=/api/auth/me 
 headers={'User-Agent': 'python-requests/2.32.3', 'Accept-Encoding': 'gzip, deflate', 'Accept': '*/*', 'Connection': 'keep-alive', 'Authorization': 'Bearer eyJhbGciOiJIUzI1NiIsInR5cCI6IkpXVCJ9.eyJzdWIiOiIxIiwicm9sZSI6ImFkbWluIiwiZXhwIjoxNzc1NjQ5MzU2LCJpYXQiOjE3NzU1NjI5NTZ9.jLVt8hA6Pxq81My3wJejH308jR9onHuxnvua18hc1sM'} 
 body=None 
 </msg>
<msg time="2026-04-07T18:55:58.134511" level="INFO">GET Response : url=http://localhost:3000/api/auth/me 
 status=200, reason=OK 
 headers={'date': 'Tue, 07 Apr 2026 11:55:55 GMT', 'server': 'uvicorn', 'content-length': '152', 'content-type': 'application/json'} 
 body={"id":1,"name":"Admin","email":"testadmin@gmail.com","role":"admin","card_id":"51D7FAA9","is_blacklist":false,"created_at":"2026-04-01T07:51:28.684392"} 
 </msg>
<msg time="2026-04-07T18:55:58.134511" level="INFO">${resp} = &lt;Response [200]&gt;</msg>
<var>${resp}</var>
<arg>api</arg>
<arg>/api/auth/me</arg>
<arg>headers=${headers}</arg>
<doc>Sends a GET request on a previously created HTTP Session.</doc>
<status status="PASS" start="2026-04-07T18:55:57.014303" elapsed="1.120208"/>
</kw>
<kw name="Response Should Be OK" owner="common">
<kw name="Should Be Equal As Integers" owner="BuiltIn">
<msg time="2026-04-07T18:55:58.136734" level="INFO">Argument types are:
&lt;class 'int'&gt;
&lt;class 'str'&gt;</msg>
<arg>${response.status_code}</arg>
<arg>200</arg>
<doc>Fails if objects are unequal after converting them to integers.</doc>
<status status="PASS" start="2026-04-07T18:55:58.135737" elapsed="0.000997"/>
</kw>
<arg>${resp}</arg>
<status status="PASS" start="2026-04-07T18:55:58.135737" elapsed="0.000997"/>
</kw>
<kw name="Set Variable" owner="BuiltIn">
<msg time="2026-04-07T18:55:58.137733" level="INFO">${json} = {'id': 1, 'name': 'Admin', 'email': 'testadmin@gmail.com', 'role': 'admin', 'card_id': '51D7FAA9', 'is_blacklist': False, 'created_at': '2026-04-01T07:51:28.684392'}</msg>
<var>${json}</var>
<arg>${resp.json()}</arg>
<doc>Returns the given values which can then be assigned to a variables.</doc>
<status status="PASS" start="2026-04-07T18:55:58.136734" elapsed="0.000999"/>
</kw>
<kw name="Should Be Equal" owner="BuiltIn">
<arg>${json}[email]</arg>
<arg>${ADMIN_EMAIL}</arg>
<doc>Fails if the given objects are unequal.</doc>
<status status="PASS" start="2026-04-07T18:55:58.137733" elapsed="0.000000"/>
</kw>
<kw name="Dictionary Should Contain Key" owner="Collections">
<msg time="2026-04-07T18:55:58.138736" level="INFO">False</msg>
<arg>${json}</arg>
<arg>id</arg>
<doc>Fails if ``key`` is not found from ``dictionary``.</doc>
<status status="PASS" start="2026-04-07T18:55:58.138736" elapsed="0.000000"/>
</kw>
<kw name="Dictionary Should Contain Key" owner="Collections">
<msg time="2026-04-07T18:55:58.138736" level="INFO">False</msg>
<arg>${json}</arg>
<arg>role</arg>
<doc>Fails if ``key`` is not found from ``dictionary``.</doc>
<status status="PASS" start="2026-04-07T18:55:58.138736" elapsed="0.000000"/>
</kw>
<tag>auth</tag>
<tag>smoke</tag>
<status status="PASS" start="2026-04-07T18:55:55.629601" elapsed="2.509135"/>
</test>
<test id="s1-s1-t6" name="Get Me Without Token Returns 401" line="59">
<kw name="GET On Session" owner="RequestsLibrary">
<msg time="2026-04-07T18:55:58.141732" level="INFO">GET Request : url=http://localhost:3000/api/auth/me 
 path_url=/api/auth/me 
 headers={'User-Agent': 'python-requests/2.32.3', 'Accept-Encoding': 'gzip, deflate', 'Accept': '*/*', 'Connection': 'keep-alive'} 
 body=None 
 </msg>
<msg time="2026-04-07T18:55:58.141732" level="INFO">GET Response : url=http://localhost:3000/api/auth/me 
 status=403, reason=Forbidden 
 headers={'date': 'Tue, 07 Apr 2026 11:55:58 GMT', 'server': 'uvicorn', 'content-length': '30', 'content-type': 'application/json'} 
 body={"detail":"Not authenticated"} 
 </msg>
<msg time="2026-04-07T18:55:58.141732" level="FAIL">Url: http://localhost:3000/api/auth/me Expected status: 403 != 401</msg>
<var>${resp}</var>
<arg>api</arg>
<arg>/api/auth/me</arg>
<arg>expected_status=401</arg>
<doc>Sends a GET request on a previously created HTTP Session.</doc>
<status status="FAIL" start="2026-04-07T18:55:58.139733" elapsed="0.003573">Url: http://localhost:3000/api/auth/me Expected status: 403 != 401</status>
</kw>
<kw name="Response Should Be Unauthorized" owner="common">
<arg>${resp}</arg>
<status status="NOT RUN" start="2026-04-07T18:55:58.144836" elapsed="0.000000"/>
</kw>
<tag>auth</tag>
<tag>negative</tag>
<status status="FAIL" start="2026-04-07T18:55:58.139733" elapsed="0.005103">Url: http://localhost:3000/api/auth/me Expected status: 403 != 401</status>
</test>
<test id="s1-s1-t7" name="Get Me With Invalid Token Returns 401" line="64">
<kw name="Create Dictionary" owner="BuiltIn">
<msg time="2026-04-07T18:55:58.146844" level="INFO">${headers} = {'Authorization': 'Bearer not.a.real.token'}</msg>
<var>${headers}</var>
<arg>Authorization=Bearer not.a.real.token</arg>
<doc>Creates and returns a dictionary based on the given ``items``.</doc>
<status status="PASS" start="2026-04-07T18:55:58.146844" elapsed="0.000000"/>
</kw>
<kw name="GET On Session" owner="RequestsLibrary">
<msg time="2026-04-07T18:55:58.150848" level="INFO">GET Request : url=http://localhost:3000/api/auth/me 
 path_url=/api/auth/me 
 headers={'User-Agent': 'python-requests/2.32.3', 'Accept-Encoding': 'gzip, deflate', 'Accept': '*/*', 'Connection': 'keep-alive', 'Authorization': 'Bearer not.a.real.token'} 
 body=None 
 </msg>
<msg time="2026-04-07T18:55:58.150848" level="INFO">GET Response : url=http://localhost:3000/api/auth/me 
 status=401, reason=Unauthorized 
 headers={'date': 'Tue, 07 Apr 2026 11:55:58 GMT', 'server': 'uvicorn', 'content-length': '26', 'content-type': 'application/json'} 
 body={"detail":"Invalid token"} 
 </msg>
<msg time="2026-04-07T18:55:58.150848" level="INFO">${resp} = &lt;Response [401]&gt;</msg>
<var>${resp}</var>
<arg>api</arg>
<arg>/api/auth/me</arg>
<arg>headers=${headers}</arg>
<arg>expected_status=401</arg>
<doc>Sends a GET request on a previously created HTTP Session.</doc>
<status status="PASS" start="2026-04-07T18:55:58.147845" elapsed="0.003003"/>
</kw>
<kw name="Response Should Be Unauthorized" owner="common">
<kw name="Should Be Equal As Integers" owner="BuiltIn">
<msg time="2026-04-07T18:55:58.151847" level="INFO">Argument types are:
&lt;class 'int'&gt;
&lt;class 'str'&gt;</msg>
<arg>${response.status_code}</arg>
<arg>401</arg>
<doc>Fails if objects are unequal after converting them to integers.</doc>
<status status="PASS" start="2026-04-07T18:55:58.151847" elapsed="0.000000"/>
</kw>
<arg>${resp}</arg>
<status status="PASS" start="2026-04-07T18:55:58.151847" elapsed="0.000000"/>
</kw>
<tag>auth</tag>
<tag>negative</tag>
<status status="PASS" start="2026-04-07T18:55:58.146844" elapsed="0.005997"/>
</test>
<kw name="Delete API Session" owner="common" type="TEARDOWN">
<kw name="Delete All Sessions" owner="RequestsLibrary">
<msg time="2026-04-07T18:55:58.153844" level="INFO">Deleting All Sessions</msg>
<doc>Removes all the session objects</doc>
<status status="PASS" start="2026-04-07T18:55:58.153844" elapsed="0.000000"/>
</kw>
<doc>Clean up the shared session.</doc>
<status status="PASS" start="2026-04-07T18:55:58.153844" elapsed="0.000000"/>
</kw>
<doc>System tests for POST /api/auth/login and GET /api/auth/me</doc>
<status status="FAIL" start="2026-04-07T18:55:48.875359" elapsed="9.278485"/>
</suite>
<suite id="s1-s2" name="02 Items" source="C:\Users\baile\Documents\Coding_spaces\Project\inventory_software\backend\tests\system-tests\suites\02_items.robot">
<kw name="Create API Session" owner="common" type="SETUP">
<kw name="Create Session" owner="RequestsLibrary">
<msg time="2026-04-07T18:55:58.163879" level="INFO">Creating Session using : alias=api, url=http://localhost:3000, headers={},                     cookies={}, auth=None, timeout=None, proxies=None, verify=False,                     debug=0 </msg>
<arg>api</arg>
<arg>${BASE_URL}</arg>
<arg>verify=false</arg>
<doc>Create Session: create a HTTP session to a server</doc>
<status status="PASS" start="2026-04-07T18:55:58.163879" elapsed="0.000000"/>
</kw>
<doc>Create a base RequestsLibrary session pointing at the backend.</doc>
<status status="PASS" start="2026-04-07T18:55:58.163879" elapsed="0.000000"/>
</kw>
<test id="s1-s2-t1" name="List Active Items Returns Paginated Response" line="17">
<kw name="GET On Session" owner="RequestsLibrary">
<msg time="2026-04-07T18:56:02.299155" level="INFO">GET Request : url=http://localhost:3000/api/items/ 
 path_url=/api/items/ 
 headers={'User-Agent': 'python-requests/2.32.3', 'Accept-Encoding': 'gzip, deflate', 'Accept': '*/*', 'Connection': 'keep-alive'} 
 body=None 
 </msg>
<msg time="2026-04-07T18:56:02.299155" level="INFO">GET Response : url=http://localhost:3000/api/items/ 
 status=200, reason=OK 
 headers={'date': 'Tue, 07 Apr 2026 11:55:59 GMT', 'server': 'uvicorn', 'content-length': '988', 'content-type': 'application/json'} 
 body={"items":[{"id":7,"name":"esp32","quantity":2,"is_active":true,"image":"https://t3.storageapi.dev/image-holster-edwzzkdjhjg/ai-samples/esp32/2026/04/esp32_5b58c9cf8893.jpg?X-Amz-Algorithm=AWS4-HMAC-SHA256&amp;X-Amz-Credential=tid_Zmysfy__QuHeIfCSzRJrmPwJswjcPUvuAYW_qLeJmjnFdoSjaT%2F20260407%2Fsin%2Fs3%2Faws4_request&amp;X-Amz-Date=20260407T115601Z&amp;X-Amz-Expires=1800&amp;X-Amz-SignedHeaders=host&amp;X-Amz-Signature=93c83c4107885b0864b318b6724a883bd27c5a85da930bf987b27344ba051c90"},{"id":8,"name":"Ac Motor","quantity":3,"is_active":true,"image":"https://t3.storageapi.dev/image-holster-edwzzkdjhjg/ai-samples/ac-motor/2026/04/ac-motor_a68f564b8a42.jpg?X-Amz-Algorithm=AWS4-HMAC-SHA256&amp;X-Amz-Credential=tid_Zmysfy__QuHeIfCSzRJrmPwJswjcPUvuAYW_qLeJmjnFdoSjaT%2F20260407%2Fsin%2Fs3%2Faws4_request&amp;X-Amz-Date=20260407T115601Z&amp;X-Amz-Expires=1800&amp;X-Amz-SignedHeaders=host&amp;X-Amz-Signature=2b557649c48616242e6fea4ddfa5c553dcc819e6f7056cc884f4057ed96234dc"}],"total":2,"page":1,"page_size":20,"total_pages":1} 
 </msg>
<msg time="2026-04-07T18:56:02.299155" level="INFO">${resp} = &lt;Response [200]&gt;</msg>
<var>${resp}</var>
<arg>api</arg>
<arg>${ITEMS_PATH}</arg>
<doc>Sends a GET request on a previously created HTTP Session.</doc>
<status status="PASS" start="2026-04-07T18:55:58.164879" elapsed="4.134276"/>
</kw>
<kw name="Response Should Be OK" owner="common">
<kw name="Should Be Equal As Integers" owner="BuiltIn">
<msg time="2026-04-07T18:56:02.301227" level="INFO">Argument types are:
&lt;class 'int'&gt;
&lt;class 'str'&gt;</msg>
<arg>${response.status_code}</arg>
<arg>200</arg>
<doc>Fails if objects are unequal after converting them to integers.</doc>
<status status="PASS" start="2026-04-07T18:56:02.300141" elapsed="0.001086"/>
</kw>
<arg>${resp}</arg>
<status status="PASS" start="2026-04-07T18:56:02.300141" elapsed="0.001086"/>
</kw>
<kw name="Set Variable" owner="BuiltIn">
<msg time="2026-04-07T18:56:02.302160" level="INFO">${json} = {'items': [{'id': 7, 'name': 'esp32', 'quantity': 2, 'is_active': True, 'image': 'https://t3.storageapi.dev/image-holster-edwzzkdjhjg/ai-samples/esp32/2026/04/esp32_5b58c9cf8893.jpg?X-Amz-Algorithm=AW...</msg>
<var>${json}</var>
<arg>${resp.json()}</arg>
<doc>Returns the given values which can then be assigned to a variables.</doc>
<status status="PASS" start="2026-04-07T18:56:02.302160" elapsed="0.000000"/>
</kw>
<kw name="Dictionary Should Contain Key" owner="Collections">
<msg time="2026-04-07T18:56:02.303928" level="INFO">False</msg>
<arg>${json}</arg>
<arg>items</arg>
<doc>Fails if ``key`` is not found from ``dictionary``.</doc>
<status status="PASS" start="2026-04-07T18:56:02.302160" elapsed="0.001768"/>
</kw>
<kw name="Dictionary Should Contain Key" owner="Collections">
<msg time="2026-04-07T18:56:02.303928" level="INFO">False</msg>
<arg>${json}</arg>
<arg>total</arg>
<doc>Fails if ``key`` is not found from ``dictionary``.</doc>
<status status="PASS" start="2026-04-07T18:56:02.303928" elapsed="0.000000"/>
</kw>
<kw name="Dictionary Should Contain Key" owner="Collections">
<msg time="2026-04-07T18:56:02.304936" level="INFO">False</msg>
<arg>${json}</arg>
<arg>page</arg>
<doc>Fails if ``key`` is not found from ``dictionary``.</doc>
<status status="PASS" start="2026-04-07T18:56:02.304936" elapsed="0.000000"/>
</kw>
<kw name="Dictionary Should Contain Key" owner="Collections">
<msg time="2026-04-07T18:56:02.305943" level="INFO">False</msg>
<arg>${json}</arg>
<arg>page_size</arg>
<doc>Fails if ``key`` is not found from ``dictionary``.</doc>
<status status="PASS" start="2026-04-07T18:56:02.304936" elapsed="0.001007"/>
</kw>
<kw name="Dictionary Should Contain Key" owner="Collections">
<msg time="2026-04-07T18:56:02.305943" level="INFO">False</msg>
<arg>${json}</arg>
<arg>total_pages</arg>
<doc>Fails if ``key`` is not found from ``dictionary``.</doc>
<status status="PASS" start="2026-04-07T18:56:02.305943" elapsed="0.000000"/>
</kw>
<tag>items</tag>
<tag>smoke</tag>
<status status="PASS" start="2026-04-07T18:55:58.164879" elapsed="4.141064"/>
</test>
<test id="s1-s2-t2" name="List Active Items Default Page Is 1" line="28">
<kw name="GET On Session" owner="RequestsLibrary">
<msg time="2026-04-07T18:56:04.186608" level="INFO">GET Request : url=http://localhost:3000/api/items/ 
 path_url=/api/items/ 
 headers={'User-Agent': 'python-requests/2.32.3', 'Accept-Encoding': 'gzip, deflate', 'Accept': '*/*', 'Connection': 'keep-alive'} 
 body=None 
 </msg>
<msg time="2026-04-07T18:56:04.186608" level="INFO">GET Response : url=http://localhost:3000/api/items/ 
 status=200, reason=OK 
 headers={'date': 'Tue, 07 Apr 2026 11:56:01 GMT', 'server': 'uvicorn', 'content-length': '988', 'content-type': 'application/json'} 
 body={"items":[{"id":7,"name":"esp32","quantity":2,"is_active":true,"image":"https://t3.storageapi.dev/image-holster-edwzzkdjhjg/ai-samples/esp32/2026/04/esp32_5b58c9cf8893.jpg?X-Amz-Algorithm=AWS4-HMAC-SHA256&amp;X-Amz-Credential=tid_Zmysfy__QuHeIfCSzRJrmPwJswjcPUvuAYW_qLeJmjnFdoSjaT%2F20260407%2Fsin%2Fs3%2Faws4_request&amp;X-Amz-Date=20260407T115603Z&amp;X-Amz-Expires=1800&amp;X-Amz-SignedHeaders=host&amp;X-Amz-Signature=49c0d93bc8d1a33b638dc100f900d701781409c0c5c29c5325815bfdb405bf61"},{"id":8,"name":"Ac Motor","quantity":3,"is_active":true,"image":"https://t3.storageapi.dev/image-holster-edwzzkdjhjg/ai-samples/ac-motor/2026/04/ac-motor_a68f564b8a42.jpg?X-Amz-Algorithm=AWS4-HMAC-SHA256&amp;X-Amz-Credential=tid_Zmysfy__QuHeIfCSzRJrmPwJswjcPUvuAYW_qLeJmjnFdoSjaT%2F20260407%2Fsin%2Fs3%2Faws4_request&amp;X-Amz-Date=20260407T115603Z&amp;X-Amz-Expires=1800&amp;X-Amz-SignedHeaders=host&amp;X-Amz-Signature=6ae5304487e2cc13bac7a9fbe60bc32e5ee4cc84c7e22e38fd8d7cf9aee9fe16"}],"total":2,"page":1,"page_size":20,"total_pages":1} 
 </msg>
<msg time="2026-04-07T18:56:04.186608" level="INFO">${resp} = &lt;Response [200]&gt;</msg>
<var>${resp}</var>
<arg>api</arg>
<arg>${ITEMS_PATH}</arg>
<doc>Sends a GET request on a previously created HTTP Session.</doc>
<status status="PASS" start="2026-04-07T18:56:02.306942" elapsed="1.880703"/>
</kw>
<kw name="Response Should Be OK" owner="common">
<kw name="Should Be Equal As Integers" owner="BuiltIn">
<msg time="2026-04-07T18:56:04.188537" level="INFO">Argument types are:
&lt;class 'int'&gt;
&lt;class 'str'&gt;</msg>
<arg>${response.status_code}</arg>
<arg>200</arg>
<doc>Fails if objects are unequal after converting them to integers.</doc>
<status status="PASS" start="2026-04-07T18:56:04.188537" elapsed="0.000000"/>
</kw>
<arg>${resp}</arg>
<status status="PASS" start="2026-04-07T18:56:04.187645" elapsed="0.000892"/>
</kw>
<kw name="Should Be Equal As Integers" owner="BuiltIn">
<msg time="2026-04-07T18:56:04.188537" level="INFO">Argument types are:
&lt;class 'int'&gt;
&lt;class 'str'&gt;</msg>
<arg>${resp.json()}[page]</arg>
<arg>1</arg>
<doc>Fails if objects are unequal after converting them to integers.</doc>
<status status="PASS" start="2026-04-07T18:56:04.188537" elapsed="0.000000"/>
</kw>
<tag>items</tag>
<tag>smoke</tag>
<status status="PASS" start="2026-04-07T18:56:02.306942" elapsed="1.883103"/>
</test>
<test id="s1-s2-t3" name="List Active Items Accepts Custom Page Size" line="34">
<kw name="Create Dictionary" owner="BuiltIn">
<msg time="2026-04-07T18:56:04.192052" level="INFO">${params} = {'page': '1', 'page_size': '5'}</msg>
<var>${params}</var>
<arg>page=1</arg>
<arg>page_size=5</arg>
<doc>Creates and returns a dictionary based on the given ``items``.</doc>
<status status="PASS" start="2026-04-07T18:56:04.191050" elapsed="0.001002"/>
</kw>
<kw name="GET On Session" owner="RequestsLibrary">
<msg time="2026-04-07T18:56:06.128172" level="INFO">GET Request : url=http://localhost:3000/api/items/?page=1&amp;page_size=5 
 path_url=/api/items/?page=1&amp;page_size=5 
 headers={'User-Agent': 'python-requests/2.32.3', 'Accept-Encoding': 'gzip, deflate', 'Accept': '*/*', 'Connection': 'keep-alive'} 
 body=None 
 </msg>
<msg time="2026-04-07T18:56:06.128172" level="INFO">GET Response : url=http://localhost:3000/api/items/?page=1&amp;page_size=5 
 status=200, reason=OK 
 headers={'date': 'Tue, 07 Apr 2026 11:56:03 GMT', 'server': 'uvicorn', 'content-length': '987', 'content-type': 'application/json'} 
 body={"items":[{"id":7,"name":"esp32","quantity":2,"is_active":true,"image":"https://t3.storageapi.dev/image-holster-edwzzkdjhjg/ai-samples/esp32/2026/04/esp32_5b58c9cf8893.jpg?X-Amz-Algorithm=AWS4-HMAC-SHA256&amp;X-Amz-Credential=tid_Zmysfy__QuHeIfCSzRJrmPwJswjcPUvuAYW_qLeJmjnFdoSjaT%2F20260407%2Fsin%2Fs3%2Faws4_request&amp;X-Amz-Date=20260407T115605Z&amp;X-Amz-Expires=1800&amp;X-Amz-SignedHeaders=host&amp;X-Amz-Signature=e58e5d748f64b5c4821737025cae64cef30d978c09a5ea094b8f654b428818cc"},{"id":8,"name":"Ac Motor","quantity":3,"is_active":true,"image":"https://t3.storageapi.dev/image-holster-edwzzkdjhjg/ai-samples/ac-motor/2026/04/ac-motor_a68f564b8a42.jpg?X-Amz-Algorithm=AWS4-HMAC-SHA256&amp;X-Amz-Credential=tid_Zmysfy__QuHeIfCSzRJrmPwJswjcPUvuAYW_qLeJmjnFdoSjaT%2F20260407%2Fsin%2Fs3%2Faws4_request&amp;X-Amz-Date=20260407T115605Z&amp;X-Amz-Expires=1800&amp;X-Amz-SignedHeaders=host&amp;X-Amz-Signature=683df5453669a3f5325d5bf4ddcb828abaa5d13343b89d8bee51c11a1b063c88"}],"total":2,"page":1,"page_size":5,"total_pages":1} 
 </msg>
<msg time="2026-04-07T18:56:06.128172" level="INFO">${resp} = &lt;Response [200]&gt;</msg>
<var>${resp}</var>
<arg>api</arg>
<arg>${ITEMS_PATH}</arg>
<arg>params=${params}</arg>
<doc>Sends a GET request on a previously created HTTP Session.</doc>
<status status="PASS" start="2026-04-07T18:56:04.192052" elapsed="1.937177"/>
</kw>
<kw name="Response Should Be OK" owner="common">
<kw name="Should Be Equal As Integers" owner="BuiltIn">
<msg time="2026-04-07T18:56:06.130181" level="INFO">Argument types are:
&lt;class 'int'&gt;
&lt;class 'str'&gt;</msg>
<arg>${response.status_code}</arg>
<arg>200</arg>
<doc>Fails if objects are unequal after converting them to integers.</doc>
<status status="PASS" start="2026-04-07T18:56:06.130181" elapsed="0.000000"/>
</kw>
<arg>${resp}</arg>
<status status="PASS" start="2026-04-07T18:56:06.130181" elapsed="0.000000"/>
</kw>
<kw name="Should Be Equal As Integers" owner="BuiltIn">
<msg time="2026-04-07T18:56:06.132162" level="INFO">Argument types are:
&lt;class 'int'&gt;
&lt;class 'str'&gt;</msg>
<arg>${resp.json()}[page_size]</arg>
<arg>5</arg>
<doc>Fails if objects are unequal after converting them to integers.</doc>
<status status="PASS" start="2026-04-07T18:56:06.131273" elapsed="0.000889"/>
</kw>
<tag>items</tag>
<status status="PASS" start="2026-04-07T18:56:04.191050" elapsed="1.942112"/>
</test>
<test id="s1-s2-t4" name="List Active Items Page Size Zero Returns 422" line="41">
<kw name="Create Dictionary" owner="BuiltIn">
<msg time="2026-04-07T18:56:06.134673" level="INFO">${params} = {'page': '1', 'page_size': '0'}</msg>
<var>${params}</var>
<arg>page=1</arg>
<arg>page_size=0</arg>
<doc>Creates and returns a dictionary based on the given ``items``.</doc>
<status status="PASS" start="2026-04-07T18:56:06.134673" elapsed="0.000000"/>
</kw>
<kw name="GET On Session" owner="RequestsLibrary">
<msg time="2026-04-07T18:56:06.142681" level="INFO">GET Request : url=http://localhost:3000/api/items/?page=1&amp;page_size=0 
 path_url=/api/items/?page=1&amp;page_size=0 
 headers={'User-Agent': 'python-requests/2.32.3', 'Accept-Encoding': 'gzip, deflate', 'Accept': '*/*', 'Connection': 'keep-alive'} 
 body=None 
 </msg>
<msg time="2026-04-07T18:56:06.142681" level="INFO">GET Response : url=http://localhost:3000/api/items/?page=1&amp;page_size=0 
 status=422, reason=Unprocessable Entity 
 headers={'date': 'Tue, 07 Apr 2026 11:56:05 GMT', 'server': 'uvicorn', 'content-length': '209', 'content-type': 'application/json'} 
 body={"detail":[{"type":"greater_than_equal","loc":["query","page_size"],"msg":"Input should be greater than or equal to 1","input":"0","ctx":{"ge":1},"url":"https://errors.pydantic.dev/2.5/v/greater_than_equal"}]} 
 </msg>
<msg time="2026-04-07T18:56:06.142681" level="INFO">${resp} = &lt;Response [422]&gt;</msg>
<var>${resp}</var>
<arg>api</arg>
<arg>${ITEMS_PATH}</arg>
<arg>params=${params}</arg>
<arg>expected_status=422</arg>
<doc>Sends a GET request on a previously created HTTP Session.</doc>
<status status="PASS" start="2026-04-07T18:56:06.135692" elapsed="0.006989"/>
</kw>
<kw name="Should Be Equal As Integers" owner="BuiltIn">
<msg time="2026-04-07T18:56:06.143685" level="INFO">Argument types are:
&lt;class 'int'&gt;
&lt;class 'str'&gt;</msg>
<arg>${resp.status_code}</arg>
<arg>422</arg>
<doc>Fails if objects are unequal after converting them to integers.</doc>
<status status="PASS" start="2026-04-07T18:56:06.143685" elapsed="0.000000"/>
</kw>
<tag>items</tag>
<tag>negative</tag>
<status status="PASS" start="2026-04-07T18:56:06.133162" elapsed="0.010523"/>
</test>
<test id="s1-s2-t5" name="List Active Items Each Item Has Required Fields" line="48">
<kw name="GET On Session" owner="RequestsLibrary">
<msg time="2026-04-07T18:56:08.034716" level="INFO">GET Request : url=http://localhost:3000/api/items/ 
 path_url=/api/items/ 
 headers={'User-Agent': 'python-requests/2.32.3', 'Accept-Encoding': 'gzip, deflate', 'Accept': '*/*', 'Connection': 'keep-alive'} 
 body=None 
 </msg>
<msg time="2026-04-07T18:56:08.034716" level="INFO">GET Response : url=http://localhost:3000/api/items/ 
 status=200, reason=OK 
 headers={'date': 'Tue, 07 Apr 2026 11:56:05 GMT', 'server': 'uvicorn', 'content-length': '988', 'content-type': 'application/json'} 
 body={"items":[{"id":7,"name":"esp32","quantity":2,"is_active":true,"image":"https://t3.storageapi.dev/image-holster-edwzzkdjhjg/ai-samples/esp32/2026/04/esp32_5b58c9cf8893.jpg?X-Amz-Algorithm=AWS4-HMAC-SHA256&amp;X-Amz-Credential=tid_Zmysfy__QuHeIfCSzRJrmPwJswjcPUvuAYW_qLeJmjnFdoSjaT%2F20260407%2Fsin%2Fs3%2Faws4_request&amp;X-Amz-Date=20260407T115607Z&amp;X-Amz-Expires=1800&amp;X-Amz-SignedHeaders=host&amp;X-Amz-Signature=dfb4efafbff2c6bc6bb8d7492a8c891fa7fdac3c6dca3996e46cb98fefcbdd52"},{"id":8,"name":"Ac Motor","quantity":3,"is_active":true,"image":"https://t3.storageapi.dev/image-holster-edwzzkdjhjg/ai-samples/ac-motor/2026/04/ac-motor_a68f564b8a42.jpg?X-Amz-Algorithm=AWS4-HMAC-SHA256&amp;X-Amz-Credential=tid_Zmysfy__QuHeIfCSzRJrmPwJswjcPUvuAYW_qLeJmjnFdoSjaT%2F20260407%2Fsin%2Fs3%2Faws4_request&amp;X-Amz-Date=20260407T115607Z&amp;X-Amz-Expires=1800&amp;X-Amz-SignedHeaders=host&amp;X-Amz-Signature=1e2152720c37f43f6d0c1f2007846ec3a48f3407947331100d2372865eaa8aa1"}],"total":2,"page":1,"page_size":20,"total_pages":1} 
 </msg>
<msg time="2026-04-07T18:56:08.034716" level="INFO">${resp} = &lt;Response [200]&gt;</msg>
<var>${resp}</var>
<arg>api</arg>
<arg>${ITEMS_PATH}</arg>
<doc>Sends a GET request on a previously created HTTP Session.</doc>
<status status="PASS" start="2026-04-07T18:56:06.145197" elapsed="1.889519"/>
</kw>
<kw name="Response Should Be OK" owner="common">
<kw name="Should Be Equal As Integers" owner="BuiltIn">
<msg time="2026-04-07T18:56:08.036713" level="INFO">Argument types are:
&lt;class 'int'&gt;
&lt;class 'str'&gt;</msg>
<arg>${response.status_code}</arg>
<arg>200</arg>
<doc>Fails if objects are unequal after converting them to integers.</doc>
<status status="PASS" start="2026-04-07T18:56:08.035721" elapsed="0.000992"/>
</kw>
<arg>${resp}</arg>
<status status="PASS" start="2026-04-07T18:56:08.035721" elapsed="0.000992"/>
</kw>
<kw name="Set Variable" owner="BuiltIn">
<msg time="2026-04-07T18:56:08.036713" level="INFO">${items} = [{'id': 7, 'name': 'esp32', 'quantity': 2, 'is_active': True, 'image': 'https://t3.storageapi.dev/image-holster-edwzzkdjhjg/ai-samples/esp32/2026/04/esp32_5b58c9cf8893.jpg?X-Amz-Algorithm=AWS4-HMAC-SH...</msg>
<var>${items}</var>
<arg>${resp.json()}[items]</arg>
<doc>Returns the given values which can then be assigned to a variables.</doc>
<status status="PASS" start="2026-04-07T18:56:08.036713" elapsed="0.000000"/>
</kw>
<if>
<branch type="IF" condition="len($items) &gt; 0">
<kw name="Set Variable" owner="BuiltIn">
<msg time="2026-04-07T18:56:08.037717" level="INFO">${first} = {'id': 7, 'name': 'esp32', 'quantity': 2, 'is_active': True, 'image': 'https://t3.storageapi.dev/image-holster-edwzzkdjhjg/ai-samples/esp32/2026/04/esp32_5b58c9cf8893.jpg?X-Amz-Algorithm=AWS4-HMAC-SHA...</msg>
<var>${first}</var>
<arg>${items}[0]</arg>
<doc>Returns the given values which can then be assigned to a variables.</doc>
<status status="PASS" start="2026-04-07T18:56:08.037717" elapsed="0.000000"/>
</kw>
<kw name="Dictionary Should Contain Key" owner="Collections">
<msg time="2026-04-07T18:56:08.037717" level="INFO">False</msg>
<arg>${first}</arg>
<arg>id</arg>
<doc>Fails if ``key`` is not found from ``dictionary``.</doc>
<status status="PASS" start="2026-04-07T18:56:08.037717" elapsed="0.000000"/>
</kw>
<kw name="Dictionary Should Contain Key" owner="Collections">
<msg time="2026-04-07T18:56:08.037717" level="INFO">False</msg>
<arg>${first}</arg>
<arg>name</arg>
<doc>Fails if ``key`` is not found from ``dictionary``.</doc>
<status status="PASS" start="2026-04-07T18:56:08.037717" elapsed="0.000000"/>
</kw>
<kw name="Dictionary Should Contain Key" owner="Collections">
<msg time="2026-04-07T18:56:08.038719" level="INFO">False</msg>
<arg>${first}</arg>
<arg>quantity</arg>
<doc>Fails if ``key`` is not found from ``dictionary``.</doc>
<status status="PASS" start="2026-04-07T18:56:08.038719" elapsed="0.000000"/>
</kw>
<kw name="Dictionary Should Contain Key" owner="Collections">
<msg time="2026-04-07T18:56:08.038719" level="INFO">False</msg>
<arg>${first}</arg>
<arg>is_active</arg>
<doc>Fails if ``key`` is not found from ``dictionary``.</doc>
<status status="PASS" start="2026-04-07T18:56:08.038719" elapsed="0.000000"/>
</kw>
<kw name="Dictionary Should Contain Key" owner="Collections">
<msg time="2026-04-07T18:56:08.038719" level="INFO">False</msg>
<arg>${first}</arg>
<arg>image</arg>
<doc>Fails if ``key`` is not found from ``dictionary``.</doc>
<status status="PASS" start="2026-04-07T18:56:08.038719" elapsed="0.000000"/>
</kw>
<status status="PASS" start="2026-04-07T18:56:08.037717" elapsed="0.001002"/>
</branch>
<status status="PASS" start="2026-04-07T18:56:08.037717" elapsed="0.001002"/>
</if>
<tag>items</tag>
<tag>smoke</tag>
<status status="PASS" start="2026-04-07T18:56:06.145197" elapsed="1.894516"/>
</test>
<test id="s1-s2-t6" name="Adjust Item Quantity Without Auth Returns 401" line="62">
<kw name="Create Dictionary" owner="BuiltIn">
<msg time="2026-04-07T18:56:08.042019" level="INFO">${body} = {'delta': '1'}</msg>
<var>${body}</var>
<arg>delta=1</arg>
<doc>Creates and returns a dictionary based on the given ``items``.</doc>
<status status="PASS" start="2026-04-07T18:56:08.041020" elapsed="0.000999"/>
</kw>
<kw name="POST On Session" owner="RequestsLibrary">
<msg time="2026-04-07T18:56:08.044431" level="INFO">POST Request : url=http://localhost:3000/api/items/1/quantity 
 path_url=/api/items/1/quantity 
 headers={'User-Agent': 'python-requests/2.32.3', 'Accept-Encoding': 'gzip, deflate', 'Accept': '*/*', 'Connection': 'keep-alive', 'Content-Length': '14', 'Content-Type': 'application/json'} 
 body=b'{"delta": "1"}' 
 </msg>
<msg time="2026-04-07T18:56:08.044431" level="INFO">POST Response : url=http://localhost:3000/api/items/1/quantity 
 status=405, reason=Method Not Allowed 
 headers={'date': 'Tue, 07 Apr 2026 11:56:07 GMT', 'server': 'uvicorn', 'allow': 'PATCH', 'content-length': '31', 'content-type': 'application/json'} 
 body={"detail":"Method Not Allowed"} 
 </msg>
<msg time="2026-04-07T18:56:08.044431" level="INFO">${resp} = &lt;Response [405]&gt;</msg>
<var>${resp}</var>
<arg>api</arg>
<arg>/api/items/1/quantity</arg>
<arg>json=${body}</arg>
<arg>expected_status=any</arg>
<doc>Sends a POST request on a previously created HTTP Session.</doc>
<status status="PASS" start="2026-04-07T18:56:08.042019" elapsed="0.002412"/>
</kw>
<kw name="PATCH On Session" owner="RequestsLibrary">
<msg time="2026-04-07T18:56:08.046957" level="INFO">PATCH Request : url=http://localhost:3000/api/items/1/quantity 
 path_url=/api/items/1/quantity 
 headers={'User-Agent': 'python-requests/2.32.3', 'Accept-Encoding': 'gzip, deflate', 'Accept': '*/*', 'Connection': 'keep-alive', 'Content-Length': '14', 'Content-Type': 'application/json'} 
 body=b'{"delta": "1"}' 
 </msg>
<msg time="2026-04-07T18:56:08.046957" level="INFO">PATCH Response : url=http://localhost:3000/api/items/1/quantity 
 status=403, reason=Forbidden 
 headers={'date': 'Tue, 07 Apr 2026 11:56:07 GMT', 'server': 'uvicorn', 'content-length': '30', 'content-type': 'application/json'} 
 body={"detail":"Not authenticated"} 
 </msg>
<msg time="2026-04-07T18:56:08.046957" level="FAIL">Url: http://localhost:3000/api/items/1/quantity Expected status: 403 != 401</msg>
<var>${resp}</var>
<arg>api</arg>
<arg>/api/items/1/quantity</arg>
<arg>json=${body}</arg>
<arg>expected_status=401</arg>
<doc>Sends a PATCH request on a previously created HTTP Session.</doc>
<status status="FAIL" start="2026-04-07T18:56:08.045440" elapsed="0.002517">Url: http://localhost:3000/api/items/1/quantity Expected status: 403 != 401</status>
</kw>
<kw name="Response Should Be Unauthorized" owner="common">
<arg>${resp}</arg>
<status status="NOT RUN" start="2026-04-07T18:56:08.048957" elapsed="0.000000"/>
</kw>
<tag>items</tag>
<tag>negative</tag>
<status status="FAIL" start="2026-04-07T18:56:08.041020" elapsed="0.007937">Url: http://localhost:3000/api/items/1/quantity Expected status: 403 != 401</status>
</test>
<test id="s1-s2-t7" name="Adjust Item Quantity As Non-Admin Returns 403" line="72">
<kw name="Skip If" owner="BuiltIn">
<msg time="2026-04-07T18:56:08.050962" level="SKIP">No USER_EMAIL variable configured</msg>
<arg>'${USER_EMAIL}' == ''</arg>
<arg>No USER_EMAIL variable configured</arg>
<doc>Skips the rest of the current test if the ``condition`` is True.</doc>
<status status="SKIP" start="2026-04-07T18:56:08.049959" elapsed="0.001003">No USER_EMAIL variable configured</status>
</kw>
<kw name="User Auth Header" owner="auth">
<var>${headers}</var>
<arg>${USER_EMAIL}</arg>
<arg>${USER_PASSWORD}</arg>
<doc>Returns a headers dict for a generic user.</doc>
<status status="NOT RUN" start="2026-04-07T18:56:08.050962" elapsed="0.000000"/>
</kw>
<kw name="Create Dictionary" owner="BuiltIn">
<var>${body}</var>
<arg>delta=1</arg>
<doc>Creates and returns a dictionary based on the given ``items``.</doc>
<status status="NOT RUN" start="2026-04-07T18:56:08.050962" elapsed="0.000000"/>
</kw>
<kw name="PATCH On Session" owner="RequestsLibrary">
<var>${resp}</var>
<arg>api</arg>
<arg>/api/items/1/quantity</arg>
<arg>json=${body}</arg>
<arg>headers=${headers}</arg>
<arg>expected_status=403</arg>
<doc>Sends a PATCH request on a previously created HTTP Session.</doc>
<status status="NOT RUN" start="2026-04-07T18:56:08.050962" elapsed="0.000000"/>
</kw>
<kw name="Response Should Be Forbidden" owner="common">
<arg>${resp}</arg>
<status status="NOT RUN" start="2026-04-07T18:56:08.050962" elapsed="0.000000"/>
</kw>
<doc>Regular users (role=user) must be rejected with 403.</doc>
<tag>items</tag>
<tag>negative</tag>
<status status="SKIP" start="2026-04-07T18:56:08.049959" elapsed="0.002508">No USER_EMAIL variable configured</status>
</test>
<test id="s1-s2-t8" name="Adjust Item Quantity With Delta Zero Is Accepted By Admin" line="83">
<kw name="Admin Auth Header" owner="auth">
<kw name="Get Admin Token" owner="auth">
<kw name="Create Dictionary" owner="BuiltIn">
<msg time="2026-04-07T18:56:08.054473" level="INFO">${body} = {'email': 'testadmin@gmail.com', 'password': 'admin123'}</msg>
<var>${body}</var>
<arg>email=${ADMIN_EMAIL}</arg>
<arg>password=${ADMIN_PASSWORD}</arg>
<doc>Creates and returns a dictionary based on the given ``items``.</doc>
<status status="PASS" start="2026-04-07T18:56:08.053478" elapsed="0.000995"/>
</kw>
<kw name="POST On Session" owner="RequestsLibrary">
<msg time="2026-04-07T18:56:09.401382" level="INFO">POST Request : url=http://localhost:3000/api/auth/login 
 path_url=/api/auth/login 
 headers={'User-Agent': 'python-requests/2.32.3', 'Accept-Encoding': 'gzip, deflate', 'Accept': '*/*', 'Connection': 'keep-alive', 'Content-Length': '56', 'Content-Type': 'application/json'} 
 body=b'{"email": "testadmin@gmail.com", "password": "admin123"}' 
 </msg>
<msg time="2026-04-07T18:56:09.401382" level="INFO">POST Response : url=http://localhost:3000/api/auth/login 
 status=200, reason=OK 
 headers={'date': 'Tue, 07 Apr 2026 11:56:07 GMT', 'server': 'uvicorn', 'content-length': '362', 'content-type': 'application/json'} 
 body={"access_token":"eyJhbGciOiJIUzI1NiIsInR5cCI6IkpXVCJ9.eyJzdWIiOiIxIiwicm9sZSI6ImFkbWluIiwiZXhwIjoxNzc1NjQ5MzY5LCJpYXQiOjE3NzU1NjI5Njl9.CNpgF-fX4omxtH0W8wj9jIzC1l4VHIqJrI43LEKGLCA","token_type":"bearer","user":{"id":1,"name":"Admin","email":"testadmin@gmail.com","role":"admin","card_id":"51D7FAA9","is_blacklist":false,"created_at":"2026-04-01T07:51:28.684392"}} 
 </msg>
<msg time="2026-04-07T18:56:09.401382" level="INFO">${resp} = &lt;Response [200]&gt;</msg>
<var>${resp}</var>
<arg>api</arg>
<arg>/api/auth/login</arg>
<arg>json=${body}</arg>
<arg>expected_status=200</arg>
<doc>Sends a POST request on a previously created HTTP Session.</doc>
<status status="PASS" start="2026-04-07T18:56:08.054473" elapsed="1.346909"/>
</kw>
<kw name="Set Variable" owner="BuiltIn">
<msg time="2026-04-07T18:56:09.402573" level="INFO">${token} = eyJhbGciOiJIUzI1NiIsInR5cCI6IkpXVCJ9.eyJzdWIiOiIxIiwicm9sZSI6ImFkbWluIiwiZXhwIjoxNzc1NjQ5MzY5LCJpYXQiOjE3NzU1NjI5Njl9.CNpgF-fX4omxtH0W8wj9jIzC1l4VHIqJrI43LEKGLCA</msg>
<var>${token}</var>
<arg>${resp.json()}[access_token]</arg>
<doc>Returns the given values which can then be assigned to a variables.</doc>
<status status="PASS" start="2026-04-07T18:56:09.402573" elapsed="0.000000"/>
</kw>
<return>
<value>${token}</value>
<status status="PASS" start="2026-04-07T18:56:09.402573" elapsed="0.000000"/>
</return>
<msg time="2026-04-07T18:56:09.402573" level="INFO">${token} = eyJhbGciOiJIUzI1NiIsInR5cCI6IkpXVCJ9.eyJzdWIiOiIxIiwicm9sZSI6ImFkbWluIiwiZXhwIjoxNzc1NjQ5MzY5LCJpYXQiOjE3NzU1NjI5Njl9.CNpgF-fX4omxtH0W8wj9jIzC1l4VHIqJrI43LEKGLCA</msg>
<var>${token}</var>
<doc>POST /api/auth/login with admin credentials.
Returns the raw JWT string.</doc>
<status status="PASS" start="2026-04-07T18:56:08.053478" elapsed="1.349095"/>
</kw>
<kw name="Create Dictionary" owner="BuiltIn">
<msg time="2026-04-07T18:56:09.403582" level="INFO">${headers} = {'Authorization': 'Bearer eyJhbGciOiJIUzI1NiIsInR5cCI6IkpXVCJ9.eyJzdWIiOiIxIiwicm9sZSI6ImFkbWluIiwiZXhwIjoxNzc1NjQ5MzY5LCJpYXQiOjE3NzU1NjI5Njl9.CNpgF-fX4omxtH0W8wj9jIzC1l4VHIqJrI43LEKGLCA'}</msg>
<var>${headers}</var>
<arg>Authorization=Bearer ${token}</arg>
<doc>Creates and returns a dictionary based on the given ``items``.</doc>
<status status="PASS" start="2026-04-07T18:56:09.402573" elapsed="0.001009"/>
</kw>
<return>
<value>${headers}</value>
<status status="PASS" start="2026-04-07T18:56:09.403582" elapsed="0.000000"/>
</return>
<msg time="2026-04-07T18:56:09.403582" level="INFO">${headers} = {'Authorization': 'Bearer eyJhbGciOiJIUzI1NiIsInR5cCI6IkpXVCJ9.eyJzdWIiOiIxIiwicm9sZSI6ImFkbWluIiwiZXhwIjoxNzc1NjQ5MzY5LCJpYXQiOjE3NzU1NjI5Njl9.CNpgF-fX4omxtH0W8wj9jIzC1l4VHIqJrI43LEKGLCA'}</msg>
<var>${headers}</var>
<doc>Returns a headers dict with Authorization: Bearer &lt;admin token&gt;.</doc>
<status status="PASS" start="2026-04-07T18:56:08.053478" elapsed="1.350104"/>
</kw>
<kw name="GET On Session" owner="RequestsLibrary">
<msg time="2026-04-07T18:56:11.288316" level="INFO">GET Request : url=http://localhost:3000/api/items/ 
 path_url=/api/items/ 
 headers={'User-Agent': 'python-requests/2.32.3', 'Accept-Encoding': 'gzip, deflate', 'Accept': '*/*', 'Connection': 'keep-alive'} 
 body=None 
 </msg>
<msg time="2026-04-07T18:56:11.289320" level="INFO">GET Response : url=http://localhost:3000/api/items/ 
 status=200, reason=OK 
 headers={'date': 'Tue, 07 Apr 2026 11:56:08 GMT', 'server': 'uvicorn', 'content-length': '988', 'content-type': 'application/json'} 
 body={"items":[{"id":7,"name":"esp32","quantity":2,"is_active":true,"image":"https://t3.storageapi.dev/image-holster-edwzzkdjhjg/ai-samples/esp32/2026/04/esp32_5b58c9cf8893.jpg?X-Amz-Algorithm=AWS4-HMAC-SHA256&amp;X-Amz-Credential=tid_Zmysfy__QuHeIfCSzRJrmPwJswjcPUvuAYW_qLeJmjnFdoSjaT%2F20260407%2Fsin%2Fs3%2Faws4_request&amp;X-Amz-Date=20260407T115610Z&amp;X-Amz-Expires=1800&amp;X-Amz-SignedHeaders=host&amp;X-Amz-Signature=548274b3ea31a3ed14f2b3b0eda80a5bd33d72c625b9dd1299862d19f8919d0d"},{"id":8,"name":"Ac Motor","quantity":3,"is_active":true,"image":"https://t3.storageapi.dev/image-holster-edwzzkdjhjg/ai-samples/ac-motor/2026/04/ac-motor_a68f564b8a42.jpg?X-Amz-Algorithm=AWS4-HMAC-SHA256&amp;X-Amz-Credential=tid_Zmysfy__QuHeIfCSzRJrmPwJswjcPUvuAYW_qLeJmjnFdoSjaT%2F20260407%2Fsin%2Fs3%2Faws4_request&amp;X-Amz-Date=20260407T115610Z&amp;X-Amz-Expires=1800&amp;X-Amz-SignedHeaders=host&amp;X-Amz-Signature=bad1f66a3461e91dee8551c9c69bcfd38385738e22c55003406216dda61b25d8"}],"total":2,"page":1,"page_size":20,"total_pages":1} 
 </msg>
<msg time="2026-04-07T18:56:11.289320" level="INFO">${resp} = &lt;Response [200]&gt;</msg>
<var>${resp}</var>
<arg>api</arg>
<arg>${ITEMS_PATH}</arg>
<doc>Sends a GET request on a previously created HTTP Session.</doc>
<status status="PASS" start="2026-04-07T18:56:09.403582" elapsed="1.885738"/>
</kw>
<kw name="Set Variable" owner="BuiltIn">
<msg time="2026-04-07T18:56:11.290930" level="INFO">${items} = [{'id': 7, 'name': 'esp32', 'quantity': 2, 'is_active': True, 'image': 'https://t3.storageapi.dev/image-holster-edwzzkdjhjg/ai-samples/esp32/2026/04/esp32_5b58c9cf8893.jpg?X-Amz-Algorithm=AWS4-HMAC-SH...</msg>
<var>${items}</var>
<arg>${resp.json()}[items]</arg>
<doc>Returns the given values which can then be assigned to a variables.</doc>
<status status="PASS" start="2026-04-07T18:56:11.289921" elapsed="0.001009"/>
</kw>
<kw name="Skip If" owner="BuiltIn">
<arg>len($items) == 0</arg>
<arg>No items in DB to test with</arg>
<doc>Skips the rest of the current test if the ``condition`` is True.</doc>
<status status="PASS" start="2026-04-07T18:56:11.290930" elapsed="0.001429"/>
</kw>
<kw name="Set Variable" owner="BuiltIn">
<msg time="2026-04-07T18:56:11.292359" level="INFO">${item_id} = 7</msg>
<var>${item_id}</var>
<arg>${items}[0][id]</arg>
<doc>Returns the given values which can then be assigned to a variables.</doc>
<status status="PASS" start="2026-04-07T18:56:11.292359" elapsed="0.000000"/>
</kw>
<kw name="Create Dictionary" owner="BuiltIn">
<msg time="2026-04-07T18:56:11.294518" level="INFO">${body} = {'delta': 0}</msg>
<var>${body}</var>
<arg>delta=${0}</arg>
<doc>Creates and returns a dictionary based on the given ``items``.</doc>
<status status="PASS" start="2026-04-07T18:56:11.293370" elapsed="0.001148"/>
</kw>
<kw name="PATCH On Session" owner="RequestsLibrary">
<msg time="2026-04-07T18:56:13.923344" level="INFO">PATCH Request : url=http://localhost:3000/api/items/7/quantity 
 path_url=/api/items/7/quantity 
 headers={'User-Agent': 'python-requests/2.32.3', 'Accept-Encoding': 'gzip, deflate', 'Accept': '*/*', 'Connection': 'keep-alive', 'Authorization': 'Bearer eyJhbGciOiJIUzI1NiIsInR5cCI6IkpXVCJ9.eyJzdWIiOiIxIiwicm9sZSI6ImFkbWluIiwiZXhwIjoxNzc1NjQ5MzY5LCJpYXQiOjE3NzU1NjI5Njl9.CNpgF-fX4omxtH0W8wj9jIzC1l4VHIqJrI43LEKGLCA', 'Content-Length': '12', 'Content-Type': 'application/json'} 
 body=b'{"delta": 0}' 
 </msg>
<msg time="2026-04-07T18:56:13.923344" level="INFO">PATCH Response : url=http://localhost:3000/api/items/7/quantity 
 status=200, reason=OK 
 headers={'date': 'Tue, 07 Apr 2026 11:56:11 GMT', 'server': 'uvicorn', 'content-length': '66', 'content-type': 'application/json'} 
 body={"id":7,"name":"esp32","quantity":2,"is_active":true,"image":null} 
 </msg>
<msg time="2026-04-07T18:56:13.924347" level="INFO">${resp} = &lt;Response [200]&gt;</msg>
<var>${resp}</var>
<arg>api</arg>
<arg>/api/items/${item_id}/quantity</arg>
<arg>json=${body}</arg>
<arg>headers=${headers}</arg>
<doc>Sends a PATCH request on a previously created HTTP Session.</doc>
<status status="PASS" start="2026-04-07T18:56:11.295570" elapsed="2.628777"/>
</kw>
<kw name="Response Should Be OK" owner="common">
<kw name="Should Be Equal As Integers" owner="BuiltIn">
<msg time="2026-04-07T18:56:13.925381" level="INFO">Argument types are:
&lt;class 'int'&gt;
&lt;class 'str'&gt;</msg>
<arg>${response.status_code}</arg>
<arg>200</arg>
<doc>Fails if objects are unequal after converting them to integers.</doc>
<status status="PASS" start="2026-04-07T18:56:13.924347" elapsed="0.001034"/>
</kw>
<arg>${resp}</arg>
<status status="PASS" start="2026-04-07T18:56:13.924347" elapsed="0.001034"/>
</kw>
<doc>delta=0 is a no-op but must be accepted (not a 4xx).</doc>
<tag>items</tag>
<status status="PASS" start="2026-04-07T18:56:08.053478" elapsed="5.871903"/>
</test>
<test id="s1-s2-t9" name="Adjust Item Quantity Below Zero Returns 400" line="96">
<kw name="Admin Auth Header" owner="auth">
<kw name="Get Admin Token" owner="auth">
<kw name="Create Dictionary" owner="BuiltIn">
<msg time="2026-04-07T18:56:13.927347" level="INFO">${body} = {'email': 'testadmin@gmail.com', 'password': 'admin123'}</msg>
<var>${body}</var>
<arg>email=${ADMIN_EMAIL}</arg>
<arg>password=${ADMIN_PASSWORD}</arg>
<doc>Creates and returns a dictionary based on the given ``items``.</doc>
<status status="PASS" start="2026-04-07T18:56:13.926344" elapsed="0.001003"/>
</kw>
<kw name="POST On Session" owner="RequestsLibrary">
<msg time="2026-04-07T18:56:15.275634" level="INFO">POST Request : url=http://localhost:3000/api/auth/login 
 path_url=/api/auth/login 
 headers={'User-Agent': 'python-requests/2.32.3', 'Accept-Encoding': 'gzip, deflate', 'Accept': '*/*', 'Connection': 'keep-alive', 'Content-Length': '56', 'Content-Type': 'application/json'} 
 body=b'{"email": "testadmin@gmail.com", "password": "admin123"}' 
 </msg>
<msg time="2026-04-07T18:56:15.275634" level="INFO">POST Response : url=http://localhost:3000/api/auth/login 
 status=200, reason=OK 
 headers={'date': 'Tue, 07 Apr 2026 11:56:13 GMT', 'server': 'uvicorn', 'content-length': '362', 'content-type': 'application/json'} 
 body={"access_token":"eyJhbGciOiJIUzI1NiIsInR5cCI6IkpXVCJ9.eyJzdWIiOiIxIiwicm9sZSI6ImFkbWluIiwiZXhwIjoxNzc1NjQ5Mzc0LCJpYXQiOjE3NzU1NjI5NzR9.Bx0oyJ-vkSDoCCIFvG3NX9UlPSc0sb2Dsb17UjizqS8","token_type":"bearer","user":{"id":1,"name":"Admin","email":"testadmin@gmail.com","role":"admin","card_id":"51D7FAA9","is_blacklist":false,"created_at":"2026-04-01T07:51:28.684392"}} 
 </msg>
<msg time="2026-04-07T18:56:15.275634" level="INFO">${resp} = &lt;Response [200]&gt;</msg>
<var>${resp}</var>
<arg>api</arg>
<arg>/api/auth/login</arg>
<arg>json=${body}</arg>
<arg>expected_status=200</arg>
<doc>Sends a POST request on a previously created HTTP Session.</doc>
<status status="PASS" start="2026-04-07T18:56:13.927347" elapsed="1.348287"/>
</kw>
<kw name="Set Variable" owner="BuiltIn">
<msg time="2026-04-07T18:56:15.277177" level="INFO">${token} = eyJhbGciOiJIUzI1NiIsInR5cCI6IkpXVCJ9.eyJzdWIiOiIxIiwicm9sZSI6ImFkbWluIiwiZXhwIjoxNzc1NjQ5Mzc0LCJpYXQiOjE3NzU1NjI5NzR9.Bx0oyJ-vkSDoCCIFvG3NX9UlPSc0sb2Dsb17UjizqS8</msg>
<var>${token}</var>
<arg>${resp.json()}[access_token]</arg>
<doc>Returns the given values which can then be assigned to a variables.</doc>
<status status="PASS" start="2026-04-07T18:56:15.275634" elapsed="0.001543"/>
</kw>
<return>
<value>${token}</value>
<status status="PASS" start="2026-04-07T18:56:15.277177" elapsed="0.000000"/>
</return>
<msg time="2026-04-07T18:56:15.277177" level="INFO">${token} = eyJhbGciOiJIUzI1NiIsInR5cCI6IkpXVCJ9.eyJzdWIiOiIxIiwicm9sZSI6ImFkbWluIiwiZXhwIjoxNzc1NjQ5Mzc0LCJpYXQiOjE3NzU1NjI5NzR9.Bx0oyJ-vkSDoCCIFvG3NX9UlPSc0sb2Dsb17UjizqS8</msg>
<var>${token}</var>
<doc>POST /api/auth/login with admin credentials.
Returns the raw JWT string.</doc>
<status status="PASS" start="2026-04-07T18:56:13.926344" elapsed="1.350833"/>
</kw>
<kw name="Create Dictionary" owner="BuiltIn">
<msg time="2026-04-07T18:56:15.277177" level="INFO">${headers} = {'Authorization': 'Bearer eyJhbGciOiJIUzI1NiIsInR5cCI6IkpXVCJ9.eyJzdWIiOiIxIiwicm9sZSI6ImFkbWluIiwiZXhwIjoxNzc1NjQ5Mzc0LCJpYXQiOjE3NzU1NjI5NzR9.Bx0oyJ-vkSDoCCIFvG3NX9UlPSc0sb2Dsb17UjizqS8'}</msg>
<var>${headers}</var>
<arg>Authorization=Bearer ${token}</arg>
<doc>Creates and returns a dictionary based on the given ``items``.</doc>
<status status="PASS" start="2026-04-07T18:56:15.277177" elapsed="0.000000"/>
</kw>
<return>
<value>${headers}</value>
<status status="PASS" start="2026-04-07T18:56:15.277177" elapsed="0.000000"/>
</return>
<msg time="2026-04-07T18:56:15.278199" level="INFO">${headers} = {'Authorization': 'Bearer eyJhbGciOiJIUzI1NiIsInR5cCI6IkpXVCJ9.eyJzdWIiOiIxIiwicm9sZSI6ImFkbWluIiwiZXhwIjoxNzc1NjQ5Mzc0LCJpYXQiOjE3NzU1NjI5NzR9.Bx0oyJ-vkSDoCCIFvG3NX9UlPSc0sb2Dsb17UjizqS8'}</msg>
<var>${headers}</var>
<doc>Returns a headers dict with Authorization: Bearer &lt;admin token&gt;.</doc>
<status status="PASS" start="2026-04-07T18:56:13.926344" elapsed="1.351855"/>
</kw>
<kw name="GET On Session" owner="RequestsLibrary">
<msg time="2026-04-07T18:56:17.158279" level="INFO">GET Request : url=http://localhost:3000/api/items/ 
 path_url=/api/items/ 
 headers={'User-Agent': 'python-requests/2.32.3', 'Accept-Encoding': 'gzip, deflate', 'Accept': '*/*', 'Connection': 'keep-alive'} 
 body=None 
 </msg>
<msg time="2026-04-07T18:56:17.158279" level="INFO">GET Response : url=http://localhost:3000/api/items/ 
 status=200, reason=OK 
 headers={'date': 'Tue, 07 Apr 2026 11:56:14 GMT', 'server': 'uvicorn', 'content-length': '988', 'content-type': 'application/json'} 
 body={"items":[{"id":7,"name":"esp32","quantity":2,"is_active":true,"image":"https://t3.storageapi.dev/image-holster-edwzzkdjhjg/ai-samples/esp32/2026/04/esp32_5b58c9cf8893.jpg?X-Amz-Algorithm=AWS4-HMAC-SHA256&amp;X-Amz-Credential=tid_Zmysfy__QuHeIfCSzRJrmPwJswjcPUvuAYW_qLeJmjnFdoSjaT%2F20260407%2Fsin%2Fs3%2Faws4_request&amp;X-Amz-Date=20260407T115616Z&amp;X-Amz-Expires=1800&amp;X-Amz-SignedHeaders=host&amp;X-Amz-Signature=a52e05df2ab34af9a8b15e39d6d5ef9bd1cfb3087a578a469186c4d9203d0d1e"},{"id":8,"name":"Ac Motor","quantity":3,"is_active":true,"image":"https://t3.storageapi.dev/image-holster-edwzzkdjhjg/ai-samples/ac-motor/2026/04/ac-motor_a68f564b8a42.jpg?X-Amz-Algorithm=AWS4-HMAC-SHA256&amp;X-Amz-Credential=tid_Zmysfy__QuHeIfCSzRJrmPwJswjcPUvuAYW_qLeJmjnFdoSjaT%2F20260407%2Fsin%2Fs3%2Faws4_request&amp;X-Amz-Date=20260407T115616Z&amp;X-Amz-Expires=1800&amp;X-Amz-SignedHeaders=host&amp;X-Amz-Signature=08b3b504ac044d091a791d4fea0032588ea05ea8e42a0763758182e380faf4f5"}],"total":2,"page":1,"page_size":20,"total_pages":1} 
 </msg>
<msg time="2026-04-07T18:56:17.158279" level="INFO">${resp} = &lt;Response [200]&gt;</msg>
<var>${resp}</var>
<arg>api</arg>
<arg>${ITEMS_PATH}</arg>
<doc>Sends a GET request on a previously created HTTP Session.</doc>
<status status="PASS" start="2026-04-07T18:56:15.278199" elapsed="1.880080"/>
</kw>
<kw name="Set Variable" owner="BuiltIn">
<msg time="2026-04-07T18:56:17.160283" level="INFO">${items} = [{'id': 7, 'name': 'esp32', 'quantity': 2, 'is_active': True, 'image': 'https://t3.storageapi.dev/image-holster-edwzzkdjhjg/ai-samples/esp32/2026/04/esp32_5b58c9cf8893.jpg?X-Amz-Algorithm=AWS4-HMAC-SH...</msg>
<var>${items}</var>
<arg>${resp.json()}[items]</arg>
<doc>Returns the given values which can then be assigned to a variables.</doc>
<status status="PASS" start="2026-04-07T18:56:17.159289" elapsed="0.000994"/>
</kw>
<kw name="Skip If" owner="BuiltIn">
<arg>len($items) == 0</arg>
<arg>No items in DB to test with</arg>
<doc>Skips the rest of the current test if the ``condition`` is True.</doc>
<status status="PASS" start="2026-04-07T18:56:17.160283" elapsed="0.000000"/>
</kw>
<kw name="Set Variable" owner="BuiltIn">
<msg time="2026-04-07T18:56:17.160283" level="INFO">${item_id} = 7</msg>
<var>${item_id}</var>
<arg>${items}[0][id]</arg>
<doc>Returns the given values which can then be assigned to a variables.</doc>
<status status="PASS" start="2026-04-07T18:56:17.160283" elapsed="0.000000"/>
</kw>
<kw name="Create Dictionary" owner="BuiltIn">
<msg time="2026-04-07T18:56:17.161279" level="INFO">${body} = {'delta': -999999}</msg>
<var>${body}</var>
<arg>delta=${-999999}</arg>
<doc>Creates and returns a dictionary based on the given ``items``.</doc>
<status status="PASS" start="2026-04-07T18:56:17.161279" elapsed="0.000000"/>
</kw>
<kw name="PATCH On Session" owner="RequestsLibrary">
<msg time="2026-04-07T18:56:18.663626" level="INFO">PATCH Request : url=http://localhost:3000/api/items/7/quantity 
 path_url=/api/items/7/quantity 
 headers={'User-Agent': 'python-requests/2.32.3', 'Accept-Encoding': 'gzip, deflate', 'Accept': '*/*', 'Connection': 'keep-alive', 'Authorization': 'Bearer eyJhbGciOiJIUzI1NiIsInR5cCI6IkpXVCJ9.eyJzdWIiOiIxIiwicm9sZSI6ImFkbWluIiwiZXhwIjoxNzc1NjQ5Mzc0LCJpYXQiOjE3NzU1NjI5NzR9.Bx0oyJ-vkSDoCCIFvG3NX9UlPSc0sb2Dsb17UjizqS8', 'Content-Length': '18', 'Content-Type': 'application/json'} 
 body=b'{"delta": -999999}' 
 </msg>
<msg time="2026-04-07T18:56:18.663626" level="INFO">PATCH Response : url=http://localhost:3000/api/items/7/quantity 
 status=400, reason=Bad Request 
 headers={'date': 'Tue, 07 Apr 2026 11:56:16 GMT', 'server': 'uvicorn', 'content-length': '53', 'content-type': 'application/json'} 
 body={"detail":"Cannot remove 999999 — only 2 in stock"} 
 </msg>
<msg time="2026-04-07T18:56:18.663626" level="INFO">${resp} = &lt;Response [400]&gt;</msg>
<var>${resp}</var>
<arg>api</arg>
<arg>/api/items/${item_id}/quantity</arg>
<arg>json=${body}</arg>
<arg>headers=${headers}</arg>
<arg>expected_status=400</arg>
<doc>Sends a PATCH request on a previously created HTTP Session.</doc>
<status status="PASS" start="2026-04-07T18:56:17.161279" elapsed="1.502347"/>
</kw>
<kw name="Response Should Be Bad Request" owner="common">
<kw name="Should Be Equal As Integers" owner="BuiltIn">
<msg time="2026-04-07T18:56:18.665434" level="INFO">Argument types are:
&lt;class 'int'&gt;
&lt;class 'str'&gt;</msg>
<arg>${response.status_code}</arg>
<arg>400</arg>
<doc>Fails if objects are unequal after converting them to integers.</doc>
<status status="PASS" start="2026-04-07T18:56:18.664629" elapsed="0.000805"/>
</kw>
<arg>${resp}</arg>
<status status="PASS" start="2026-04-07T18:56:18.664629" elapsed="0.000805"/>
</kw>
<tag>items</tag>
<tag>negative</tag>
<status status="PASS" start="2026-04-07T18:56:13.926344" elapsed="4.739090"/>
</test>
<test id="s1-s2-t10" name="Adjust Non-Existent Item Returns 400" line="109">
<kw name="Admin Auth Header" owner="auth">
<kw name="Get Admin Token" owner="auth">
<kw name="Create Dictionary" owner="BuiltIn">
<msg time="2026-04-07T18:56:18.667256" level="INFO">${body} = {'email': 'testadmin@gmail.com', 'password': 'admin123'}</msg>
<var>${body}</var>
<arg>email=${ADMIN_EMAIL}</arg>
<arg>password=${ADMIN_PASSWORD}</arg>
<doc>Creates and returns a dictionary based on the given ``items``.</doc>
<status status="PASS" start="2026-04-07T18:56:18.667256" elapsed="0.000000"/>
</kw>
<kw name="POST On Session" owner="RequestsLibrary">
<msg time="2026-04-07T18:56:20.036885" level="INFO">POST Request : url=http://localhost:3000/api/auth/login 
 path_url=/api/auth/login 
 headers={'User-Agent': 'python-requests/2.32.3', 'Accept-Encoding': 'gzip, deflate', 'Accept': '*/*', 'Connection': 'keep-alive', 'Content-Length': '56', 'Content-Type': 'application/json'} 
 body=b'{"email": "testadmin@gmail.com", "password": "admin123"}' 
 </msg>
<msg time="2026-04-07T18:56:20.036885" level="INFO">POST Response : url=http://localhost:3000/api/auth/login 
 status=200, reason=OK 
 headers={'date': 'Tue, 07 Apr 2026 11:56:17 GMT', 'server': 'uvicorn', 'content-length': '362', 'content-type': 'application/json'} 
 body={"access_token":"eyJhbGciOiJIUzI1NiIsInR5cCI6IkpXVCJ9.eyJzdWIiOiIxIiwicm9sZSI6ImFkbWluIiwiZXhwIjoxNzc1NjQ5Mzc5LCJpYXQiOjE3NzU1NjI5Nzl9.N7vujSeXn-ZkoPogu934khUDUXWrqBarZiKOM7pc3S4","token_type":"bearer","user":{"id":1,"name":"Admin","email":"testadmin@gmail.com","role":"admin","card_id":"51D7FAA9","is_blacklist":false,"created_at":"2026-04-01T07:51:28.684392"}} 
 </msg>
<msg time="2026-04-07T18:56:20.036885" level="INFO">${resp} = &lt;Response [200]&gt;</msg>
<var>${resp}</var>
<arg>api</arg>
<arg>/api/auth/login</arg>
<arg>json=${body}</arg>
<arg>expected_status=200</arg>
<doc>Sends a POST request on a previously created HTTP Session.</doc>
<status status="PASS" start="2026-04-07T18:56:18.667885" elapsed="1.369000"/>
</kw>
<kw name="Set Variable" owner="BuiltIn">
<msg time="2026-04-07T18:56:20.037885" level="INFO">${token} = eyJhbGciOiJIUzI1NiIsInR5cCI6IkpXVCJ9.eyJzdWIiOiIxIiwicm9sZSI6ImFkbWluIiwiZXhwIjoxNzc1NjQ5Mzc5LCJpYXQiOjE3NzU1NjI5Nzl9.N7vujSeXn-ZkoPogu934khUDUXWrqBarZiKOM7pc3S4</msg>
<var>${token}</var>
<arg>${resp.json()}[access_token]</arg>
<doc>Returns the given values which can then be assigned to a variables.</doc>
<status status="PASS" start="2026-04-07T18:56:20.036885" elapsed="0.001000"/>
</kw>
<return>
<value>${token}</value>
<status status="PASS" start="2026-04-07T18:56:20.037885" elapsed="0.000000"/>
</return>
<msg time="2026-04-07T18:56:20.037885" level="INFO">${token} = eyJhbGciOiJIUzI1NiIsInR5cCI6IkpXVCJ9.eyJzdWIiOiIxIiwicm9sZSI6ImFkbWluIiwiZXhwIjoxNzc1NjQ5Mzc5LCJpYXQiOjE3NzU1NjI5Nzl9.N7vujSeXn-ZkoPogu934khUDUXWrqBarZiKOM7pc3S4</msg>
<var>${token}</var>
<doc>POST /api/auth/login with admin credentials.
Returns the raw JWT string.</doc>
<status status="PASS" start="2026-04-07T18:56:18.667256" elapsed="1.370629"/>
</kw>
<kw name="Create Dictionary" owner="BuiltIn">
<msg time="2026-04-07T18:56:20.037885" level="INFO">${headers} = {'Authorization': 'Bearer eyJhbGciOiJIUzI1NiIsInR5cCI6IkpXVCJ9.eyJzdWIiOiIxIiwicm9sZSI6ImFkbWluIiwiZXhwIjoxNzc1NjQ5Mzc5LCJpYXQiOjE3NzU1NjI5Nzl9.N7vujSeXn-ZkoPogu934khUDUXWrqBarZiKOM7pc3S4'}</msg>
<var>${headers}</var>
<arg>Authorization=Bearer ${token}</arg>
<doc>Creates and returns a dictionary based on the given ``items``.</doc>
<status status="PASS" start="2026-04-07T18:56:20.037885" elapsed="0.000000"/>
</kw>
<return>
<value>${headers}</value>
<status status="PASS" start="2026-04-07T18:56:20.037885" elapsed="0.001000"/>
</return>
<msg time="2026-04-07T18:56:20.038885" level="INFO">${headers} = {'Authorization': 'Bearer eyJhbGciOiJIUzI1NiIsInR5cCI6IkpXVCJ9.eyJzdWIiOiIxIiwicm9sZSI6ImFkbWluIiwiZXhwIjoxNzc1NjQ5Mzc5LCJpYXQiOjE3NzU1NjI5Nzl9.N7vujSeXn-ZkoPogu934khUDUXWrqBarZiKOM7pc3S4'}</msg>
<var>${headers}</var>
<doc>Returns a headers dict with Authorization: Bearer &lt;admin token&gt;.</doc>
<status status="PASS" start="2026-04-07T18:56:18.666563" elapsed="1.372322"/>
</kw>
<kw name="Create Dictionary" owner="BuiltIn">
<msg time="2026-04-07T18:56:20.039885" level="INFO">${body} = {'delta': 1}</msg>
<var>${body}</var>
<arg>delta=${1}</arg>
<doc>Creates and returns a dictionary based on the given ``items``.</doc>
<status status="PASS" start="2026-04-07T18:56:20.038885" elapsed="0.001000"/>
</kw>
<kw name="PATCH On Session" owner="RequestsLibrary">
<msg time="2026-04-07T18:56:21.609391" level="INFO">PATCH Request : url=http://localhost:3000/api/items/999999/quantity 
 path_url=/api/items/999999/quantity 
 headers={'User-Agent': 'python-requests/2.32.3', 'Accept-Encoding': 'gzip, deflate', 'Accept': '*/*', 'Connection': 'keep-alive', 'Authorization': 'Bearer eyJhbGciOiJIUzI1NiIsInR5cCI6IkpXVCJ9.eyJzdWIiOiIxIiwicm9sZSI6ImFkbWluIiwiZXhwIjoxNzc1NjQ5Mzc5LCJpYXQiOjE3NzU1NjI5Nzl9.N7vujSeXn-ZkoPogu934khUDUXWrqBarZiKOM7pc3S4', 'Content-Length': '12', 'Content-Type': 'application/json'} 
 body=b'{"delta": 1}' 
 </msg>
<msg time="2026-04-07T18:56:21.609391" level="INFO">PATCH Response : url=http://localhost:3000/api/items/999999/quantity 
 status=400, reason=Bad Request 
 headers={'date': 'Tue, 07 Apr 2026 11:56:19 GMT', 'server': 'uvicorn', 'content-length': '34', 'content-type': 'application/json'} 
 body={"detail":"Item 999999 not found"} 
 </msg>
<msg time="2026-04-07T18:56:21.609930" level="INFO">${resp} = &lt;Response [400]&gt;</msg>
<var>${resp}</var>
<arg>api</arg>
<arg>/api/items/999999/quantity</arg>
<arg>json=${body}</arg>
<arg>headers=${headers}</arg>
<arg>expected_status=400</arg>
<doc>Sends a PATCH request on a previously created HTTP Session.</doc>
<status status="PASS" start="2026-04-07T18:56:20.041396" elapsed="1.568534"/>
</kw>
<kw name="Response Should Be Bad Request" owner="common">
<kw name="Should Be Equal As Integers" owner="BuiltIn">
<msg time="2026-04-07T18:56:21.611176" level="INFO">Argument types are:
&lt;class 'int'&gt;
&lt;class 'str'&gt;</msg>
<arg>${response.status_code}</arg>
<arg>400</arg>
<doc>Fails if objects are unequal after converting them to integers.</doc>
<status status="PASS" start="2026-04-07T18:56:21.610564" elapsed="0.000612"/>
</kw>
<arg>${resp}</arg>
<status status="PASS" start="2026-04-07T18:56:21.610564" elapsed="0.000612"/>
</kw>
<tag>items</tag>
<tag>negative</tag>
<status status="PASS" start="2026-04-07T18:56:18.666563" elapsed="2.945242"/>
</test>
<kw name="Delete API Session" owner="common" type="TEARDOWN">
<kw name="Delete All Sessions" owner="RequestsLibrary">
<msg time="2026-04-07T18:56:21.613686" level="INFO">Deleting All Sessions</msg>
<doc>Removes all the session objects</doc>
<status status="PASS" start="2026-04-07T18:56:21.613686" elapsed="0.000000"/>
</kw>
<doc>Clean up the shared session.</doc>
<status status="PASS" start="2026-04-07T18:56:21.613686" elapsed="0.000682"/>
</kw>
<doc>System tests for:
  GET  /api/items/
  PATCH /api/items/{item_id}/quantity</doc>
<status status="FAIL" start="2026-04-07T18:55:58.155355" elapsed="23.459013"/>
</suite>
<suite id="s1-s3" name="03 Users" source="C:\Users\baile\Documents\Coding_spaces\Project\inventory_software\backend\tests\system-tests\suites\03_users.robot">
<kw name="Create API Session" owner="common" type="SETUP">
<kw name="Create Session" owner="RequestsLibrary">
<msg time="2026-04-07T18:56:21.621427" level="INFO">Creating Session using : alias=api, url=http://localhost:3000, headers={},                     cookies={}, auth=None, timeout=None, proxies=None, verify=False,                     debug=0 </msg>
<arg>api</arg>
<arg>${BASE_URL}</arg>
<arg>verify=false</arg>
<doc>Create Session: create a HTTP session to a server</doc>
<status status="PASS" start="2026-04-07T18:56:21.621427" elapsed="0.000000"/>
</kw>
<doc>Create a base RequestsLibrary session pointing at the backend.</doc>
<status status="PASS" start="2026-04-07T18:56:21.621427" elapsed="0.000000"/>
</kw>
<test id="s1-s3-t1" name="List Users As Admin Returns 200" line="19">
<kw name="Admin Auth Header" owner="auth">
<kw name="Get Admin Token" owner="auth">
<kw name="Create Dictionary" owner="BuiltIn">
<msg time="2026-04-07T18:56:21.623428" level="INFO">${body} = {'email': 'testadmin@gmail.com', 'password': 'admin123'}</msg>
<var>${body}</var>
<arg>email=${ADMIN_EMAIL}</arg>
<arg>password=${ADMIN_PASSWORD}</arg>
<doc>Creates and returns a dictionary based on the given ``items``.</doc>
<status status="PASS" start="2026-04-07T18:56:21.623428" elapsed="0.000000"/>
</kw>
<kw name="POST On Session" owner="RequestsLibrary">
<msg time="2026-04-07T18:56:25.012868" level="INFO">POST Request : url=http://localhost:3000/api/auth/login 
 path_url=/api/auth/login 
 headers={'User-Agent': 'python-requests/2.32.3', 'Accept-Encoding': 'gzip, deflate', 'Accept': '*/*', 'Connection': 'keep-alive', 'Content-Length': '56', 'Content-Type': 'application/json'} 
 body=b'{"email": "testadmin@gmail.com", "password": "admin123"}' 
 </msg>
<msg time="2026-04-07T18:56:25.012868" level="INFO">POST Response : url=http://localhost:3000/api/auth/login 
 status=200, reason=OK 
 headers={'date': 'Tue, 07 Apr 2026 11:56:23 GMT', 'server': 'uvicorn', 'content-length': '362', 'content-type': 'application/json'} 
 body={"access_token":"eyJhbGciOiJIUzI1NiIsInR5cCI6IkpXVCJ9.eyJzdWIiOiIxIiwicm9sZSI6ImFkbWluIiwiZXhwIjoxNzc1NjQ5Mzg0LCJpYXQiOjE3NzU1NjI5ODR9._eYvXW0Jn7f7vyoEXIzOHM2jUna1II8eaSbeHIyW1BM","token_type":"bearer","user":{"id":1,"name":"Admin","email":"testadmin@gmail.com","role":"admin","card_id":"51D7FAA9","is_blacklist":false,"created_at":"2026-04-01T07:51:28.684392"}} 
 </msg>
<msg time="2026-04-07T18:56:25.012868" level="INFO">${resp} = &lt;Response [200]&gt;</msg>
<var>${resp}</var>
<arg>api</arg>
<arg>/api/auth/login</arg>
<arg>json=${body}</arg>
<arg>expected_status=200</arg>
<doc>Sends a POST request on a previously created HTTP Session.</doc>
<status status="PASS" start="2026-04-07T18:56:21.623428" elapsed="3.389440"/>
</kw>
<kw name="Set Variable" owner="BuiltIn">
<msg time="2026-04-07T18:56:25.014372" level="INFO">${token} = eyJhbGciOiJIUzI1NiIsInR5cCI6IkpXVCJ9.eyJzdWIiOiIxIiwicm9sZSI6ImFkbWluIiwiZXhwIjoxNzc1NjQ5Mzg0LCJpYXQiOjE3NzU1NjI5ODR9._eYvXW0Jn7f7vyoEXIzOHM2jUna1II8eaSbeHIyW1BM</msg>
<var>${token}</var>
<arg>${resp.json()}[access_token]</arg>
<doc>Returns the given values which can then be assigned to a variables.</doc>
<status status="PASS" start="2026-04-07T18:56:25.012868" elapsed="0.001504"/>
</kw>
<return>
<value>${token}</value>
[...]
<msg time="2026-04-07T18:58:21.714470" level="INFO">${body} = {'email': 'testadmin@gmail.com', 'password': 'admin123'}</msg>
<var>${body}</var>
<arg>email=${ADMIN_EMAIL}</arg>
<arg>password=${ADMIN_PASSWORD}</arg>
<doc>Creates and returns a dictionary based on the given ``items``.</doc>
<status status="PASS" start="2026-04-07T18:58:21.714470" elapsed="0.000000"/>
</kw>
<kw name="POST On Session" owner="RequestsLibrary">
<msg time="2026-04-07T18:58:23.052997" level="INFO">POST Request : url=http://localhost:3000/api/auth/login 
 path_url=/api/auth/login 
 headers={'User-Agent': 'python-requests/2.32.3', 'Accept-Encoding': 'gzip, deflate', 'Accept': '*/*', 'Connection': 'keep-alive', 'Content-Length': '56', 'Content-Type': 'application/json'} 
 body=b'{"email": "testadmin@gmail.com", "password": "admin123"}' 
 </msg>
<msg time="2026-04-07T18:58:23.052997" level="INFO">POST Response : url=http://localhost:3000/api/auth/login 
 status=200, reason=OK 
 headers={'date': 'Tue, 07 Apr 2026 11:58:21 GMT', 'server': 'uvicorn', 'content-length': '362', 'content-type': 'application/json'} 
 body={"access_token":"eyJhbGciOiJIUzI1NiIsInR5cCI6IkpXVCJ9.eyJzdWIiOiIxIiwicm9sZSI6ImFkbWluIiwiZXhwIjoxNzc1NjQ5NTAyLCJpYXQiOjE3NzU1NjMxMDJ9.H7fPCxGSamapUJaB-Dnvfr3edxU-d7isi18M7gGsEV4","token_type":"bearer","user":{"id":1,"name":"Admin","email":"testadmin@gmail.com","role":"admin","card_id":"51D7FAA9","is_blacklist":false,"created_at":"2026-04-01T07:51:28.684392"}} 
 </msg>
<msg time="2026-04-07T18:58:23.052997" level="INFO">${resp} = &lt;Response [200]&gt;</msg>
<var>${resp}</var>
<arg>api</arg>
<arg>/api/auth/login</arg>
<arg>json=${body}</arg>
<arg>expected_status=200</arg>
<doc>Sends a POST request on a previously created HTTP Session.</doc>
<status status="PASS" start="2026-04-07T18:58:21.714470" elapsed="1.338527"/>
</kw>
<kw name="Set Variable" owner="BuiltIn">
<msg time="2026-04-07T18:58:23.054009" level="INFO">${token} = eyJhbGciOiJIUzI1NiIsInR5cCI6IkpXVCJ9.eyJzdWIiOiIxIiwicm9sZSI6ImFkbWluIiwiZXhwIjoxNzc1NjQ5NTAyLCJpYXQiOjE3NzU1NjMxMDJ9.H7fPCxGSamapUJaB-Dnvfr3edxU-d7isi18M7gGsEV4</msg>
<var>${token}</var>
<arg>${resp.json()}[access_token]</arg>
<doc>Returns the given values which can then be assigned to a variables.</doc>
<status status="PASS" start="2026-04-07T18:58:23.052997" elapsed="0.001012"/>
</kw>
<return>
<value>${token}</value>
<status status="PASS" start="2026-04-07T18:58:23.054009" elapsed="0.000000"/>
</return>
<msg time="2026-04-07T18:58:23.054009" level="INFO">${token} = eyJhbGciOiJIUzI1NiIsInR5cCI6IkpXVCJ9.eyJzdWIiOiIxIiwicm9sZSI6ImFkbWluIiwiZXhwIjoxNzc1NjQ5NTAyLCJpYXQiOjE3NzU1NjMxMDJ9.H7fPCxGSamapUJaB-Dnvfr3edxU-d7isi18M7gGsEV4</msg>
<var>${token}</var>
<doc>POST /api/auth/login with admin credentials.
Returns the raw JWT string.</doc>
<status status="PASS" start="2026-04-07T18:58:21.713469" elapsed="1.340540"/>
</kw>
<kw name="Create Dictionary" owner="BuiltIn">
<msg time="2026-04-07T18:58:23.055032" level="INFO">${headers} = {'Authorization': 'Bearer eyJhbGciOiJIUzI1NiIsInR5cCI6IkpXVCJ9.eyJzdWIiOiIxIiwicm9sZSI6ImFkbWluIiwiZXhwIjoxNzc1NjQ5NTAyLCJpYXQiOjE3NzU1NjMxMDJ9.H7fPCxGSamapUJaB-Dnvfr3edxU-d7isi18M7gGsEV4'}</msg>
<var>${headers}</var>
<arg>Authorization=Bearer ${token}</arg>
<doc>Creates and returns a dictionary based on the given ``items``.</doc>
<status status="PASS" start="2026-04-07T18:58:23.055032" elapsed="0.000000"/>
</kw>
<return>
<value>${headers}</value>
<status status="PASS" start="2026-04-07T18:58:23.055032" elapsed="0.000000"/>
</return>
<msg time="2026-04-07T18:58:23.055032" level="INFO">${headers} = {'Authorization': 'Bearer eyJhbGciOiJIUzI1NiIsInR5cCI6IkpXVCJ9.eyJzdWIiOiIxIiwicm9sZSI6ImFkbWluIiwiZXhwIjoxNzc1NjQ5NTAyLCJpYXQiOjE3NzU1NjMxMDJ9.H7fPCxGSamapUJaB-Dnvfr3edxU-d7isi18M7gGsEV4'}</msg>
<var>${headers}</var>
<doc>Returns a headers dict with Authorization: Bearer &lt;admin token&gt;.</doc>
<status status="PASS" start="2026-04-07T18:58:21.713469" elapsed="1.341563"/>
</kw>
<kw name="GET On Session" owner="RequestsLibrary">
<msg time="2026-04-07T18:58:25.318651" level="INFO">GET Request : url=http://localhost:3000/api/activity-log/ 
 path_url=/api/activity-log/ 
 headers={'User-Agent': 'python-requests/2.32.3', 'Accept-Encoding': 'gzip, deflate', 'Accept': '*/*', 'Connection': 'keep-alive', 'Authorization': 'Bearer eyJhbGciOiJIUzI1NiIsInR5cCI6IkpXVCJ9.eyJzdWIiOiIxIiwicm9sZSI6ImFkbWluIiwiZXhwIjoxNzc1NjQ5NTAyLCJpYXQiOjE3NzU1NjMxMDJ9.H7fPCxGSamapUJaB-Dnvfr3edxU-d7isi18M7gGsEV4'} 
 body=None 
 </msg>
<msg time="2026-04-07T18:58:25.318651" level="INFO">GET Response : url=http://localhost:3000/api/activity-log/ 
 status=200, reason=OK 
 headers={'date': 'Tue, 07 Apr 2026 11:58:22 GMT', 'server': 'uvicorn', 'content-length': '32166', 'content-type': 'application/json'} 
 body=[{"event_type":"session_open","timestamp":"2026-04-07T10:28:54.727286","reference_id":118,"user_id":1,"user_name":"Admin","item_id":null,"item_name":null,"detail":null},{"event_type":"session_open","timestamp":"2026-04-07T10:26:06.592934","reference_id":117,"user_id":1,"user_name":"Admin","item_id":null,"item_name":null,"detail":null},{"event_type":"session_open","timestamp":"2026-04-07T10:24:56.126734","reference_id":116,"user_id":1,"user_name":"Admin","item_id":null,"item_name":null,"detail":null},{"event_type":"session_open","timestamp":"2026-04-07T10:24:38.697370","reference_id":115,"user_id":1,"user_name":"Admin","item_id":null,"item_name":null,"detail":null},{"event_type":"session_close","timestamp":"2026-04-07T09:55:12.878099","reference_id":114,"user_id":1,"user_name":"Admin","item_id":null,"item_name":null,"detail":"image_captured"},{"event_type":"session_open","timestamp":"2026-04-07T09:52:50.121806","reference_id":114,"user_id":1,"user_name":"Admin","item_id":null,"item_name":null,"detail":null},{"event_type":"session_open","timestamp":"2026-04-07T09:52:49.412268","reference_id":113,"user_id":1,"user_name":"Admin","item_id":null,"item_name":null,"detail":null},{"event_type":"session_open","timestamp":"2026-04-07T09:49:01.890786","reference_id":112,"user_id":1,"user_name":"Admin","item_id":null,"item_name":null,"detail":null},{"event_type":"session_close","timestamp":"2026-04-07T09:49:00.891737","reference_id":111,"user_id":1,"user_name":"Admin","item_id":null,"item_name":null,"detail":"image_captured"},{"event_type":"session_open","timestamp":"2026-04-07T09:47:05.023218","reference_id":111,"user_id":1,"user_name":"Admin","item_id":null,"item_name":null,"detail":null},{"event_type":"session_open","timestamp":"2026-04-07T08:42:39.137569","reference_id":110,"user_id":3,"user_name":"user02","item_id":null,"item_name":null,"detail":null},{"event_type":"session_open","timestamp":"2026-04-07T08:35:07.662056","reference_id":109,"user_id":3,"user_name":"user02","item_id":null,"item_name":null,"detail":null},{"event_type":"session_open","timestamp":"2026-04-07T08:34:53.645861","reference_id":108,"user_id":3,"user_name":"user02","item_id":null,"item_name":null,"detail":null},{"event_type":"session_close","timestamp":"2026-04-07T08:33:28.312695","reference_id":107,"user_id":1,"user_name":"Admin","item_id":null,"item_name":null,"detail":"image_captured"},{"event_type":"session_open","timestamp":"2026-04-07T08:33:05.596993","reference_id":107,"user_id":1,"user_name":"Admin","item_id":null,"item_name":null,"detail":null},{"event_type":"session_open","timestamp":"2026-04-07T08:32:47.080380","reference_id":106,"user_id":1,"user_name":"Admin","item_id":null,"item_name":null,"detail":null},{"event_type":"session_close","timestamp":"2026-04-06T23:23:03.712879","reference_id":105,"user_id":15,"user_name":"pongchanan","item_id":null,"item_name":null,"detail":"image_captured"},{"event_type":"session_close","timestamp":"2026-04-06T23:22:55.618465","reference_id":104,"user_id":15,"user_name":"pongchanan","item_id":null,"item_name":null,"detail":"image_captured"},{"event_type":"session_open","timestamp":"2026-04-06T23:22:49.855645","reference_id":105,"user_id":15,"user_name":"pongchanan","item_id":null,"item_name":null,"detail":null},{"event_type":"session_close","timestamp":"2026-04-06T23:22:12.381897","reference_id":103,"user_id":3,"user_name":"user02","item_id":null,"item_name":null,"detail":"image_captured"},{"event_type":"session_open","timestamp":"2026-04-06T23:22:11.970119","reference_id":104,"user_id":15,"user_name":"pongchanan","item_id":null,"item_name":null,"detail":null},{"event_type":"session_open","timestamp":"2026-04-06T23:21:30.046073","reference_id":103,"user_id":3,"user_name":"user02","item_id":null,"item_name":null,"detail":null},{"event_type":"session_close","timestamp":"2026-04-06T23:21:30.017361","reference_id":102,"user_id":1,"user_name":"Admin","item_id":null,"item_name":null,"detail":"image_captured"},{"event_type":"session_open","timestamp":"2026-04-06T23:21:11.115393","reference_id":102,"user_id":1,"user_name":"Admin","item_id":null,"item_name":null,"detail":null},{"event_type":"session_close","timestamp":"2026-04-06T23:19:55.791958","reference_id":101,"user_id":1,"user_name":"Admin","item_id":null,"item_name":null,"detail":"image_captured"},{"event_type":"session_open","timestamp":"2026-04-06T23:15:05.396853","reference_id":101,"user_id":1,"user_name":"Admin","item_id":null,"item_name":null,"detail":null},{"event_type":"session_close","timestamp":"2026-04-06T22:59:40.353343","reference_id":100,"user_id":1,"user_name":"Admin","item_id":null,"item_name":null,"detail":"image_captured"},{"event_type":"session_close","timestamp":"2026-04-06T22:59:31.707111","reference_id":99,"user_id":1,"user_name":"Admin","item_id":null,"item_name":null,"detail":"image_captured"},{"event_type":"session_open","timestamp":"2026-04-06T22:59:27.965502","reference_id":100,"user_id":1,"user_name":"Admin","item_id":null,"item_name":null,"detail":null},{"event_type":"session_open","timestamp":"2026-04-06T22:59:19.191967","reference_id":99,"user_id":1,"user_name":"Admin","item_id":null,"item_name":null,"detail":null},{"event_type":"session_close","timestamp":"2026-04-06T22:57:53.388050","reference_id":98,"user_id":1,"user_name":"Admin","item_id":null,"item_name":null,"detail":"image_captured"},{"event_type":"session_open","timestamp":"2026-04-06T22:57:44.015127","reference_id":98,"user_id":1,"user_name":"Admin","item_id":null,"item_name":null,"detail":null},{"event_type":"session_close","timestamp":"2026-04-06T22:57:34.264346","reference_id":97,"user_id":1,"user_name":"Admin","item_id":null,"item_name":null,"detail":"image_captured"},{"event_type":"session_open","timestamp":"2026-04-06T22:57:27.993066","reference_id":97,"user_id":1,"user_name":"Admin","item_id":null,"item_name":null,"detail":null},{"event_type":"session_close","timestamp":"2026-04-06T22:57:27.652121","reference_id":96,"user_id":1,"user_name":"Admin","item_id":null,"item_name":null,"detail":"image_captured"},{"event_type":"session_open","timestamp":"2026-04-06T22:57:20.132321","reference_id":96,"user_id":1,"user_name":"Admin","item_id":null,"item_name":null,"detail":null},{"event_type":"session_close","timestamp":"2026-04-06T22:57:03.942355","reference_id":95,"user_id":1,"user_name":"Admin","item_id":null,"item_name":null,"detail":"image_captured"},{"event_type":"session_open","timestamp":"2026-04-06T22:56:24.665175","reference_id":95,"user_id":1,"user_name":"Admin","item_id":null,"item_name":null,"detail":null},{"event_type":"borrowing_return","timestamp":"2026-04-06T19:37:09.140455","reference_id":8,"user_id":3,"user_name":"user02","item_id":7,"item_name":"esp32","detail":null},{"event_type":"damage_report","timestamp":"2026-04-06T19:37:09.140455","reference_id":5,"user_id":3,"user_name":"user02","item_id":7,"item_name":"esp32","detail":"Damage Report"},{"event_type":"damage_report_approved","timestamp":"2026-04-06T19:37:09.140455","reference_id":5,"user_id":1,"user_name":"Admin","item_id":7,"item_name":"esp32","detail":"Confirmed by robot test"},{"event_type":"borrowing_return","timestamp":"2026-04-06T19:28:14.285407","reference_id":7,"user_id":3,"user_name":"user02","item_id":7,"item_name":"esp32","detail":null},{"event_type":"damage_report","timestamp":"2026-04-06T19:28:14.285407","reference_id":4,"user_id":3,"user_name":"user02","item_id":7,"item_name":"esp32","detail":"Damage Report"},{"event_type":"damage_report_approved","timestamp":"2026-04-06T19:28:14.285407","reference_id":4,"user_id":1,"user_name":"Admin","item_id":7,"item_name":"esp32","detail":""},{"event_type":"damage_report","timestamp":"2026-04-06T19:24:52.986946","reference_id":3,"user_id":3,"user_name":"user02","item_id":7,"item_name":"esp32","detail":"Damage Report"},{"event_type":"damage_report","timestamp":"2026-04-06T19:23:09.039105","reference_id":2,"user_id":3,"user_name":"user02","item_id":7,"item_name":"esp32","detail":"Damage Report"},{"event_type":"damage_report","timestamp":"2026-04-06T19:21:47.133064","reference_id":1,"user_id":3,"user_name":"user02","item_id":7,"item_name":"esp32","detail":"Damage Report"},{"event_type":"session_close","timestamp":"2026-04-06T17:17:05.913011","reference_id":94,"user_id":1,"user_name":"Admin","item_id":null,"item_name":null,"detail":"image_captured"},{"event_type":"session_open","timestamp":"2026-04-06T17:16:33.172134","reference_id":93,"user_id":1,"user_name":"Admin","item_id":null,"item_name":null,"detail":null},{"event_type":"session_open","timestamp":"2026-04-06T17:16:32.352066","reference_id":92,"user_id":1,"user_name":"Admin","item_id":null,"item_name":null,"detail":null},{"event_type":"session_open","timestamp":"2026-04-06T17:16:27.738931","reference_id":94,"user_id":1,"user_name":"Admin","item_id":null,"item_name":null,"detail":null},{"event_type":"session_close","timestamp":"2026-04-06T16:46:06.245288","reference_id":91,"user_id":1,"user_name":"Admin","item_id":null,"item_name":null,"detail":"image_captured"},{"event_type":"session_open","timestamp":"2026-04-06T16:45:36.040470","reference_id":90,"user_id":1,"user_name":"Admin","item_id":null,"item_name":null,"detail":null},{"event_type":"session_open","timestamp":"2026-04-06T16:45:35.368487","reference_id":89,"user_id":1,"user_name":"Admin","item_id":null,"item_name":null,"detail":null},{"event_type":"session_open","timestamp":"2026-04-06T16:45:30.704744","reference_id":91,"user_id":1,"user_name":"Admin","item_id":null,"item_name":null,"detail":null},{"event_type":"session_close","timestamp":"2026-04-06T16:45:12.124152","reference_id":88,"user_id":1,"user_name":"Admin","item_id":null,"item_name":null,"detail":"image_captured"},{"event_type":"session_close","timestamp":"2026-04-06T16:44:49.543735","reference_id":85,"user_id":2,"user_name":"User01","item_id":null,"item_name":null,"detail":"image_captured"},{"event_type":"session_open","timestamp":"2026-04-06T16:44:48.042273","reference_id... (set the log level to DEBUG or TRACE to see the full content) 
 </msg>
<msg time="2026-04-07T18:58:25.318651" level="INFO">${resp} = &lt;Response [200]&gt;</msg>
<var>${resp}</var>
<arg>api</arg>
<arg>${ACTIVITY_LOG_PATH}</arg>
<arg>headers=${headers}</arg>
<doc>Sends a GET request on a previously created HTTP Session.</doc>
<status status="PASS" start="2026-04-07T18:58:23.057009" elapsed="2.261642"/>
</kw>
<kw name="Set Variable" owner="BuiltIn">
<msg time="2026-04-07T18:58:25.320206" level="INFO">${entries} = [{'event_type': 'session_open', 'timestamp': '2026-04-07T10:28:54.727286', 'reference_id': 118, 'user_id': 1, 'user_name': 'Admin', 'item_id': None, 'item_name': None, 'detail': None}, {'event_type': ...</msg>
<var>${entries}</var>
<arg>${resp.json()}</arg>
<doc>Returns the given values which can then be assigned to a variables.</doc>
<status status="PASS" start="2026-04-07T18:58:25.319654" elapsed="0.000552"/>
</kw>
<kw name="Skip If" owner="BuiltIn">
<arg>len($entries) == 0</arg>
<arg>No activity log entries in DB</arg>
<doc>Skips the rest of the current test if the ``condition`` is True.</doc>
<status status="PASS" start="2026-04-07T18:58:25.321221" elapsed="0.000000"/>
</kw>
<kw name="Set Variable" owner="BuiltIn">
<msg time="2026-04-07T18:58:25.322212" level="INFO">${first} = {'event_type': 'session_open', 'timestamp': '2026-04-07T10:28:54.727286', 'reference_id': 118, 'user_id': 1, 'user_name': 'Admin', 'item_id': None, 'item_name': None, 'detail': None}</msg>
<var>${first}</var>
<arg>${entries}[0]</arg>
<doc>Returns the given values which can then be assigned to a variables.</doc>
<status status="PASS" start="2026-04-07T18:58:25.321221" elapsed="0.000991"/>
</kw>
<kw name="Dictionary Should Contain Key" owner="Collections">
<msg time="2026-04-07T18:58:25.322212" level="INFO">False</msg>
<arg>${first}</arg>
<arg>event_type</arg>
<doc>Fails if ``key`` is not found from ``dictionary``.</doc>
<status status="PASS" start="2026-04-07T18:58:25.322212" elapsed="0.000000"/>
</kw>
<kw name="Dictionary Should Contain Key" owner="Collections">
<msg time="2026-04-07T18:58:25.322212" level="INFO">False</msg>
<arg>${first}</arg>
<arg>user_id</arg>
<doc>Fails if ``key`` is not found from ``dictionary``.</doc>
<status status="PASS" start="2026-04-07T18:58:25.322212" elapsed="0.000000"/>
</kw>
<kw name="Dictionary Should Contain Key" owner="Collections">
<msg time="2026-04-07T18:58:25.322212" level="INFO">False</msg>
<arg>${first}</arg>
<arg>timestamp</arg>
<doc>Fails if ``key`` is not found from ``dictionary``.</doc>
<status status="PASS" start="2026-04-07T18:58:25.322212" elapsed="0.000000"/>
</kw>
<tag>activity-log</tag>
<status status="PASS" start="2026-04-07T18:58:21.712469" elapsed="3.610743"/>
</test>
<kw name="Delete API Session" owner="common" type="TEARDOWN">
<kw name="Delete All Sessions" owner="RequestsLibrary">
<msg time="2026-04-07T18:58:25.324218" level="INFO">Deleting All Sessions</msg>
<doc>Removes all the session objects</doc>
<status status="PASS" start="2026-04-07T18:58:25.324218" elapsed="0.000000"/>
</kw>
<doc>Clean up the shared session.</doc>
<status status="PASS" start="2026-04-07T18:58:25.323212" elapsed="0.001006"/>
</kw>
<doc>System tests for:
  GET /api/activity-log/   (admin only)</doc>
<status status="FAIL" start="2026-04-07T18:58:12.302945" elapsed="13.021273"/>
</suite>
<status status="FAIL" start="2026-04-07T18:55:48.855344" elapsed="156.469871"/>
</suite>
<statistics>
<total>
<stat pass="46" fail="14" skip="1">All Tests</stat>
</total>
<tag>
<stat pass="3" fail="1" skip="0">activity-log</stat>
<stat pass="6" fail="1" skip="0">auth</stat>
<stat pass="8" fail="3" skip="0">borrowings</stat>
<stat pass="9" fail="5" skip="0">damaged-reports</stat>
<stat pass="8" fail="1" skip="1">items</stat>
<stat pass="13" fail="13" skip="1">negative</stat>
<stat pass="6" fail="2" skip="0">sessions</stat>
<stat pass="20" fail="0" skip="0">smoke</stat>
<stat pass="6" fail="1" skip="0">users</stat>
</tag>
<suite>
<stat pass="46" fail="14" skip="1" id="s1" name="Suites">Suites</stat>
<stat pass="6" fail="1" skip="0" id="s1-s1" name="01 Auth">Suites.01 Auth</stat>
<stat pass="8" fail="1" skip="1" id="s1-s2" name="02 Items">Suites.02 Items</stat>
<stat pass="6" fail="1" skip="0" id="s1-s3" name="03 Users">Suites.03 Users</stat>
<stat pass="9" fail="5" skip="0" id="s1-s4" name="04 Damaged Reports">Suites.04 Damaged Reports</stat>
<stat pass="8" fail="3" skip="0" id="s1-s5" name="05 Borrowings">Suites.05 Borrowings</stat>
<stat pass="6" fail="2" skip="0" id="s1-s6" name="06 Sessions">Suites.06 Sessions</stat>
<stat pass="3" fail="1" skip="0" id="s1-s7" name="07 Activity Log">Suites.07 Activity Log</stat>
</suite>
</statistics>
<errors>
<msg time="2026-04-07T18:56:47.569034" level="ERROR">Error in file 'C:\Users\baile\Documents\Coding_spaces\Project\inventory_software\backend\tests\system-tests\suites\04_damaged_reports.robot' on line 153: Setting variable '${EMPTY LIST}' failed: Variable '@{[]}' not found.</msg>
</errors>
</robot>
